Using pre-set license
Built from '2021.3/staging' branch; Version is '2021.3.22f1 (b6c551784ba3) revision 11978065'; Using compiler version '192829333'; Build Type 'Release'
OS: 'Windows 10  (10.0.19044) 64bit Professional' Language: 'ko' Physical Memory: 16280 MB
BatchMode: 1, IsHumanControllingUs: 0, StartBugReporterOnCrash: 0, Is64bit: 1, IsPro: 1

COMMAND LINE ARGUMENTS:
D:\Unity\2021.3.22f1\Editor\Unity.exe
-adb2
-batchMode
-noUpm
-name
AssetImportWorker0
-projectPath
D:/GitHub/Unity/halu99/halu99
-logFile
Logs/AssetImportWorker0.log
-srvPort
62205
Successfully changed project path to: D:/GitHub/Unity/halu99/halu99
D:/GitHub/Unity/halu99/halu99
[UnityMemory] Configuration Parameters - Can be set up in boot.config
    "memorysetup-bucket-allocator-granularity=16"
    "memorysetup-bucket-allocator-bucket-count=8"
    "memorysetup-bucket-allocator-block-size=33554432"
    "memorysetup-bucket-allocator-block-count=8"
    "memorysetup-main-allocator-block-size=16777216"
    "memorysetup-thread-allocator-block-size=16777216"
    "memorysetup-gfx-main-allocator-block-size=16777216"
    "memorysetup-gfx-thread-allocator-block-size=16777216"
    "memorysetup-cache-allocator-block-size=4194304"
    "memorysetup-typetree-allocator-block-size=2097152"
    "memorysetup-profiler-bucket-allocator-granularity=16"
    "memorysetup-profiler-bucket-allocator-bucket-count=8"
    "memorysetup-profiler-bucket-allocator-block-size=33554432"
    "memorysetup-profiler-bucket-allocator-block-count=8"
    "memorysetup-profiler-allocator-block-size=16777216"
    "memorysetup-profiler-editor-allocator-block-size=1048576"
    "memorysetup-temp-allocator-size-main=16777216"
    "memorysetup-job-temp-allocator-block-size=2097152"
    "memorysetup-job-temp-allocator-block-size-background=1048576"
    "memorysetup-job-temp-allocator-reduction-small-platforms=262144"
    "memorysetup-temp-allocator-size-background-worker=32768"
    "memorysetup-temp-allocator-size-job-worker=262144"
    "memorysetup-temp-allocator-size-preload-manager=33554432"
    "memorysetup-temp-allocator-size-nav-mesh-worker=65536"
    "memorysetup-temp-allocator-size-audio-worker=65536"
    "memorysetup-temp-allocator-size-cloud-worker=32768"
    "memorysetup-temp-allocator-size-gi-baking-worker=262144"
    "memorysetup-temp-allocator-size-gfx=262144"
Player connection [21200] Host "[IP] 192.168.123.100 [Port] 0 [Flags] 2 [Guid] 3225192755 [EditorId] 3225192755 [Version] 1048832 [Id] WindowsEditor(7,DESKTOP-12G4CIA) [Debug] 1 [PackageName] WindowsEditor [ProjectName] Editor" joined multi-casting on [225.0.0.222:54997]...

Player connection [21200] Host "[IP] 192.168.123.100 [Port] 0 [Flags] 2 [Guid] 3225192755 [EditorId] 3225192755 [Version] 1048832 [Id] WindowsEditor(7,DESKTOP-12G4CIA) [Debug] 1 [PackageName] WindowsEditor [ProjectName] Editor" joined alternative multi-casting on [225.0.0.222:34997]...

Refreshing native plugins compatible for Editor in 161.53 ms, found 3 plugins.
Preloading 0 native plugins for Editor in 0.00 ms.
Initialize engine version: 2021.3.22f1 (b6c551784ba3)
[Subsystems] Discovering subsystems at path D:/Unity/2021.3.22f1/Editor/Data/Resources/UnitySubsystems
[Subsystems] Discovering subsystems at path D:/GitHub/Unity/halu99/halu99/Assets
GfxDevice: creating device client; threaded=0; jobified=0
Direct3D:
    Version:  Direct3D 11.0 [level 11.1]
    Renderer: NVIDIA GeForce GTX 1050 Ti (ID=0x1c82)
    Vendor:   NVIDIA
    VRAM:     4019 MB
    Driver:   31.0.15.1694
Initialize mono
Mono path[0] = 'D:/Unity/2021.3.22f1/Editor/Data/Managed'
Mono path[1] = 'D:/Unity/2021.3.22f1/Editor/Data/MonoBleedingEdge/lib/mono/unityjit-win32'
Mono config path = 'D:/Unity/2021.3.22f1/Editor/Data/MonoBleedingEdge/etc'
Using monoOptions --debugger-agent=transport=dt_socket,embedding=1,server=y,suspend=n,address=127.0.0.1:56372
Begin MonoManager ReloadAssembly
Registering precompiled unity dll's ...
Register platform support module: D:/Unity/2021.3.22f1/Editor/Data/PlaybackEngines/AndroidPlayer/UnityEditor.Android.Extensions.dll
Register platform support module: D:/Unity/2021.3.22f1/Editor/Data/PlaybackEngines/WindowsStandaloneSupport/UnityEditor.WindowsStandalone.Extensions.dll
Registered in 0.003556 seconds.
Native extension for WindowsStandalone target not found
Native extension for Android target not found
Android Extension - Scanning For ADB Devices 595 ms
Refreshing native plugins compatible for Editor in 157.07 ms, found 3 plugins.
Preloading 0 native plugins for Editor in 0.00 ms.
Mono: successfully reloaded assembly
- Completed reload, in  1.842 seconds
Domain Reload Profiling:
	ReloadAssembly (1843ms)
		BeginReloadAssembly (133ms)
			ExecutionOrderSort (0ms)
			DisableScriptedObjects (0ms)
			BackupInstance (0ms)
			ReleaseScriptingObjects (0ms)
			CreateAndSetChildDomain (2ms)
		EndReloadAssembly (1552ms)
			LoadAssemblies (151ms)
			RebuildTransferFunctionScriptingTraits (0ms)
			SetupTypeCache (289ms)
			ReleaseScriptCaches (0ms)
			RebuildScriptCaches (47ms)
			SetupLoadedEditorAssemblies (1095ms)
				LogAssemblyErrors (0ms)
				InitializePlatformSupportModulesInManaged (710ms)
				SetLoadedEditorAssemblies (0ms)
				RefreshPlugins (157ms)
				BeforeProcessingInitializeOnLoad (2ms)
				ProcessInitializeOnLoadAttributes (144ms)
				ProcessInitializeOnLoadMethodAttributes (82ms)
				AfterProcessingInitializeOnLoad (0ms)
				EditorAssembliesLoaded (0ms)
			ExecutionOrderSort2 (0ms)
			AwakeInstancesAfterBackupRestoration (0ms)
Platform modules already initialized, skipping
Registering precompiled user dll's ...
Registered in 0.004840 seconds.
Begin MonoManager ReloadAssembly
Symbol file LoadedFromMemory doesn't match image D:\GitHub\Unity\halu99\halu99\Library\PackageCache\com.unity.visualscripting@1.8.0\Editor\VisualScripting.Core\Dependencies\YamlDotNet\Unity.VisualScripting.YamlDotNet.dll
Symbol file LoadedFromMemory doesn't match image D:\GitHub\Unity\halu99\halu99\Library\PackageCache\com.unity.visualscripting@1.8.0\Editor\VisualScripting.Core\Dependencies\DotNetZip\Unity.VisualScripting.IonicZip.dll
Native extension for WindowsStandalone target not found
Native extension for Android target not found
Refreshing native plugins compatible for Editor in 0.67 ms, found 3 plugins.
Preloading 0 native plugins for Editor in 0.00 ms.
Mono: successfully reloaded assembly
- Completed reload, in  1.764 seconds
Domain Reload Profiling:
	ReloadAssembly (1766ms)
		BeginReloadAssembly (203ms)
			ExecutionOrderSort (0ms)
			DisableScriptedObjects (10ms)
			BackupInstance (0ms)
			ReleaseScriptingObjects (0ms)
			CreateAndSetChildDomain (38ms)
		EndReloadAssembly (1367ms)
			LoadAssemblies (146ms)
			RebuildTransferFunctionScriptingTraits (0ms)
			SetupTypeCache (448ms)
			ReleaseScriptCaches (2ms)
			RebuildScriptCaches (104ms)
			SetupLoadedEditorAssemblies (554ms)
				LogAssemblyErrors (0ms)
				InitializePlatformSupportModulesInManaged (27ms)
				SetLoadedEditorAssemblies (1ms)
				RefreshPlugins (1ms)
				BeforeProcessingInitializeOnLoad (118ms)
				ProcessInitializeOnLoadAttributes (365ms)
				ProcessInitializeOnLoadMethodAttributes (36ms)
				AfterProcessingInitializeOnLoad (6ms)
				EditorAssembliesLoaded (0ms)
			ExecutionOrderSort2 (0ms)
			AwakeInstancesAfterBackupRestoration (11ms)
Platform modules already initialized, skipping
========================================================================
Worker process is ready to serve import requests
Launched and connected shader compiler UnityShaderCompiler.exe after 0.07 seconds
Refreshing native plugins compatible for Editor in 0.61 ms, found 3 plugins.
Preloading 0 native plugins for Editor in 0.00 ms.
Unloading 3144 Unused Serialized files (Serialized files now loaded: 0)
Unloading 24 unused Assets / (113.9 KB). Loaded Objects now: 3616.
Memory consumption went from 119.7 MB to 119.6 MB.
Total: 5.051600 ms (FindLiveObjects: 0.263400 ms CreateObjectMapping: 0.211900 ms MarkObjects: 4.437000 ms  DeleteObjects: 0.137500 ms)

AssetImportParameters requested are different than current active one (requested -> active):
  custom:video-decoder-ogg-theora: a1e56fd34408186e4bbccfd4996cb3dc -> 
  custom:container-muxer-webm: aa71ff27fc2769a1b78a27578f13a17b -> 
  custom:container-demuxer-webm: 4f35f7cbe854078d1ac9338744f61a02 -> 
  custom:video-encoder-webm-vp8: eb34c28f22e8b96e1ab97ce403110664 -> 
  custom:audio-encoder-webm-vorbis: bf7c407c2cedff20999df2af8eb42d56 -> 
  custom:framework-win-MediaFoundation: 216162199b28c13a410421893ffa2e32 -> 
  custom:container-demuxer-ogg: 62fdf1f143b41e24485cea50d1cbac27 -> 
  custom:video-decoder-webm-vp8: 9c59270c3fd7afecdb556c50c9e8de78 -> 
  custom:audio-decoder-ogg-vorbis: bf7c407c2cedff20999df2af8eb42d56 -> 
========================================================================
Received Import Request.
  Time since last request: 1716615.922258 seconds.
  path: Assets/box/JMO Assets/Cartoon FX Remaster/CFXR Prefabs/Fire/CFXR Fire.prefab
  artifactKey: Guid(043176b6a68be2b43b073aaaa4782c7d) Importer(815301076,1909f56bfc062723c751e8b465ee728b)
Start importing Assets/box/JMO Assets/Cartoon FX Remaster/CFXR Prefabs/Fire/CFXR Fire.prefab using Guid(043176b6a68be2b43b073aaaa4782c7d) Importer(815301076,1909f56bfc062723c751e8b465ee728b)  -> (artifact id: '3c0afe02e99db47bc017dc621dd280d8') in 0.534643 seconds 
========================================================================
Received Import Request.
  Time since last request: 0.000033 seconds.
  path: Assets/box/JMO Assets/Cartoon FX Remaster/CFXR Prefabs/Fire/CFXR2 Firewall A.prefab
  artifactKey: Guid(2af5562ce69fc2d448481a1587a352a5) Importer(815301076,1909f56bfc062723c751e8b465ee728b)
Start importing Assets/box/JMO Assets/Cartoon FX Remaster/CFXR Prefabs/Fire/CFXR2 Firewall A.prefab using Guid(2af5562ce69fc2d448481a1587a352a5) Importer(815301076,1909f56bfc062723c751e8b465ee728b)  -> (artifact id: 'e262064028355667d75930533efcd1d5') in 0.032767 seconds 
========================================================================
Received Import Request.
  Time since last request: 0.000061 seconds.
  path: Assets/box/JMO Assets/Cartoon FX Remaster/CFXR Prefabs/Fire
  artifactKey: Guid(d5a3cc750446bda488ff925846e06a98) Importer(815301076,1909f56bfc062723c751e8b465ee728b)
Start importing Assets/box/JMO Assets/Cartoon FX Remaster/CFXR Prefabs/Fire using Guid(d5a3cc750446bda488ff925846e06a98) Importer(815301076,1909f56bfc062723c751e8b465ee728b)  -> (artifact id: 'd12ec0a325a1f363d1137b6dfa878d41') in 0.006455 seconds 
========================================================================
Received Import Request.
  Time since last request: 0.000023 seconds.
  path: Assets/box/JMO Assets/Cartoon FX Remaster/CFXR Assets/Graphics/cfxr stretch trait hdr ab nosp.mat
  artifactKey: Guid(20fdd157129f03a40ae447534dd4603c) Importer(815301076,1909f56bfc062723c751e8b465ee728b)
Start importing Assets/box/JMO Assets/Cartoon FX Remaster/CFXR Assets/Graphics/cfxr stretch trait hdr ab nosp.mat using Guid(20fdd157129f03a40ae447534dd4603c) Importer(815301076,1909f56bfc062723c751e8b465ee728b)  -> (artifact id: '75ec79aa75e1ab7e98dcde0482ec3fd8') in 0.174972 seconds 
========================================================================
Received Import Request.
  Time since last request: 0.000040 seconds.
  path: Assets/box/JMO Assets/Cartoon FX Remaster/CFXR Prefabs/Explosions/CFXR2 WW Explosion.prefab
  artifactKey: Guid(2e1e9506f5904a64b81744324fb7cd50) Importer(815301076,1909f56bfc062723c751e8b465ee728b)
Start importing Assets/box/JMO Assets/Cartoon FX Remaster/CFXR Prefabs/Explosions/CFXR2 WW Explosion.prefab using Guid(2e1e9506f5904a64b81744324fb7cd50) Importer(815301076,1909f56bfc062723c751e8b465ee728b)  -> (artifact id: '3e55b844efb148f01964cba799f60cd4') in 0.446827 seconds 
========================================================================
Received Import Request.
  Time since last request: 0.000029 seconds.
  path: Assets/box/JMO Assets/Cartoon FX Remaster/CFXR Assets/Graphics/cfxr electric small anim 4x2 hdr.mat
  artifactKey: Guid(b41c12b9e8d21c442affcda9d5c050f7) Importer(815301076,1909f56bfc062723c751e8b465ee728b)
Start importing Assets/box/JMO Assets/Cartoon FX Remaster/CFXR Assets/Graphics/cfxr electric small anim 4x2 hdr.mat using Guid(b41c12b9e8d21c442affcda9d5c050f7) Importer(815301076,1909f56bfc062723c751e8b465ee728b)  -> (artifact id: '9107c689211119c2e4092390aa5e12e7') in 0.020767 seconds 
========================================================================
Received Import Request.
  Time since last request: 0.002537 seconds.
  path: Assets/box/JMO Assets/Cartoon FX Remaster/CFXR Prefabs/Electric/CFXR3 Hit Electric C (Air).prefab
  artifactKey: Guid(6718dc24203da53468af9ada8fef7d6d) Importer(815301076,1909f56bfc062723c751e8b465ee728b)
Start importing Assets/box/JMO Assets/Cartoon FX Remaster/CFXR Prefabs/Electric/CFXR3 Hit Electric C (Air).prefab using Guid(6718dc24203da53468af9ada8fef7d6d) Importer(815301076,1909f56bfc062723c751e8b465ee728b)  -> (artifact id: '6a64b9d3b2c49a6ce7b442c2f90d8f10') in 0.033774 seconds 
========================================================================
Received Import Request.
  Time since last request: 0.000018 seconds.
  path: Assets/box/JMO Assets/Cartoon FX Remaster/CFXR Prefabs/Explosions/CFXR Explosion Smoke 2 Solo (HDR).prefab
  artifactKey: Guid(4bda94453d2ca7444a0fff05b2d425f5) Importer(815301076,1909f56bfc062723c751e8b465ee728b)
Start importing Assets/box/JMO Assets/Cartoon FX Remaster/CFXR Prefabs/Explosions/CFXR Explosion Smoke 2 Solo (HDR).prefab using Guid(4bda94453d2ca7444a0fff05b2d425f5) Importer(815301076,1909f56bfc062723c751e8b465ee728b)  -> (artifact id: '6d2c83a8a7081aa8443a61265626c003') in 0.094867 seconds 
========================================================================
Received Import Request.
  Time since last request: 0.000546 seconds.
  path: Assets/box/JMO Assets/Cartoon FX Remaster/CFXR Prefabs/Fire/CFXR3 Hit Fire B (Air).prefab
  artifactKey: Guid(3ed0d324122d7b24eaec75c55c74aafc) Importer(815301076,1909f56bfc062723c751e8b465ee728b)
Start importing Assets/box/JMO Assets/Cartoon FX Remaster/CFXR Prefabs/Fire/CFXR3 Hit Fire B (Air).prefab using Guid(3ed0d324122d7b24eaec75c55c74aafc) Importer(815301076,1909f56bfc062723c751e8b465ee728b)  -> (artifact id: '92d8c2393f3795e745ae0a2b5363f243') in 0.216733 seconds 
========================================================================
Received Import Request.
  Time since last request: 0.000052 seconds.
  path: Assets/box/JMO Assets/Cartoon FX Remaster/CFXR Prefabs/Fire/CFXR Fire Breath.prefab
  artifactKey: Guid(c4ed38c72957f2241ad144a1614956d9) Importer(815301076,1909f56bfc062723c751e8b465ee728b)
Start importing Assets/box/JMO Assets/Cartoon FX Remaster/CFXR Prefabs/Fire/CFXR Fire Breath.prefab using Guid(c4ed38c72957f2241ad144a1614956d9) Importer(815301076,1909f56bfc062723c751e8b465ee728b)  -> (artifact id: '9c6be0058d935e0717c03b3726a9e6f6') in 0.032404 seconds 
========================================================================
Received Import Request.
  Time since last request: 0.000038 seconds.
  path: Assets/box/JMO Assets/Cartoon FX Remaster/CFXR Assets/Graphics/cfxr spikes impact mesh.asset
  artifactKey: Guid(928806a91d0b01541aa11e36bb755ab7) Importer(815301076,1909f56bfc062723c751e8b465ee728b)
Start importing Assets/box/JMO Assets/Cartoon FX Remaster/CFXR Assets/Graphics/cfxr spikes impact mesh.asset using Guid(928806a91d0b01541aa11e36bb755ab7) Importer(815301076,1909f56bfc062723c751e8b465ee728b)  -> (artifact id: '3a426fe707e49c524390aae573866bc7') in 0.145988 seconds 
========================================================================
Received Import Request.
  Time since last request: 20.836111 seconds.
  path: Assets/box/JMO Assets/Cartoon FX Remaster/CFXR Assets/Graphics/cfxr smoke cloud x4 ab.mat
  artifactKey: Guid(7840d900dc0a4ed4dbcd26e23f064dd8) Importer(815301076,1909f56bfc062723c751e8b465ee728b)
Start importing Assets/box/JMO Assets/Cartoon FX Remaster/CFXR Assets/Graphics/cfxr smoke cloud x4 ab.mat using Guid(7840d900dc0a4ed4dbcd26e23f064dd8) Importer(815301076,1909f56bfc062723c751e8b465ee728b)  -> (artifact id: 'f1f47798fdd87201b65d3833721e7440') in 0.020281 seconds 
========================================================================
Received Import Request.
  Time since last request: 0.000023 seconds.
  path: Assets/box/JMO Assets/Cartoon FX Remaster/CFXR Assets/Graphics/cfxr star ab.mat
  artifactKey: Guid(39029f13e4f0bd94493ed939a7feff9c) Importer(815301076,1909f56bfc062723c751e8b465ee728b)
Start importing Assets/box/JMO Assets/Cartoon FX Remaster/CFXR Assets/Graphics/cfxr star ab.mat using Guid(39029f13e4f0bd94493ed939a7feff9c) Importer(815301076,1909f56bfc062723c751e8b465ee728b)  -> (artifact id: '59c29674c82f7671fe7d6f97be75916a') in 0.098134 seconds 
========================================================================
Received Import Request.
  Time since last request: 0.000044 seconds.
  path: Assets/box/JMO Assets/Cartoon FX Remaster/CFXR Assets/Graphics/cfxr star blurred add.mat
  artifactKey: Guid(a4b2919529f88e345804ef0e7e13b9bf) Importer(815301076,1909f56bfc062723c751e8b465ee728b)
Start importing Assets/box/JMO Assets/Cartoon FX Remaster/CFXR Assets/Graphics/cfxr star blurred add.mat using Guid(a4b2919529f88e345804ef0e7e13b9bf) Importer(815301076,1909f56bfc062723c751e8b465ee728b)  -> (artifact id: '56d2f56b1a87d742a8bfdd86ffae7151') in 0.088332 seconds 
========================================================================
Received Import Request.
  Time since last request: 0.000311 seconds.
  path: Assets/box/JMO Assets/Cartoon FX Remaster/CFXR Assets/Graphics/cfxr smoke cloud x4 crisp dissolve ab.mat
  artifactKey: Guid(211e690ffcd5bf1469e778995a8b144b) Importer(815301076,1909f56bfc062723c751e8b465ee728b)
Start importing Assets/box/JMO Assets/Cartoon FX Remaster/CFXR Assets/Graphics/cfxr smoke cloud x4 crisp dissolve ab.mat using Guid(211e690ffcd5bf1469e778995a8b144b) Importer(815301076,1909f56bfc062723c751e8b465ee728b)  -> (artifact id: '07a1df3941ed4c42aa2d39fc23f97d2b') in 0.035317 seconds 
========================================================================
Received Import Request.
  Time since last request: 0.000018 seconds.
  path: Assets/box/JMO Assets/Cartoon FX Remaster/CFXR Assets/Graphics/cfxr spikes impact dissolve.png
  artifactKey: Guid(1e72721b1694d9941876dee6ff532672) Importer(815301076,1909f56bfc062723c751e8b465ee728b)
Start importing Assets/box/JMO Assets/Cartoon FX Remaster/CFXR Assets/Graphics/cfxr spikes impact dissolve.png using Guid(1e72721b1694d9941876dee6ff532672) Importer(815301076,1909f56bfc062723c751e8b465ee728b)  -> (artifact id: 'bbe40efd3fb29d02d4b049e77abb068e') in 0.069335 seconds 
========================================================================
Received Import Request.
  Time since last request: 0.000068 seconds.
  path: Assets/box/JMO Assets/Cartoon FX Remaster/CFXR Assets/Graphics/cfxr smoke cloud x4 normal.png
  artifactKey: Guid(0608e2018b01b60429ffce642b5c689a) Importer(815301076,1909f56bfc062723c751e8b465ee728b)
Start importing Assets/box/JMO Assets/Cartoon FX Remaster/CFXR Assets/Graphics/cfxr smoke cloud x4 normal.png using Guid(0608e2018b01b60429ffce642b5c689a) Importer(815301076,1909f56bfc062723c751e8b465ee728b)  -> (artifact id: '4c7aae437be152edb572cb28fd01a81e') in 0.086262 seconds 
========================================================================
Received Import Request.
  Time since last request: 0.000024 seconds.
  path: Assets/box/JMO Assets/Cartoon FX Remaster/CFXR Assets/Graphics/cfxr spikes half impact hdr ab.mat
  artifactKey: Guid(82c96ba0983dc1a40b9a0e835c34e75f) Importer(815301076,1909f56bfc062723c751e8b465ee728b)
Start importing Assets/box/JMO Assets/Cartoon FX Remaster/CFXR Assets/Graphics/cfxr spikes half impact hdr ab.mat using Guid(82c96ba0983dc1a40b9a0e835c34e75f) Importer(815301076,1909f56bfc062723c751e8b465ee728b)  -> (artifact id: '5b38e887c268588e32f7b23f9441c70e') in 0.022704 seconds 
========================================================================
Received Import Request.
  Time since last request: 0.000279 seconds.
  path: Assets/box/JMO Assets/Cartoon FX Remaster/CFXR Assets/Graphics/cfxr stretch rectangle ray hdr ab.mat
  artifactKey: Guid(a1efb59804352a2458135e8203cbcc37) Importer(815301076,1909f56bfc062723c751e8b465ee728b)
Start importing Assets/box/JMO Assets/Cartoon FX Remaster/CFXR Assets/Graphics/cfxr stretch rectangle ray hdr ab.mat using Guid(a1efb59804352a2458135e8203cbcc37) Importer(815301076,1909f56bfc062723c751e8b465ee728b)  -> (artifact id: 'f556d2a7c036209965f9ae33373a848d') in 0.021256 seconds 
========================================================================
Received Import Request.
  Time since last request: 0.000021 seconds.
  path: Assets/box/JMO Assets/Cartoon FX Remaster/CFXR Assets/Graphics/cfxr smoke cloud x4 second color underlit ab.mat
  artifactKey: Guid(5005ee354c9f83748aaf746cea1880d9) Importer(815301076,1909f56bfc062723c751e8b465ee728b)
Start importing Assets/box/JMO Assets/Cartoon FX Remaster/CFXR Assets/Graphics/cfxr smoke cloud x4 second color underlit ab.mat using Guid(5005ee354c9f83748aaf746cea1880d9) Importer(815301076,1909f56bfc062723c751e8b465ee728b)  -> (artifact id: '595b126add90437bad676680886f078e') in 0.037977 seconds 
========================================================================
Received Import Request.
  Time since last request: 0.000448 seconds.
  path: Assets/box/JMO Assets/Cartoon FX Remaster/CFXR Assets/Graphics/cfxr spikes impact hdr ab.mat
  artifactKey: Guid(3a85f072ce29bad4f98e0984616fc152) Importer(815301076,1909f56bfc062723c751e8b465ee728b)
Start importing Assets/box/JMO Assets/Cartoon FX Remaster/CFXR Assets/Graphics/cfxr spikes impact hdr ab.mat using Guid(3a85f072ce29bad4f98e0984616fc152) Importer(815301076,1909f56bfc062723c751e8b465ee728b)  -> (artifact id: '471e0dce230f9fe94ec3b468a87782d5') in 0.047232 seconds 
========================================================================
Received Import Request.
  Time since last request: 0.000968 seconds.
  path: Assets/box/JMO Assets/Cartoon FX Remaster/CFXR Assets/Graphics/cfxr smoke cloud x4.png
  artifactKey: Guid(4a4bd2804b2d1ff46ab18baabfc526da) Importer(815301076,1909f56bfc062723c751e8b465ee728b)
Start importing Assets/box/JMO Assets/Cartoon FX Remaster/CFXR Assets/Graphics/cfxr smoke cloud x4.png using Guid(4a4bd2804b2d1ff46ab18baabfc526da) Importer(815301076,1909f56bfc062723c751e8b465ee728b)  -> (artifact id: '3a548da8657ff16e26469f2fb4e30b72') in 0.049189 seconds 
========================================================================
Received Import Request.
  Time since last request: 0.001561 seconds.
  path: Assets/box/JMO Assets/Cartoon FX Remaster/CFXR Assets/Graphics/cfxr smoke cloud x4 dissolve.png
  artifactKey: Guid(c1819aef53deedf40af80257ccb5b1a8) Importer(815301076,1909f56bfc062723c751e8b465ee728b)
Start importing Assets/box/JMO Assets/Cartoon FX Remaster/CFXR Assets/Graphics/cfxr smoke cloud x4 dissolve.png using Guid(c1819aef53deedf40af80257ccb5b1a8) Importer(815301076,1909f56bfc062723c751e8b465ee728b)  -> (artifact id: 'd765b1b84881ef49886ae1055bec252a') in 0.025444 seconds 
========================================================================
Received Import Request.
  Time since last request: 0.000043 seconds.
  path: Assets/box/JMO Assets/Cartoon FX Remaster/CFXR Assets/Graphics/cfxr stretch ray blur.png
  artifactKey: Guid(ea08f0da7f459e147ba80e6dd6e38bb9) Importer(815301076,1909f56bfc062723c751e8b465ee728b)
Start importing Assets/box/JMO Assets/Cartoon FX Remaster/CFXR Assets/Graphics/cfxr stretch ray blur.png using Guid(ea08f0da7f459e147ba80e6dd6e38bb9) Importer(815301076,1909f56bfc062723c751e8b465ee728b)  -> (artifact id: 'bd4899d49770ac4760394ffc5209e460') in 0.040994 seconds 
========================================================================
Received Import Request.
  Time since last request: 0.001116 seconds.
  path: Assets/box/JMO Assets/Cartoon FX Remaster/CFXR Assets/Graphics/cfxr stretch rectangle ray.png
  artifactKey: Guid(6169cfc312e54a94ba501b9c3a5d7357) Importer(815301076,1909f56bfc062723c751e8b465ee728b)
Start importing Assets/box/JMO Assets/Cartoon FX Remaster/CFXR Assets/Graphics/cfxr stretch rectangle ray.png using Guid(6169cfc312e54a94ba501b9c3a5d7357) Importer(815301076,1909f56bfc062723c751e8b465ee728b)  -> (artifact id: '3ea5db41ddb2d22224fd21b893cb7c5b') in 0.030974 seconds 
========================================================================
Received Import Request.
  Time since last request: 0.000020 seconds.
  path: Assets/box/JMO Assets/Cartoon FX Remaster/CFXR Assets/Graphics/cfxr stretch rain blur.png
  artifactKey: Guid(a0e7dff5c9a656b4395f3cbc90ceac51) Importer(815301076,1909f56bfc062723c751e8b465ee728b)
Start importing Assets/box/JMO Assets/Cartoon FX Remaster/CFXR Assets/Graphics/cfxr stretch rain blur.png using Guid(a0e7dff5c9a656b4395f3cbc90ceac51) Importer(815301076,1909f56bfc062723c751e8b465ee728b)  -> (artifact id: 'df18a846aea6d949148a460525b83954') in 0.027359 seconds 
========================================================================
Received Import Request.
  Time since last request: 0.009508 seconds.
  path: Assets/box/JMO Assets/Cartoon FX Remaster/CFXR Assets/Graphics/cfxr stretch rectangle ray ab.mat
  artifactKey: Guid(d2e32673805f8974a888782e19aa2bbf) Importer(815301076,1909f56bfc062723c751e8b465ee728b)
Start importing Assets/box/JMO Assets/Cartoon FX Remaster/CFXR Assets/Graphics/cfxr stretch rectangle ray ab.mat using Guid(d2e32673805f8974a888782e19aa2bbf) Importer(815301076,1909f56bfc062723c751e8b465ee728b)  -> (artifact id: '4e144eca3c5c7f52aecd5fe4b3c165ab') in 0.061799 seconds 
========================================================================
Received Import Request.
  Time since last request: 0.000141 seconds.
  path: Assets/box/JMO Assets/Cartoon FX Remaster/CFXR Assets/Graphics/cfxr stretch flamme crisp.png
  artifactKey: Guid(221462f4c3da8604c9dcc63641989a98) Importer(815301076,1909f56bfc062723c751e8b465ee728b)
Start importing Assets/box/JMO Assets/Cartoon FX Remaster/CFXR Assets/Graphics/cfxr stretch flamme crisp.png using Guid(221462f4c3da8604c9dcc63641989a98) Importer(815301076,1909f56bfc062723c751e8b465ee728b)  -> (artifact id: '275b1e3f108c39258d61fe29626c1ae4') in 0.048021 seconds 
========================================================================
Received Import Request.
  Time since last request: 0.000510 seconds.
  path: Assets/box/JMO Assets/Cartoon FX Remaster/CFXR Assets/Graphics/cfxr spikes impact.png
  artifactKey: Guid(ac41fdcd17fc3634c80841c01775dd35) Importer(815301076,1909f56bfc062723c751e8b465ee728b)
Start importing Assets/box/JMO Assets/Cartoon FX Remaster/CFXR Assets/Graphics/cfxr spikes impact.png using Guid(ac41fdcd17fc3634c80841c01775dd35) Importer(815301076,1909f56bfc062723c751e8b465ee728b)  -> (artifact id: '3bf957363ac063e164ff3278a122d6fe') in 0.027797 seconds 
========================================================================
Received Import Request.
  Time since last request: 0.000040 seconds.
  path: Assets/box/JMO Assets/Cartoon FX Remaster/CFXR Assets/Graphics/cfxr smoke cloud x4 second color.png
  artifactKey: Guid(5a93bc51afc11864393e806e706c3b19) Importer(815301076,1909f56bfc062723c751e8b465ee728b)
Start importing Assets/box/JMO Assets/Cartoon FX Remaster/CFXR Assets/Graphics/cfxr smoke cloud x4 second color.png using Guid(5a93bc51afc11864393e806e706c3b19) Importer(815301076,1909f56bfc062723c751e8b465ee728b)  -> (artifact id: '469f4a1acfb0ec73dada42900f56ecc7') in 0.040871 seconds 
========================================================================
Received Import Request.
  Time since last request: 0.001164 seconds.
  path: Assets/box/JMO Assets/Cartoon FX Remaster/CFXR Assets/Graphics/cfxr stretch flamme crisp dissolve.png
  artifactKey: Guid(bad5d0fa763e08742a9f746be9781732) Importer(815301076,1909f56bfc062723c751e8b465ee728b)
Start importing Assets/box/JMO Assets/Cartoon FX Remaster/CFXR Assets/Graphics/cfxr stretch flamme crisp dissolve.png using Guid(bad5d0fa763e08742a9f746be9781732) Importer(815301076,1909f56bfc062723c751e8b465ee728b)  -> (artifact id: '732635a3d389848000ceceda2b0b67b8') in 0.033925 seconds 
========================================================================
Received Import Request.
  Time since last request: 0.000020 seconds.
  path: Assets/box/JMO Assets/Cartoon FX Remaster/CFXR Assets/Graphics/cfxr stretch sipkes x2 mesh.asset
  artifactKey: Guid(a0ee99ac161e4ba45b09ccd7072aed4b) Importer(815301076,1909f56bfc062723c751e8b465ee728b)
Start importing Assets/box/JMO Assets/Cartoon FX Remaster/CFXR Assets/Graphics/cfxr stretch sipkes x2 mesh.asset using Guid(a0ee99ac161e4ba45b09ccd7072aed4b) Importer(815301076,1909f56bfc062723c751e8b465ee728b)  -> (artifact id: '413de5107b18c2a468341a085a9622af') in 0.044574 seconds 
========================================================================
Received Import Request.
  Time since last request: 0.000025 seconds.
  path: Assets/box/JMO Assets/Cartoon FX Remaster/CFXR Assets/Graphics/cfxr stretch rain blur ab.mat
  artifactKey: Guid(f2beba2f11be47c4b93abe40da54b177) Importer(815301076,1909f56bfc062723c751e8b465ee728b)
Start importing Assets/box/JMO Assets/Cartoon FX Remaster/CFXR Assets/Graphics/cfxr stretch rain blur ab.mat using Guid(f2beba2f11be47c4b93abe40da54b177) Importer(815301076,1909f56bfc062723c751e8b465ee728b)  -> (artifact id: '49f395c6c224fba61ae21cd1aac01ebb') in 0.048288 seconds 
========================================================================
Received Import Request.
  Time since last request: 0.000299 seconds.
  path: Assets/box/JMO Assets/Cartoon FX Remaster/CFXR Assets/Graphics/cfxr stretch rectangle ray blur hdr ab.mat
  artifactKey: Guid(fb2beee5db2731d46b9243941fc0c31e) Importer(815301076,1909f56bfc062723c751e8b465ee728b)
Start importing Assets/box/JMO Assets/Cartoon FX Remaster/CFXR Assets/Graphics/cfxr stretch rectangle ray blur hdr ab.mat using Guid(fb2beee5db2731d46b9243941fc0c31e) Importer(815301076,1909f56bfc062723c751e8b465ee728b)  -> (artifact id: '1920eafa2b1aa4fef5ef645dcffa62ae') in 0.036596 seconds 
========================================================================
Received Import Request.
  Time since last request: 0.000024 seconds.
  path: Assets/box/JMO Assets/Cartoon FX Remaster/CFXR Assets/Graphics/cfxr stretch fire crisp fade hdr ab.mat
  artifactKey: Guid(2e32f93f5ce765e47b0cabd37ce2b73d) Importer(815301076,1909f56bfc062723c751e8b465ee728b)
Start importing Assets/box/JMO Assets/Cartoon FX Remaster/CFXR Assets/Graphics/cfxr stretch fire crisp fade hdr ab.mat using Guid(2e32f93f5ce765e47b0cabd37ce2b73d) Importer(815301076,1909f56bfc062723c751e8b465ee728b)  -> (artifact id: '55be0a9ae3f2532b09e425549ad6c132') in 0.033942 seconds 
========================================================================
Received Import Request.
  Time since last request: 0.000021 seconds.
  path: Assets/box/JMO Assets/Cartoon FX Remaster/CFXR Assets/Graphics/cfxr stretch rectangle ray blur add.mat
  artifactKey: Guid(0a760562f145a5643b3f7f0a60377141) Importer(815301076,1909f56bfc062723c751e8b465ee728b)
Start importing Assets/box/JMO Assets/Cartoon FX Remaster/CFXR Assets/Graphics/cfxr stretch rectangle ray blur add.mat using Guid(0a760562f145a5643b3f7f0a60377141) Importer(815301076,1909f56bfc062723c751e8b465ee728b)  -> (artifact id: '977ba4647b386bc6273e4bdf43db1319') in 0.027117 seconds 
========================================================================
Received Import Request.
  Time since last request: 0.000019 seconds.
  path: Assets/box/JMO Assets/Cartoon FX Remaster/CFXR Assets/Graphics/cfxr spikes impact add.mat
  artifactKey: Guid(04d0f020002082e4db140d8c0954e83e) Importer(815301076,1909f56bfc062723c751e8b465ee728b)
Start importing Assets/box/JMO Assets/Cartoon FX Remaster/CFXR Assets/Graphics/cfxr spikes impact add.mat using Guid(04d0f020002082e4db140d8c0954e83e) Importer(815301076,1909f56bfc062723c751e8b465ee728b)  -> (artifact id: '558ec774d15129fb174247d65551510a') in 0.017893 seconds 
========================================================================
Received Import Request.
  Time since last request: 0.000026 seconds.
  path: Assets/box/JMO Assets/Cartoon FX Remaster/CFXR Assets/Graphics/cfxr spikes impact dissolve hdr ab.mat
  artifactKey: Guid(0762aad6c86c7184482fd5c0cdea3b0e) Importer(815301076,1909f56bfc062723c751e8b465ee728b)
Start importing Assets/box/JMO Assets/Cartoon FX Remaster/CFXR Assets/Graphics/cfxr spikes impact dissolve hdr ab.mat using Guid(0762aad6c86c7184482fd5c0cdea3b0e) Importer(815301076,1909f56bfc062723c751e8b465ee728b)  -> (artifact id: '5f65281da1598728280e05934989b239') in 0.079020 seconds 
========================================================================
Received Import Request.
  Time since last request: 3.474822 seconds.
  path: Assets/CFXR Explosion 1.prefab
  artifactKey: Guid(3ef3ae421f71c5c4e97fe12dc2fc6312) Importer(815301076,1909f56bfc062723c751e8b465ee728b)
Start importing Assets/CFXR Explosion 1.prefab using Guid(3ef3ae421f71c5c4e97fe12dc2fc6312) Importer(815301076,1909f56bfc062723c751e8b465ee728b)  -> (artifact id: '25b8db0ed6078532fe421251e918e2d1') in 0.224366 seconds 
========================================================================
Received Import Request.
  Time since last request: 9.834427 seconds.
  path: Assets/box/JMO Assets/Cartoon FX Remaster/CFXR Assets/Graphics/cfxr stretch skull.png
  artifactKey: Guid(e22e3ce7ca869a543a53b43e66618963) Importer(815301076,1909f56bfc062723c751e8b465ee728b)
Start importing Assets/box/JMO Assets/Cartoon FX Remaster/CFXR Assets/Graphics/cfxr stretch skull.png using Guid(e22e3ce7ca869a543a53b43e66618963) Importer(815301076,1909f56bfc062723c751e8b465ee728b)  -> (artifact id: '3ed5ae46d556925dc64c41bfb7342355') in 0.046683 seconds 
========================================================================
Received Import Request.
  Time since last request: 0.000029 seconds.
  path: Assets/box/JMO Assets/Cartoon FX Remaster/CFXR Assets/Graphics/cfxr stretch smoke arc dissolve.png
  artifactKey: Guid(e79e0214c94f11d48a90f90768737ef9) Importer(815301076,1909f56bfc062723c751e8b465ee728b)
Start importing Assets/box/JMO Assets/Cartoon FX Remaster/CFXR Assets/Graphics/cfxr stretch smoke arc dissolve.png using Guid(e79e0214c94f11d48a90f90768737ef9) Importer(815301076,1909f56bfc062723c751e8b465ee728b)  -> (artifact id: '789937815046f2c2052e1a855333ed29') in 0.059317 seconds 
========================================================================
Received Import Request.
  Time since last request: 0.000144 seconds.
  path: Assets/box/JMO Assets/Cartoon FX Remaster/CFXR Assets/Graphics/cfxr stretch triangle to diamond add.mat
  artifactKey: Guid(6736a9c9adab91a48960113bc5758c7b) Importer(815301076,1909f56bfc062723c751e8b465ee728b)
Start importing Assets/box/JMO Assets/Cartoon FX Remaster/CFXR Assets/Graphics/cfxr stretch triangle to diamond add.mat using Guid(6736a9c9adab91a48960113bc5758c7b) Importer(815301076,1909f56bfc062723c751e8b465ee728b)  -> (artifact id: 'd6165f00936a061070d9728463b9e8c6') in 0.161905 seconds 
========================================================================
Received Import Request.
  Time since last request: 0.005726 seconds.
  path: Assets/box/JMO Assets/Cartoon FX Remaster/CFXR Assets/Graphics/cfxr sword trail ice.mat
  artifactKey: Guid(5e2873ecce8ff4d438870b16c581b2e9) Importer(815301076,1909f56bfc062723c751e8b465ee728b)
Start importing Assets/box/JMO Assets/Cartoon FX Remaster/CFXR Assets/Graphics/cfxr sword trail ice.mat using Guid(5e2873ecce8ff4d438870b16c581b2e9) Importer(815301076,1909f56bfc062723c751e8b465ee728b)  -> (artifact id: '9615676bce06ebe3d2b64feacbd1a64d') in 0.678357 seconds 
========================================================================
Received Import Request.
  Time since last request: 0.007915 seconds.
  path: Assets/box/JMO Assets/Cartoon FX Remaster/CFXR Assets/Graphics/cfxr water drop blur anim ab.mat
  artifactKey: Guid(35237ea33857dfc4e86c96692e18cd71) Importer(815301076,1909f56bfc062723c751e8b465ee728b)
Start importing Assets/box/JMO Assets/Cartoon FX Remaster/CFXR Assets/Graphics/cfxr water drop blur anim ab.mat using Guid(35237ea33857dfc4e86c96692e18cd71) Importer(815301076,1909f56bfc062723c751e8b465ee728b)  -> (artifact id: '7a8e017393dd09aef71698cf45b0d904') in 0.183939 seconds 
========================================================================
Received Import Request.
  Time since last request: 0.000022 seconds.
  path: Assets/box/JMO Assets/Cartoon FX Remaster/CFXR Assets/Graphics/cfxr stretch spike fade add.mat
  artifactKey: Guid(b9815bbe84bbafb469825c25a64c229a) Importer(815301076,1909f56bfc062723c751e8b465ee728b)
Start importing Assets/box/JMO Assets/Cartoon FX Remaster/CFXR Assets/Graphics/cfxr stretch spike fade add.mat using Guid(b9815bbe84bbafb469825c25a64c229a) Importer(815301076,1909f56bfc062723c751e8b465ee728b)  -> (artifact id: '14dcd8bec186c1a8b8a627b08407a279') in 0.031446 seconds 
========================================================================
Received Import Request.
  Time since last request: 0.011560 seconds.
  path: Assets/box/JMO Assets/Cartoon FX Remaster/CFXR Assets/Graphics/cfxr sword trail tech.mat
  artifactKey: Guid(98a37e62d72196e409812a54c3cdd8a5) Importer(815301076,1909f56bfc062723c751e8b465ee728b)
Start importing Assets/box/JMO Assets/Cartoon FX Remaster/CFXR Assets/Graphics/cfxr sword trail tech.mat using Guid(98a37e62d72196e409812a54c3cdd8a5) Importer(815301076,1909f56bfc062723c751e8b465ee728b)  -> (artifact id: '718f6fbbb9cee8cbe7d50d0a289ed63b') in 0.026894 seconds 
========================================================================
Received Import Request.
  Time since last request: 0.000643 seconds.
  path: Assets/box/JMO Assets/Cartoon FX Remaster/CFXR Assets/Graphics/cfxr stretch triangle smooth nosp ab.mat
  artifactKey: Guid(79d590b9f60f0114d9f0c1686411167e) Importer(815301076,1909f56bfc062723c751e8b465ee728b)
Start importing Assets/box/JMO Assets/Cartoon FX Remaster/CFXR Assets/Graphics/cfxr stretch triangle smooth nosp ab.mat using Guid(79d590b9f60f0114d9f0c1686411167e) Importer(815301076,1909f56bfc062723c751e8b465ee728b)  -> (artifact id: 'd937a1d839054f1863378f8c1f2dc133') in 0.090759 seconds 
========================================================================
Received Import Request.
  Time since last request: 0.000288 seconds.
  path: Assets/box/JMO Assets/Cartoon FX Remaster/CFXR Assets/Graphics/cfxr water drop blur anim hdr ab.mat
  artifactKey: Guid(9ff4585d5d3df2945b6b02ee4ff389bb) Importer(815301076,1909f56bfc062723c751e8b465ee728b)
Start importing Assets/box/JMO Assets/Cartoon FX Remaster/CFXR Assets/Graphics/cfxr water drop blur anim hdr ab.mat using Guid(9ff4585d5d3df2945b6b02ee4ff389bb) Importer(815301076,1909f56bfc062723c751e8b465ee728b)  -> (artifact id: 'cca05270d13ad868817c4fbff415197f') in 0.080426 seconds 
========================================================================
Received Import Request.
  Time since last request: 0.000359 seconds.
  path: Assets/box/JMO Assets/Cartoon FX Remaster/CFXR Assets/Graphics/cfxr stretch spikes smooth x2 hdr ab.mat
  artifactKey: Guid(e78955b2cfcfa73479b0cfe8e7ba17f5) Importer(815301076,1909f56bfc062723c751e8b465ee728b)
Start importing Assets/box/JMO Assets/Cartoon FX Remaster/CFXR Assets/Graphics/cfxr stretch spikes smooth x2 hdr ab.mat using Guid(e78955b2cfcfa73479b0cfe8e7ba17f5) Importer(815301076,1909f56bfc062723c751e8b465ee728b)  -> (artifact id: 'def39605b28ee03e4b0dc4948702020b') in 0.025110 seconds 
========================================================================
Received Import Request.
  Time since last request: 0.000018 seconds.
  path: Assets/box/JMO Assets/Cartoon FX Remaster/CFXR Assets/Graphics/cfxr sword trail light.mat
  artifactKey: Guid(ecda7c5e4daf18347bb18f7b90e02fd1) Importer(815301076,1909f56bfc062723c751e8b465ee728b)
Start importing Assets/box/JMO Assets/Cartoon FX Remaster/CFXR Assets/Graphics/cfxr sword trail light.mat using Guid(ecda7c5e4daf18347bb18f7b90e02fd1) Importer(815301076,1909f56bfc062723c751e8b465ee728b)  -> (artifact id: '755596ed8314a069d9ba55fc5b399167') in 0.023365 seconds 
========================================================================
Received Import Request.
  Time since last request: 0.000528 seconds.
  path: Assets/box/JMO Assets/Cartoon FX Remaster/CFXR Assets/Graphics/cfxr sword trail noise bubbles.png
  artifactKey: Guid(b0c552b9a0531564dbf486ea02aab0e8) Importer(815301076,1909f56bfc062723c751e8b465ee728b)
Start importing Assets/box/JMO Assets/Cartoon FX Remaster/CFXR Assets/Graphics/cfxr sword trail noise bubbles.png using Guid(b0c552b9a0531564dbf486ea02aab0e8) Importer(815301076,1909f56bfc062723c751e8b465ee728b)  -> (artifact id: 'f2b1717797571551df47eeff77d0b7c5') in 0.033946 seconds 
========================================================================
Received Import Request.
  Time since last request: 0.003324 seconds.
  path: Assets/box/JMO Assets/Cartoon FX Remaster/CFXR Assets/Graphics/cfxr uv distortion fire perlin.png
  artifactKey: Guid(7c423e707e7388d4f951b065d66bf7dd) Importer(815301076,1909f56bfc062723c751e8b465ee728b)
Start importing Assets/box/JMO Assets/Cartoon FX Remaster/CFXR Assets/Graphics/cfxr uv distortion fire perlin.png using Guid(7c423e707e7388d4f951b065d66bf7dd) Importer(815301076,1909f56bfc062723c751e8b465ee728b)  -> (artifact id: '8864284823a8af64790eaa545309cfd8') in 0.025216 seconds 
========================================================================
Received Import Request.
  Time since last request: 0.014864 seconds.
  path: Assets/box/JMO Assets/Cartoon FX Remaster/CFXR Assets/Graphics/cfxr stretch trait blur ab.mat
  artifactKey: Guid(995e2324eb1b03f4babb8105764afa89) Importer(815301076,1909f56bfc062723c751e8b465ee728b)
Start importing Assets/box/JMO Assets/Cartoon FX Remaster/CFXR Assets/Graphics/cfxr stretch trait blur ab.mat using Guid(995e2324eb1b03f4babb8105764afa89) Importer(815301076,1909f56bfc062723c751e8b465ee728b)  -> (artifact id: '7c78894a553ae4b63c94f1c50426c555') in 0.065120 seconds 
========================================================================
Received Import Request.
  Time since last request: 0.004510 seconds.
  path: Assets/box/JMO Assets/Cartoon FX Remaster/CFXR Assets/Graphics/cfxr sword trail noise tech.png
  artifactKey: Guid(7bdef6750b9903840adfc6846382f0d1) Importer(815301076,1909f56bfc062723c751e8b465ee728b)
Start importing Assets/box/JMO Assets/Cartoon FX Remaster/CFXR Assets/Graphics/cfxr sword trail noise tech.png using Guid(7bdef6750b9903840adfc6846382f0d1) Importer(815301076,1909f56bfc062723c751e8b465ee728b)  -> (artifact id: '886618fc3b31a430bf7c22c137938b36') in 0.036169 seconds 
========================================================================
Received Import Request.
  Time since last request: 1.016088 seconds.
  path: Assets/cfxr stretch trait ab.mat
  artifactKey: Guid(dbc2ae6c61d51b04ea1a55fbeff6341e) Importer(815301076,1909f56bfc062723c751e8b465ee728b)
Start importing Assets/cfxr stretch trait ab.mat using Guid(dbc2ae6c61d51b04ea1a55fbeff6341e) Importer(815301076,1909f56bfc062723c751e8b465ee728b)  -> (artifact id: '087078b798c930982c5eba31d55d6120') in 0.023999 seconds 
========================================================================
Received Import Request.
  Time since last request: 10.867216 seconds.
  path: Assets/box/JMO Assets/Cartoon FX Remaster/CFXR Assets/Graphics/cfxr smiley happy.png
  artifactKey: Guid(0316052264c4a3b428cbbd2605699ec2) Importer(815301076,1909f56bfc062723c751e8b465ee728b)
Start importing Assets/box/JMO Assets/Cartoon FX Remaster/CFXR Assets/Graphics/cfxr smiley happy.png using Guid(0316052264c4a3b428cbbd2605699ec2) Importer(815301076,1909f56bfc062723c751e8b465ee728b)  -> (artifact id: '8e5643414beded8f713c780f928720cc') in 0.078734 seconds 
========================================================================
Received Import Request.
  Time since last request: 0.000027 seconds.
  path: Assets/box/JMO Assets/Cartoon FX Remaster/CFXR Assets/Graphics/cfxr smiley smile.png
  artifactKey: Guid(e0920f0cd8cdcc54dae4bf8edd8797b2) Importer(815301076,1909f56bfc062723c751e8b465ee728b)
Start importing Assets/box/JMO Assets/Cartoon FX Remaster/CFXR Assets/Graphics/cfxr smiley smile.png using Guid(e0920f0cd8cdcc54dae4bf8edd8797b2) Importer(815301076,1909f56bfc062723c751e8b465ee728b)  -> (artifact id: 'fab4aa6fe05e6bb83204b9f084437ed3') in 0.030565 seconds 
========================================================================
Received Import Request.
  Time since last request: 0.000034 seconds.
  path: Assets/box/JMO Assets/Cartoon FX Remaster/CFXR Assets/Graphics/cfxr smoke cloud x4 ab lit soft individual mid shadow.mat
  artifactKey: Guid(6444139dd170a7249acc68e412bfd00f) Importer(815301076,1909f56bfc062723c751e8b465ee728b)
Start importing Assets/box/JMO Assets/Cartoon FX Remaster/CFXR Assets/Graphics/cfxr smoke cloud x4 ab lit soft individual mid shadow.mat using Guid(6444139dd170a7249acc68e412bfd00f) Importer(815301076,1909f56bfc062723c751e8b465ee728b)  -> (artifact id: 'f4580667779e3aacb41f28155e7ac407') in 0.279666 seconds 
========================================================================
Received Import Request.
  Time since last request: 0.000028 seconds.
  path: Assets/box/JMO Assets/Cartoon FX Remaster/CFXR Assets/Graphics/cfxr smoke cloud x4 ab lit soft individual bright shadow.mat
  artifactKey: Guid(2cb5eb823b3ed694da756f5a2070e45d) Importer(815301076,1909f56bfc062723c751e8b465ee728b)
Start importing Assets/box/JMO Assets/Cartoon FX Remaster/CFXR Assets/Graphics/cfxr smoke cloud x4 ab lit soft individual bright shadow.mat using Guid(2cb5eb823b3ed694da756f5a2070e45d) Importer(815301076,1909f56bfc062723c751e8b465ee728b)  -> (artifact id: '995567dad3437586e61f9b807c58ea88') in 0.024805 seconds 
========================================================================
Received Import Request.
  Time since last request: 0.000037 seconds.
  path: Assets/box/JMO Assets/Cartoon FX Remaster/CFXR Assets/Graphics/cfxr smoke cloud corner ab.mat
  artifactKey: Guid(59cf83a58db62b64bba7b9a6275da6af) Importer(815301076,1909f56bfc062723c751e8b465ee728b)
Start importing Assets/box/JMO Assets/Cartoon FX Remaster/CFXR Assets/Graphics/cfxr smoke cloud corner ab.mat using Guid(59cf83a58db62b64bba7b9a6275da6af) Importer(815301076,1909f56bfc062723c751e8b465ee728b)  -> (artifact id: 'a6799208f9189288e902ebdbe15f2b5b') in 0.025639 seconds 
========================================================================
Received Import Request.
  Time since last request: 4.726640 seconds.
  path: Assets/box/JMO Assets/Cartoon FX Remaster/CFXR Assets/Graphics/cfxr perlin smudge.png
  artifactKey: Guid(af4c21dd7781b7f4da5276e74b012890) Importer(815301076,1909f56bfc062723c751e8b465ee728b)
Start importing Assets/box/JMO Assets/Cartoon FX Remaster/CFXR Assets/Graphics/cfxr perlin smudge.png using Guid(af4c21dd7781b7f4da5276e74b012890) Importer(815301076,1909f56bfc062723c751e8b465ee728b)  -> (artifact id: 'b4d3dd85d56987c3f741b65f4f456636') in 0.065884 seconds 
========================================================================
Received Import Request.
  Time since last request: 0.000026 seconds.
  path: Assets/box/JMO Assets/Cartoon FX Remaster/CFXR Assets/Graphics/cfxr ring spikes revert.png
  artifactKey: Guid(bcd4f0c1c99fcfe42bd88ec27630ff17) Importer(815301076,1909f56bfc062723c751e8b465ee728b)
Start importing Assets/box/JMO Assets/Cartoon FX Remaster/CFXR Assets/Graphics/cfxr ring spikes revert.png using Guid(bcd4f0c1c99fcfe42bd88ec27630ff17) Importer(815301076,1909f56bfc062723c751e8b465ee728b)  -> (artifact id: 'b2596a01449233f2eaf30a4d1f41358d') in 0.048843 seconds 
========================================================================
Received Import Request.
  Time since last request: 0.011270 seconds.
  path: Assets/box/JMO Assets/Cartoon FX Remaster/CFXR Assets/Graphics/cfxr screen distortion sphere.mat
  artifactKey: Guid(a6df8f0b716259a419119383db26d8bf) Importer(815301076,1909f56bfc062723c751e8b465ee728b)
Start importing Assets/box/JMO Assets/Cartoon FX Remaster/CFXR Assets/Graphics/cfxr screen distortion sphere.mat using Guid(a6df8f0b716259a419119383db26d8bf) Importer(815301076,1909f56bfc062723c751e8b465ee728b)  -> (artifact id: '3ccc311ee3c0e52c9b92c9a00a1ff775') in 0.120892 seconds 
========================================================================
Received Import Request.
  Time since last request: 0.019730 seconds.
  path: Assets/box/JMO Assets/Cartoon FX Remaster/CFXR Assets/Graphics/cfxr ring ice.png
  artifactKey: Guid(a19154c5a84e906469922890c029a7f8) Importer(815301076,1909f56bfc062723c751e8b465ee728b)
Start importing Assets/box/JMO Assets/Cartoon FX Remaster/CFXR Assets/Graphics/cfxr ring ice.png using Guid(a19154c5a84e906469922890c029a7f8) Importer(815301076,1909f56bfc062723c751e8b465ee728b)  -> (artifact id: 'f8bf5c0f04edceea9729f406fb3bad0d') in 0.037352 seconds 
========================================================================
Received Import Request.
  Time since last request: 0.000348 seconds.
  path: Assets/box/JMO Assets/Cartoon FX Remaster/CFXR Assets/Graphics/cfxr proc ring local space add.mat
  artifactKey: Guid(cdad1b7ca29dbf2408c5900bd6cc5a8f) Importer(815301076,1909f56bfc062723c751e8b465ee728b)
Start importing Assets/box/JMO Assets/Cartoon FX Remaster/CFXR Assets/Graphics/cfxr proc ring local space add.mat using Guid(cdad1b7ca29dbf2408c5900bd6cc5a8f) Importer(815301076,1909f56bfc062723c751e8b465ee728b)  -> (artifact id: '9aefd9bd505295fe5bf2d5b23509314f') in 0.120695 seconds 
========================================================================
Received Import Request.
  Time since last request: 0.000025 seconds.
  path: Assets/box/JMO Assets/Cartoon FX Remaster/CFXR Assets/Graphics/cfxr proc glow soft p4 add.mat
  artifactKey: Guid(a79d1a32a9adbbf4a9791a6dfb84f5fb) Importer(815301076,1909f56bfc062723c751e8b465ee728b)
Start importing Assets/box/JMO Assets/Cartoon FX Remaster/CFXR Assets/Graphics/cfxr proc glow soft p4 add.mat using Guid(a79d1a32a9adbbf4a9791a6dfb84f5fb) Importer(815301076,1909f56bfc062723c751e8b465ee728b)  -> (artifact id: '05d42154f08208bfe9524cee11addb5c') in 0.100107 seconds 
========================================================================
Received Import Request.
  Time since last request: 0.005908 seconds.
  path: Assets/box/JMO Assets/Cartoon FX Remaster/CFXR Assets/Graphics/cfxr ring arc.png
  artifactKey: Guid(b0c00eedf1e61d742bf5a97f9ae59b75) Importer(815301076,1909f56bfc062723c751e8b465ee728b)
Start importing Assets/box/JMO Assets/Cartoon FX Remaster/CFXR Assets/Graphics/cfxr ring arc.png using Guid(b0c00eedf1e61d742bf5a97f9ae59b75) Importer(815301076,1909f56bfc062723c751e8b465ee728b)  -> (artifact id: 'b59ce76991e8c8c17a381369c7e20168') in 0.084749 seconds 
========================================================================
Received Import Request.
  Time since last request: 0.014704 seconds.
  path: Assets/box/JMO Assets/Cartoon FX Remaster/CFXR Assets/Graphics/cfxr proc glow soft ab.mat
  artifactKey: Guid(cbd97a3a0f0d5c04f8d0225f1ea847d8) Importer(815301076,1909f56bfc062723c751e8b465ee728b)
Start importing Assets/box/JMO Assets/Cartoon FX Remaster/CFXR Assets/Graphics/cfxr proc glow soft ab.mat using Guid(cbd97a3a0f0d5c04f8d0225f1ea847d8) Importer(815301076,1909f56bfc062723c751e8b465ee728b)  -> (artifact id: '00e666f1ec9411351b9e13350ad88c4b') in 0.085750 seconds 
========================================================================
Received Import Request.
  Time since last request: 0.205670 seconds.
  path: Assets/box/JMO Assets/Cartoon FX Remaster/CFXR Assets/Graphics/cfxr proc glow soft nosp add.mat
  artifactKey: Guid(f0f171ffe44ba0d41bb931bbefcee094) Importer(815301076,1909f56bfc062723c751e8b465ee728b)
Start importing Assets/box/JMO Assets/Cartoon FX Remaster/CFXR Assets/Graphics/cfxr proc glow soft nosp add.mat using Guid(f0f171ffe44ba0d41bb931bbefcee094) Importer(815301076,1909f56bfc062723c751e8b465ee728b)  -> (artifact id: '804fe3a39005809ff72429bde32c8e97') in 0.045476 seconds 
========================================================================
Received Import Request.
  Time since last request: 0.125054 seconds.
  path: Assets/box/JMO Assets/Cartoon FX Remaster/CFXR Assets/Graphics/cfxr screen distortion ring nosp.mat
  artifactKey: Guid(37976d5d4486ae547867ea7ea8e80356) Importer(815301076,1909f56bfc062723c751e8b465ee728b)
Start importing Assets/box/JMO Assets/Cartoon FX Remaster/CFXR Assets/Graphics/cfxr screen distortion ring nosp.mat using Guid(37976d5d4486ae547867ea7ea8e80356) Importer(815301076,1909f56bfc062723c751e8b465ee728b)  -> (artifact id: '8815edada735011c1fba6d125f1782aa') in 0.030329 seconds 
========================================================================
Received Import Request.
  Time since last request: 0.010731 seconds.
  path: Assets/box/JMO Assets/Cartoon FX Remaster/CFXR Assets/Graphics/cfxr proc ring add.mat
  artifactKey: Guid(f99a4d6e0727b6c47b5a03d567bbcf75) Importer(815301076,1909f56bfc062723c751e8b465ee728b)
Start importing Assets/box/JMO Assets/Cartoon FX Remaster/CFXR Assets/Graphics/cfxr proc ring add.mat using Guid(f99a4d6e0727b6c47b5a03d567bbcf75) Importer(815301076,1909f56bfc062723c751e8b465ee728b)  -> (artifact id: 'af5d46ec19753e4ff6b3145253fb2f6a') in 0.115798 seconds 
========================================================================
Received Import Request.
  Time since last request: 0.008528 seconds.
  path: Assets/box/JMO Assets/Cartoon FX Remaster/CFXR Assets/Graphics/cfxr puddle dissolve ab.mat
  artifactKey: Guid(1f933b3ea1afc3c43b76b5dafa33bdb8) Importer(815301076,1909f56bfc062723c751e8b465ee728b)
Start importing Assets/box/JMO Assets/Cartoon FX Remaster/CFXR Assets/Graphics/cfxr puddle dissolve ab.mat using Guid(1f933b3ea1afc3c43b76b5dafa33bdb8) Importer(815301076,1909f56bfc062723c751e8b465ee728b)  -> (artifact id: 'bbac1846876b3b60e02341b2e72b9a3c') in 0.136301 seconds 
========================================================================
Received Import Request.
  Time since last request: 0.013236 seconds.
  path: Assets/box/JMO Assets/Cartoon FX Remaster/CFXR Assets/Graphics/cfxr proc ring water ripple local space arc ab.mat
  artifactKey: Guid(95769915f5c8ef14a924fa707fea6761) Importer(815301076,1909f56bfc062723c751e8b465ee728b)
Start importing Assets/box/JMO Assets/Cartoon FX Remaster/CFXR Assets/Graphics/cfxr proc ring water ripple local space arc ab.mat using Guid(95769915f5c8ef14a924fa707fea6761) Importer(815301076,1909f56bfc062723c751e8b465ee728b)  -> (artifact id: '8112381a700b9b0c5846b0a039c5aa12') in 0.108633 seconds 
========================================================================
Received Import Request.
  Time since last request: 0.003367 seconds.
  path: Assets/box/JMO Assets/Cartoon FX Remaster/CFXR Assets/Graphics/cfxr proc glow soft hdr ab.mat
  artifactKey: Guid(f6516bbddb2a0474cad423886d0f904c) Importer(815301076,1909f56bfc062723c751e8b465ee728b)
Start importing Assets/box/JMO Assets/Cartoon FX Remaster/CFXR Assets/Graphics/cfxr proc glow soft hdr ab.mat using Guid(f6516bbddb2a0474cad423886d0f904c) Importer(815301076,1909f56bfc062723c751e8b465ee728b)  -> (artifact id: 'fad90e207215a3622a3f19d25f856403') in 0.043481 seconds 
========================================================================
Received Import Request.
  Time since last request: 0.000755 seconds.
  path: Assets/box/JMO Assets/Cartoon FX Remaster/CFXR Assets/Graphics/cfxr petal pink x4 ab lit normal.mat
  artifactKey: Guid(b8466bb13bf17094d8bf1afdc8e05072) Importer(815301076,1909f56bfc062723c751e8b465ee728b)
Start importing Assets/box/JMO Assets/Cartoon FX Remaster/CFXR Assets/Graphics/cfxr petal pink x4 ab lit normal.mat using Guid(b8466bb13bf17094d8bf1afdc8e05072) Importer(815301076,1909f56bfc062723c751e8b465ee728b)  -> (artifact id: 'b8cae23459b665e3b40e982f00a06a4d') in 0.331389 seconds 
========================================================================
Received Import Request.
  Time since last request: 0.010474 seconds.
  path: Assets/box/JMO Assets/Cartoon FX Remaster/CFXR Assets/Graphics/cfxr proc glow soft ground nosp add.mat
  artifactKey: Guid(db1fcb702d3796547b8a490b3a64b41e) Importer(815301076,1909f56bfc062723c751e8b465ee728b)
Start importing Assets/box/JMO Assets/Cartoon FX Remaster/CFXR Assets/Graphics/cfxr proc glow soft ground nosp add.mat using Guid(db1fcb702d3796547b8a490b3a64b41e) Importer(815301076,1909f56bfc062723c751e8b465ee728b)  -> (artifact id: 'a170aadb04e33529c0934b107493b038') in 0.014933 seconds 
========================================================================
Received Import Request.
  Time since last request: 0.002436 seconds.
  path: Assets/box/JMO Assets/Cartoon FX Remaster/CFXR Assets/Graphics/cfxr proc ring ab.mat
  artifactKey: Guid(4df8a5993f951b04581df7cc5fbb1254) Importer(815301076,1909f56bfc062723c751e8b465ee728b)
Start importing Assets/box/JMO Assets/Cartoon FX Remaster/CFXR Assets/Graphics/cfxr proc ring ab.mat using Guid(4df8a5993f951b04581df7cc5fbb1254) Importer(815301076,1909f56bfc062723c751e8b465ee728b)  -> (artifact id: '7351f202fcaeb39147a9b95cf6045494') in 0.012659 seconds 
========================================================================
Received Import Request.
  Time since last request: 0.013162 seconds.
  path: Assets/box/JMO Assets/Cartoon FX Remaster/CFXR Assets/Graphics/cfxr proc glow soft invert hdr ab.mat
  artifactKey: Guid(fb6da5b571861ca488a6dc05de02c74e) Importer(815301076,1909f56bfc062723c751e8b465ee728b)
Start importing Assets/box/JMO Assets/Cartoon FX Remaster/CFXR Assets/Graphics/cfxr proc glow soft invert hdr ab.mat using Guid(fb6da5b571861ca488a6dc05de02c74e) Importer(815301076,1909f56bfc062723c751e8b465ee728b)  -> (artifact id: '89c0aebf8ea1ee549ff47bafb83bc7a0') in 0.104124 seconds 
========================================================================
Received Import Request.
  Time since last request: 0.000021 seconds.
  path: Assets/box/JMO Assets/Cartoon FX Remaster/CFXR Assets/Graphics/cfxr screen distortion sphere.png
  artifactKey: Guid(cbdf2f03e04c2de4eae98f98ddecc232) Importer(815301076,1909f56bfc062723c751e8b465ee728b)
Start importing Assets/box/JMO Assets/Cartoon FX Remaster/CFXR Assets/Graphics/cfxr screen distortion sphere.png using Guid(cbdf2f03e04c2de4eae98f98ddecc232) Importer(815301076,1909f56bfc062723c751e8b465ee728b)  -> (artifact id: '1237fee79acefb6f85ddfbd6ab0b7060') in 0.014469 seconds 
========================================================================
Received Import Request.
  Time since last request: 0.000018 seconds.
  path: Assets/box/JMO Assets/Cartoon FX Remaster/CFXR Assets/Graphics/cfxr puddle dissolve soft ab.mat
  artifactKey: Guid(8bbcb67e3b86fe64f9cf425aad7e9404) Importer(815301076,1909f56bfc062723c751e8b465ee728b)
Start importing Assets/box/JMO Assets/Cartoon FX Remaster/CFXR Assets/Graphics/cfxr puddle dissolve soft ab.mat using Guid(8bbcb67e3b86fe64f9cf425aad7e9404) Importer(815301076,1909f56bfc062723c751e8b465ee728b)  -> (artifact id: '39098c3afa00dac57083202c4bd00ebc') in 0.016459 seconds 
========================================================================
Received Import Request.
  Time since last request: 0.000022 seconds.
  path: Assets/box/JMO Assets/Cartoon FX Remaster/CFXR Assets/Graphics/cfxr petal pink x4.png
  artifactKey: Guid(b4377f3b1fab63b4dae2320667d81bd4) Importer(815301076,1909f56bfc062723c751e8b465ee728b)
Start importing Assets/box/JMO Assets/Cartoon FX Remaster/CFXR Assets/Graphics/cfxr petal pink x4.png using Guid(b4377f3b1fab63b4dae2320667d81bd4) Importer(815301076,1909f56bfc062723c751e8b465ee728b)  -> (artifact id: '9aa65d0c5e5c3bf795530ee5e55376f2') in 0.037011 seconds 
========================================================================
Received Import Request.
  Time since last request: 0.000025 seconds.
  path: Assets/box/JMO Assets/Cartoon FX Remaster/CFXR Assets/Graphics/cfxr proc glow soft hdr p4 add.mat
  artifactKey: Guid(c9a8501c60f73c14c9c50a72b1af44b4) Importer(815301076,1909f56bfc062723c751e8b465ee728b)
Start importing Assets/box/JMO Assets/Cartoon FX Remaster/CFXR Assets/Graphics/cfxr proc glow soft hdr p4 add.mat using Guid(c9a8501c60f73c14c9c50a72b1af44b4) Importer(815301076,1909f56bfc062723c751e8b465ee728b)  -> (artifact id: '2b7cdf3f23320b0b6bace66b997af89b') in 0.048138 seconds 
========================================================================
Received Prepare
Registering precompiled user dll's ...
Registered in 0.005797 seconds.
Begin MonoManager ReloadAssembly
Symbol file LoadedFromMemory doesn't match image D:\GitHub\Unity\halu99\halu99\Library\PackageCache\com.unity.visualscripting@1.8.0\Editor\VisualScripting.Core\Dependencies\YamlDotNet\Unity.VisualScripting.YamlDotNet.dll
Symbol file LoadedFromMemory doesn't match image D:\GitHub\Unity\halu99\halu99\Library\PackageCache\com.unity.visualscripting@1.8.0\Editor\VisualScripting.Core\Dependencies\DotNetZip\Unity.VisualScripting.IonicZip.dll
Native extension for WindowsStandalone target not found
Native extension for Android target not found
Refreshing native plugins compatible for Editor in 0.67 ms, found 3 plugins.
Preloading 0 native plugins for Editor in 0.00 ms.
Mono: successfully reloaded assembly
- Completed reload, in  2.545 seconds
Domain Reload Profiling:
	ReloadAssembly (2546ms)
		BeginReloadAssembly (349ms)
			ExecutionOrderSort (0ms)
			DisableScriptedObjects (6ms)
			BackupInstance (0ms)
			ReleaseScriptingObjects (0ms)
			CreateAndSetChildDomain (86ms)
		EndReloadAssembly (1935ms)
			LoadAssemblies (336ms)
			RebuildTransferFunctionScriptingTraits (0ms)
			SetupTypeCache (703ms)
			ReleaseScriptCaches (3ms)
			RebuildScriptCaches (103ms)
			SetupLoadedEditorAssemblies (712ms)
				LogAssemblyErrors (0ms)
				InitializePlatformSupportModulesInManaged (32ms)
				SetLoadedEditorAssemblies (1ms)
				RefreshPlugins (1ms)
				BeforeProcessingInitializeOnLoad (167ms)
				ProcessInitializeOnLoadAttributes (443ms)
				ProcessInitializeOnLoadMethodAttributes (61ms)
				AfterProcessingInitializeOnLoad (7ms)
				EditorAssembliesLoaded (0ms)
			ExecutionOrderSort2 (0ms)
			AwakeInstancesAfterBackupRestoration (9ms)
Platform modules already initialized, skipping
Refreshing native plugins compatible for Editor in 5.24 ms, found 3 plugins.
Preloading 0 native plugins for Editor in 0.00 ms.
Unloading 3131 Unused Serialized files (Serialized files now loaded: 0)
Unloading 17 unused Assets / (80.1 KB). Loaded Objects now: 3675.
Memory consumption went from 121.4 MB to 121.4 MB.
Total: 5.437800 ms (FindLiveObjects: 0.291800 ms CreateObjectMapping: 0.328800 ms MarkObjects: 4.732100 ms  DeleteObjects: 0.084000 ms)

AssetImportParameters requested are different than current active one (requested -> active):
  custom:video-decoder-ogg-theora: a1e56fd34408186e4bbccfd4996cb3dc -> 
  custom:container-muxer-webm: aa71ff27fc2769a1b78a27578f13a17b -> 
  custom:container-demuxer-webm: 4f35f7cbe854078d1ac9338744f61a02 -> 
  custom:video-encoder-webm-vp8: eb34c28f22e8b96e1ab97ce403110664 -> 
  custom:audio-encoder-webm-vorbis: bf7c407c2cedff20999df2af8eb42d56 -> 
  custom:framework-win-MediaFoundation: 216162199b28c13a410421893ffa2e32 -> 
  custom:container-demuxer-ogg: 62fdf1f143b41e24485cea50d1cbac27 -> 
  custom:video-decoder-webm-vp8: 9c59270c3fd7afecdb556c50c9e8de78 -> 
  custom:audio-decoder-ogg-vorbis: bf7c407c2cedff20999df2af8eb42d56 -> 
Editor requested this worker to shutdown with reason: Scaling down because of idle timeout
AssetImportWorkerClient::OnTransportError - code=2 error=End of file
AssetImportWorker is now disconnected from the server
Process exiting
Exiting without the bug reporter. Application will terminate with return code 0