Using pre-set license
Built from '2021.3/staging' branch; Version is '2021.3.19f1 (c9714fde33b6) revision 13201743'; Using compiler version '192829333'; Build Type 'Release'
OS: 'Windows 10  (10.0.18362) 64bit Professional' Language: 'ko' Physical Memory: 16194 MB
BatchMode: 1, IsHumanControllingUs: 0, StartBugReporterOnCrash: 0, Is64bit: 1, IsPro: 1

COMMAND LINE ARGUMENTS:
C:\Program Files\Unity\Hub\Editor\2021.3.19f1\Editor\Unity.exe
-adb2
-batchMode
-noUpm
-name
AssetImportWorker4
-projectPath
C:/Users/SGA/Desktop/halu99/halu99
-logFile
Logs/AssetImportWorker4.log
-srvPort
64731
Successfully changed project path to: C:/Users/SGA/Desktop/halu99/halu99
C:/Users/SGA/Desktop/halu99/halu99
[UnityMemory] Configuration Parameters - Can be set up in boot.config
    "memorysetup-bucket-allocator-granularity=16"
    "memorysetup-bucket-allocator-bucket-count=8"
    "memorysetup-bucket-allocator-block-size=33554432"
    "memorysetup-bucket-allocator-block-count=8"
    "memorysetup-main-allocator-block-size=16777216"
    "memorysetup-thread-allocator-block-size=16777216"
    "memorysetup-gfx-main-allocator-block-size=16777216"
    "memorysetup-gfx-thread-allocator-block-size=16777216"
    "memorysetup-cache-allocator-block-size=4194304"
    "memorysetup-typetree-allocator-block-size=2097152"
    "memorysetup-profiler-bucket-allocator-granularity=16"
    "memorysetup-profiler-bucket-allocator-bucket-count=8"
    "memorysetup-profiler-bucket-allocator-block-size=33554432"
    "memorysetup-profiler-bucket-allocator-block-count=8"
    "memorysetup-profiler-allocator-block-size=16777216"
    "memorysetup-profiler-editor-allocator-block-size=1048576"
    "memorysetup-temp-allocator-size-main=16777216"
    "memorysetup-job-temp-allocator-block-size=2097152"
    "memorysetup-job-temp-allocator-block-size-background=1048576"
    "memorysetup-job-temp-allocator-reduction-small-platforms=262144"
    "memorysetup-temp-allocator-size-background-worker=32768"
    "memorysetup-temp-allocator-size-job-worker=262144"
    "memorysetup-temp-allocator-size-preload-manager=33554432"
    "memorysetup-temp-allocator-size-nav-mesh-worker=65536"
    "memorysetup-temp-allocator-size-audio-worker=65536"
    "memorysetup-temp-allocator-size-cloud-worker=32768"
    "memorysetup-temp-allocator-size-gi-baking-worker=262144"
    "memorysetup-temp-allocator-size-gfx=262144"
Player connection [14232] Host "[IP] 192.168.0.191 [Port] 0 [Flags] 2 [Guid] 150450748 [EditorId] 150450748 [Version] 1048832 [Id] WindowsEditor(7,DESKTOP-HQKDT44) [Debug] 1 [PackageName] WindowsEditor [ProjectName] Editor" joined multi-casting on [225.0.0.222:54997]...

Player connection [14232] Host "[IP] 192.168.0.191 [Port] 0 [Flags] 2 [Guid] 150450748 [EditorId] 150450748 [Version] 1048832 [Id] WindowsEditor(7,DESKTOP-HQKDT44) [Debug] 1 [PackageName] WindowsEditor [ProjectName] Editor" joined alternative multi-casting on [225.0.0.222:34997]...

Refreshing native plugins compatible for Editor in 80.42 ms, found 3 plugins.
Preloading 0 native plugins for Editor in 0.00 ms.
Initialize engine version: 2021.3.19f1 (c9714fde33b6)
[Subsystems] Discovering subsystems at path C:/Program Files/Unity/Hub/Editor/2021.3.19f1/Editor/Data/Resources/UnitySubsystems
[Subsystems] Discovering subsystems at path C:/Users/SGA/Desktop/halu99/halu99/Assets
GfxDevice: creating device client; threaded=0; jobified=0
Direct3D:
    Version:  Direct3D 11.0 [level 11.1]
    Renderer: NVIDIA GeForce GTX 1650 (ID=0x1f82)
    Vendor:   NVIDIA
    VRAM:     3962 MB
    Driver:   31.0.15.1694
Initialize mono
Mono path[0] = 'C:/Program Files/Unity/Hub/Editor/2021.3.19f1/Editor/Data/Managed'
Mono path[1] = 'C:/Program Files/Unity/Hub/Editor/2021.3.19f1/Editor/Data/MonoBleedingEdge/lib/mono/unityjit-win32'
Mono config path = 'C:/Program Files/Unity/Hub/Editor/2021.3.19f1/Editor/Data/MonoBleedingEdge/etc'
Using monoOptions --debugger-agent=transport=dt_socket,embedding=1,server=y,suspend=n,address=127.0.0.1:56404
Begin MonoManager ReloadAssembly
Registering precompiled unity dll's ...
Register platform support module: C:/Program Files/Unity/Hub/Editor/2021.3.19f1/Editor/Data/PlaybackEngines/WebGLSupport/UnityEditor.WebGL.Extensions.dll
Register platform support module: C:/Program Files/Unity/Hub/Editor/2021.3.19f1/Editor/Data/PlaybackEngines/AndroidPlayer/UnityEditor.Android.Extensions.dll
Register platform support module: C:/Program Files/Unity/Hub/Editor/2021.3.19f1/Editor/Data/PlaybackEngines/WindowsStandaloneSupport/UnityEditor.WindowsStandalone.Extensions.dll
Registered in 0.003828 seconds.
Native extension for WindowsStandalone target not found
Native extension for Android target not found
Android Extension - Scanning For ADB Devices 157 ms
Native extension for WebGL target not found
Refreshing native plugins compatible for Editor in 59.48 ms, found 3 plugins.
Preloading 0 native plugins for Editor in 0.00 ms.
Mono: successfully reloaded assembly
- Completed reload, in  0.624 seconds
Domain Reload Profiling:
	ReloadAssembly (625ms)
		BeginReloadAssembly (55ms)
			ExecutionOrderSort (0ms)
			DisableScriptedObjects (0ms)
			BackupInstance (0ms)
			ReleaseScriptingObjects (0ms)
			CreateAndSetChildDomain (1ms)
		EndReloadAssembly (485ms)
			LoadAssemblies (54ms)
			RebuildTransferFunctionScriptingTraits (0ms)
			SetupTypeCache (78ms)
			ReleaseScriptCaches (0ms)
			RebuildScriptCaches (18ms)
			SetupLoadedEditorAssemblies (353ms)
				LogAssemblyErrors (0ms)
				InitializePlatformSupportModulesInManaged (204ms)
				SetLoadedEditorAssemblies (0ms)
				RefreshPlugins (60ms)
				BeforeProcessingInitializeOnLoad (1ms)
				ProcessInitializeOnLoadAttributes (60ms)
				ProcessInitializeOnLoadMethodAttributes (28ms)
				AfterProcessingInitializeOnLoad (0ms)
				EditorAssembliesLoaded (0ms)
			ExecutionOrderSort2 (0ms)
			AwakeInstancesAfterBackupRestoration (0ms)
Platform modules already initialized, skipping
Registering precompiled user dll's ...
Registered in 0.002881 seconds.
Begin MonoManager ReloadAssembly
Symbol file LoadedFromMemory doesn't match image C:\Users\SGA\Desktop\halu99\halu99\Library\PackageCache\com.unity.visualscripting@1.8.0\Editor\VisualScripting.Core\Dependencies\YamlDotNet\Unity.VisualScripting.YamlDotNet.dll
Symbol file LoadedFromMemory doesn't match image C:\Users\SGA\Desktop\halu99\halu99\Library\PackageCache\com.unity.visualscripting@1.8.0\Editor\VisualScripting.Core\Dependencies\DotNetZip\Unity.VisualScripting.IonicZip.dll
Native extension for WindowsStandalone target not found
Native extension for Android target not found
Native extension for WebGL target not found
Refreshing native plugins compatible for Editor in 0.45 ms, found 3 plugins.
Preloading 0 native plugins for Editor in 0.00 ms.
Mono: successfully reloaded assembly
- Completed reload, in  0.707 seconds
Domain Reload Profiling:
	ReloadAssembly (707ms)
		BeginReloadAssembly (75ms)
			ExecutionOrderSort (0ms)
			DisableScriptedObjects (4ms)
			BackupInstance (0ms)
			ReleaseScriptingObjects (0ms)
			CreateAndSetChildDomain (14ms)
		EndReloadAssembly (553ms)
			LoadAssemblies (58ms)
			RebuildTransferFunctionScriptingTraits (0ms)
			SetupTypeCache (199ms)
			ReleaseScriptCaches (0ms)
			RebuildScriptCaches (32ms)
			SetupLoadedEditorAssemblies (235ms)
				LogAssemblyErrors (0ms)
				InitializePlatformSupportModulesInManaged (13ms)
				SetLoadedEditorAssemblies (0ms)
				RefreshPlugins (0ms)
				BeforeProcessingInitializeOnLoad (56ms)
				ProcessInitializeOnLoadAttributes (147ms)
				ProcessInitializeOnLoadMethodAttributes (13ms)
				AfterProcessingInitializeOnLoad (4ms)
				EditorAssembliesLoaded (0ms)
			ExecutionOrderSort2 (0ms)
			AwakeInstancesAfterBackupRestoration (4ms)
Platform modules already initialized, skipping
========================================================================
Worker process is ready to serve import requests
Launched and connected shader compiler UnityShaderCompiler.exe after 0.02 seconds
Refreshing native plugins compatible for Editor in 0.41 ms, found 3 plugins.
Preloading 0 native plugins for Editor in 0.00 ms.
Unloading 3134 Unused Serialized files (Serialized files now loaded: 0)
Unloading 24 unused Assets / (113.3 KB). Loaded Objects now: 3605.
Memory consumption went from 119.3 MB to 119.2 MB.
Total: 1.999000 ms (FindLiveObjects: 0.163800 ms CreateObjectMapping: 0.076900 ms MarkObjects: 1.682400 ms  DeleteObjects: 0.075300 ms)

AssetImportParameters requested are different than current active one (requested -> active):
  custom:video-decoder-ogg-theora: a1e56fd34408186e4bbccfd4996cb3dc -> 
  custom:container-muxer-webm: aa71ff27fc2769a1b78a27578f13a17b -> 
  custom:container-demuxer-webm: 4f35f7cbe854078d1ac9338744f61a02 -> 
  custom:video-encoder-webm-vp8: eb34c28f22e8b96e1ab97ce403110664 -> 
  custom:audio-encoder-webm-vorbis: bf7c407c2cedff20999df2af8eb42d56 -> 
  custom:framework-win-MediaFoundation: 216162199b28c13a410421893ffa2e32 -> 
  custom:container-demuxer-ogg: 62fdf1f143b41e24485cea50d1cbac27 -> 
  custom:video-decoder-webm-vp8: 9c59270c3fd7afecdb556c50c9e8de78 -> 
  custom:audio-decoder-ogg-vorbis: bf7c407c2cedff20999df2af8eb42d56 -> 
========================================================================
Received Import Request.
  Time since last request: 10686.068432 seconds.
  path: Assets/2D Space Kit/Background Elements/Planets
  artifactKey: Guid(841008fb34cc42049a9a8ac04add698a) Importer(815301076,1909f56bfc062723c751e8b465ee728b)
Start importing Assets/2D Space Kit/Background Elements/Planets using Guid(841008fb34cc42049a9a8ac04add698a) Importer(815301076,1909f56bfc062723c751e8b465ee728b)  -> (artifact id: 'f3bf4c48f5cb7e53f546a1588845c462') in 0.010323 seconds 
========================================================================
Received Import Request.
  Time since last request: 0.038437 seconds.
  path: Assets/2D Space Kit/Background Elements/Planets/(Small) Earthlike 1.png
  artifactKey: Guid(762a9530a0b13e347a9243ca9ffeb514) Importer(815301076,1909f56bfc062723c751e8b465ee728b)
Start importing Assets/2D Space Kit/Background Elements/Planets/(Small) Earthlike 1.png using Guid(762a9530a0b13e347a9243ca9ffeb514) Importer(815301076,1909f56bfc062723c751e8b465ee728b)  -> (artifact id: '2232c8818e0e73ef29836d3e19165bcf') in 0.158571 seconds 
========================================================================
Received Import Request.
  Time since last request: 0.000026 seconds.
  path: Assets/2D Space Kit/Background Elements/Planets/Primordial 1.png
  artifactKey: Guid(81ecaf6e42e6f7d429ddce051f638691) Importer(815301076,1909f56bfc062723c751e8b465ee728b)
Start importing Assets/2D Space Kit/Background Elements/Planets/Primordial 1.png using Guid(81ecaf6e42e6f7d429ddce051f638691) Importer(815301076,1909f56bfc062723c751e8b465ee728b)  -> (artifact id: '1bfab940a5058f2f056a4273179b64d9') in 0.369948 seconds 
========================================================================
Received Import Request.
  Time since last request: 0.000025 seconds.
  path: Assets/2D Space Kit/Background Elements/Planets/Gas 3.png
  artifactKey: Guid(95e1a48c8de1d9a4eadd9825f7cc869b) Importer(815301076,1909f56bfc062723c751e8b465ee728b)
Start importing Assets/2D Space Kit/Background Elements/Planets/Gas 3.png using Guid(95e1a48c8de1d9a4eadd9825f7cc869b) Importer(815301076,1909f56bfc062723c751e8b465ee728b)  -> (artifact id: '28dd13abbde3794e170d47ae55822514') in 0.273642 seconds 
========================================================================
Received Import Request.
  Time since last request: 0.000018 seconds.
  path: Assets/2D Space Kit/Background Elements/Planets/Desert 3.png
  artifactKey: Guid(3493ad023d68bf2438bf5a6d6fa588a1) Importer(815301076,1909f56bfc062723c751e8b465ee728b)
Start importing Assets/2D Space Kit/Background Elements/Planets/Desert 3.png using Guid(3493ad023d68bf2438bf5a6d6fa588a1) Importer(815301076,1909f56bfc062723c751e8b465ee728b)  -> (artifact id: 'de8bb451a3de178073dfaefbca6e9959') in 0.325619 seconds 
========================================================================
Received Import Request.
  Time since last request: 0.000024 seconds.
  path: Assets/2D Space Kit/Background Elements/Planets/Ice 1.png
  artifactKey: Guid(7c319980570fa04458d24c2b30eaa0e6) Importer(815301076,1909f56bfc062723c751e8b465ee728b)
Start importing Assets/2D Space Kit/Background Elements/Planets/Ice 1.png using Guid(7c319980570fa04458d24c2b30eaa0e6) Importer(815301076,1909f56bfc062723c751e8b465ee728b)  -> (artifact id: 'dca0f401f7fc02f9f592cebcbcebe4b0') in 0.294586 seconds 
========================================================================
Received Import Request.
  Time since last request: 0.103384 seconds.
  path: Assets/2D Space Kit/Background Elements/Planets/Planet Masks
  artifactKey: Guid(b9714253e9d60c1429343ccf6f338b73) Importer(815301076,1909f56bfc062723c751e8b465ee728b)
Start importing Assets/2D Space Kit/Background Elements/Planets/Planet Masks using Guid(b9714253e9d60c1429343ccf6f338b73) Importer(815301076,1909f56bfc062723c751e8b465ee728b)  -> (artifact id: 'e1de9b593b8425f24dd0181ec48e18cb') in 0.005094 seconds 
========================================================================
Received Import Request.
  Time since last request: 0.065392 seconds.
  path: Assets/2D Space Kit/Background Elements/Planets/Planet Masks/Mask 1 Full.png
  artifactKey: Guid(5fda62b2bf4a47a4e9daef4d41763bdf) Importer(815301076,1909f56bfc062723c751e8b465ee728b)
Start importing Assets/2D Space Kit/Background Elements/Planets/Planet Masks/Mask 1 Full.png using Guid(5fda62b2bf4a47a4e9daef4d41763bdf) Importer(815301076,1909f56bfc062723c751e8b465ee728b)  -> (artifact id: '84806abca9c1c67516596fe3251a109d') in 0.154598 seconds 
========================================================================
Received Import Request.
  Time since last request: 0.000026 seconds.
  path: Assets/2D Space Kit/Background Elements/Planets/Planet Masks/Mask Left 2.png
  artifactKey: Guid(bb0d5d7c3f827624796a2589ab3ee0e8) Importer(815301076,1909f56bfc062723c751e8b465ee728b)
Start importing Assets/2D Space Kit/Background Elements/Planets/Planet Masks/Mask Left 2.png using Guid(bb0d5d7c3f827624796a2589ab3ee0e8) Importer(815301076,1909f56bfc062723c751e8b465ee728b)  -> (artifact id: 'db138d458cc6177708b3f4ee0ec093c6') in 0.147081 seconds 
========================================================================
Received Import Request.
  Time since last request: 0.000030 seconds.
  path: Assets/2D Space Kit/Background Elements/Planets/Planet Masks/Mask Right 2.png
  artifactKey: Guid(d3c4741a820942b4781b67434cfeda89) Importer(815301076,1909f56bfc062723c751e8b465ee728b)
Start importing Assets/2D Space Kit/Background Elements/Planets/Planet Masks/Mask Right 2.png using Guid(d3c4741a820942b4781b67434cfeda89) Importer(815301076,1909f56bfc062723c751e8b465ee728b)  -> (artifact id: '5bc38feb6891a62eedfd8facd8bc6fbf') in 0.143172 seconds 
========================================================================
Received Import Request.
  Time since last request: 4.687570 seconds.
  path: Assets/2D Space Kit/Background Elements/Stars
  artifactKey: Guid(4e57cca4c6cdf2d45802a6ac915a4201) Importer(815301076,1909f56bfc062723c751e8b465ee728b)
Start importing Assets/2D Space Kit/Background Elements/Stars using Guid(4e57cca4c6cdf2d45802a6ac915a4201) Importer(815301076,1909f56bfc062723c751e8b465ee728b)  -> (artifact id: 'f95f84172948485c59362ad481f0abf6') in 0.008165 seconds 
========================================================================
Received Import Request.
  Time since last request: 0.058220 seconds.
  path: Assets/2D Space Kit/Background Elements/Stars/Brown Dwarf.png
  artifactKey: Guid(695689048c9d8b5408c8d1b998ab53bb) Importer(815301076,1909f56bfc062723c751e8b465ee728b)
Start importing Assets/2D Space Kit/Background Elements/Stars/Brown Dwarf.png using Guid(695689048c9d8b5408c8d1b998ab53bb) Importer(815301076,1909f56bfc062723c751e8b465ee728b)  -> (artifact id: '2666a1a95996239973a3a33af35e8638') in 0.359839 seconds 
========================================================================
Received Import Request.
  Time since last request: 2.819326 seconds.
  path: Assets/2D Space Kit/Asteroids
  artifactKey: Guid(6d9f21b4992e2cc45b70b7549a402bd0) Importer(815301076,1909f56bfc062723c751e8b465ee728b)
Start importing Assets/2D Space Kit/Asteroids using Guid(6d9f21b4992e2cc45b70b7549a402bd0) Importer(815301076,1909f56bfc062723c751e8b465ee728b)  -> (artifact id: 'f5c61ba534105eba3a863cc08c35426b') in 0.005340 seconds 
========================================================================
Received Import Request.
  Time since last request: 0.052711 seconds.
  path: Assets/2D Space Kit/Asteroids/Asteroid 1.png
  artifactKey: Guid(ee8261317c1ff734daa9da91d24312b3) Importer(815301076,1909f56bfc062723c751e8b465ee728b)
Start importing Assets/2D Space Kit/Asteroids/Asteroid 1.png using Guid(ee8261317c1ff734daa9da91d24312b3) Importer(815301076,1909f56bfc062723c751e8b465ee728b)  -> (artifact id: 'bf8b18aad337c5e4f9fc012187d15f87') in 0.012162 seconds 
========================================================================
Received Import Request.
  Time since last request: 0.000021 seconds.
  path: Assets/2D Space Kit/Asteroids/Asteroid 5.png
  artifactKey: Guid(06ebc3b6f7d199745ac6895e9d0f2e09) Importer(815301076,1909f56bfc062723c751e8b465ee728b)
Start importing Assets/2D Space Kit/Asteroids/Asteroid 5.png using Guid(06ebc3b6f7d199745ac6895e9d0f2e09) Importer(815301076,1909f56bfc062723c751e8b465ee728b)  -> (artifact id: '07fc0082d6bba48c19614cbb9ad7cede') in 0.017317 seconds 
========================================================================
Received Import Request.
  Time since last request: 11.183920 seconds.
  path: Assets/2D Space Kit/Backgrounds
  artifactKey: Guid(81c3e691761023c4cae26587a3936eeb) Importer(815301076,1909f56bfc062723c751e8b465ee728b)
Start importing Assets/2D Space Kit/Backgrounds using Guid(81c3e691761023c4cae26587a3936eeb) Importer(815301076,1909f56bfc062723c751e8b465ee728b)  -> (artifact id: 'b7571ad22e12bea4ff6a4378b36d5946') in 0.010354 seconds 
========================================================================
Received Import Request.
  Time since last request: 0.059160 seconds.
  path: Assets/2D Space Kit/Backgrounds/1.png
  artifactKey: Guid(89bca327dbe7e6540bb158ab20a8bcc3) Importer(815301076,1909f56bfc062723c751e8b465ee728b)
Start importing Assets/2D Space Kit/Backgrounds/1.png using Guid(89bca327dbe7e6540bb158ab20a8bcc3) Importer(815301076,1909f56bfc062723c751e8b465ee728b)  -> (artifact id: 'd2dee870b6c4f5c1e537e43b0c8915fc') in 1.090916 seconds 
========================================================================
Received Import Request.
  Time since last request: 0.000026 seconds.
  path: Assets/2D Space Kit/Backgrounds/6.png
  artifactKey: Guid(95098202e088b6d48b2ce02978c8713b) Importer(815301076,1909f56bfc062723c751e8b465ee728b)
Start importing Assets/2D Space Kit/Backgrounds/6.png using Guid(95098202e088b6d48b2ce02978c8713b) Importer(815301076,1909f56bfc062723c751e8b465ee728b)  -> (artifact id: '4dd7451ef829aa8896ff77e504bcf6d2') in 0.947444 seconds 
========================================================================
Received Import Request.
  Time since last request: 0.000032 seconds.
  path: Assets/2D Space Kit/Backgrounds/5.png
  artifactKey: Guid(e9e9f9ef6000a0d449fe5228d5ba45a9) Importer(815301076,1909f56bfc062723c751e8b465ee728b)
Start importing Assets/2D Space Kit/Backgrounds/5.png using Guid(e9e9f9ef6000a0d449fe5228d5ba45a9) Importer(815301076,1909f56bfc062723c751e8b465ee728b)  -> (artifact id: '82e21365ef37d7a0a2c2dc2cc12f0f6c') in 0.826782 seconds 
========================================================================
Received Import Request.
  Time since last request: 1.877433 seconds.
  path: Assets/2D Space Kit/Backgrounds/Fantasy Purple 2048
  artifactKey: Guid(f27a60168b50ee94c892252d69142f6c) Importer(815301076,1909f56bfc062723c751e8b465ee728b)
Start importing Assets/2D Space Kit/Backgrounds/Fantasy Purple 2048 using Guid(f27a60168b50ee94c892252d69142f6c) Importer(815301076,1909f56bfc062723c751e8b465ee728b)  -> (artifact id: '79f4f064f1d1d7347ea32b34c2a311e2') in 0.005019 seconds 
========================================================================
Received Import Request.
  Time since last request: 0.053886 seconds.
  path: Assets/2D Space Kit/Backgrounds/Fantasy Purple 2048/Fantasy 1.jpg
  artifactKey: Guid(bafbe3f2d9e9ad34bb059e9e72ee87e7) Importer(815301076,1909f56bfc062723c751e8b465ee728b)
Start importing Assets/2D Space Kit/Backgrounds/Fantasy Purple 2048/Fantasy 1.jpg using Guid(bafbe3f2d9e9ad34bb059e9e72ee87e7) Importer(815301076,1909f56bfc062723c751e8b465ee728b)  -> (artifact id: '7c9ca8f76f0272dc356f6a375cd0c73d') in 0.342644 seconds 
========================================================================
Received Import Request.
  Time since last request: 0.000020 seconds.
  path: Assets/2D Space Kit/Backgrounds/Fantasy Purple 2048/Fantasy 5.jpg
  artifactKey: Guid(037e9686aa46fb648b62b1d72388f2f2) Importer(815301076,1909f56bfc062723c751e8b465ee728b)
Start importing Assets/2D Space Kit/Backgrounds/Fantasy Purple 2048/Fantasy 5.jpg using Guid(037e9686aa46fb648b62b1d72388f2f2) Importer(815301076,1909f56bfc062723c751e8b465ee728b)  -> (artifact id: '3b3da886e193d6716c0af1c45cbd38b7') in 0.328294 seconds 
========================================================================
Received Import Request.
  Time since last request: 1.763760 seconds.
  path: Assets/2D Space Kit/Backgrounds/Red Nebula 2048
  artifactKey: Guid(1b2eea469d45632408ab2689a48b164c) Importer(815301076,1909f56bfc062723c751e8b465ee728b)
Start importing Assets/2D Space Kit/Backgrounds/Red Nebula 2048 using Guid(1b2eea469d45632408ab2689a48b164c) Importer(815301076,1909f56bfc062723c751e8b465ee728b)  -> (artifact id: '9a08b2523fea5af75c58d6911baae8ad') in 0.007286 seconds 
========================================================================
Received Import Request.
  Time since last request: 0.056182 seconds.
  path: Assets/2D Space Kit/Backgrounds/Red Nebula 2048/background1.jpg
  artifactKey: Guid(921c40fbf1338f9419f3823a92e4a267) Importer(815301076,1909f56bfc062723c751e8b465ee728b)
Start importing Assets/2D Space Kit/Backgrounds/Red Nebula 2048/background1.jpg using Guid(921c40fbf1338f9419f3823a92e4a267) Importer(815301076,1909f56bfc062723c751e8b465ee728b)  -> (artifact id: '9fe98c1dbc392bcd9dbbe2e5f1d19e3d') in 0.325699 seconds 
========================================================================
Received Import Request.
  Time since last request: 15.119828 seconds.
  path: Assets/2D Space Kit/Debris
  artifactKey: Guid(9facbba1c05c85b41ba407ed9438e41b) Importer(815301076,1909f56bfc062723c751e8b465ee728b)
Start importing Assets/2D Space Kit/Debris using Guid(9facbba1c05c85b41ba407ed9438e41b) Importer(815301076,1909f56bfc062723c751e8b465ee728b)  -> (artifact id: '4e8aec3fc10d8673bc6be09219589f9a') in 0.006173 seconds 
========================================================================
Received Import Request.
  Time since last request: 0.067984 seconds.
  path: Assets/2D Space Kit/Debris/Debris (1).png
  artifactKey: Guid(8d6eaaefbef73894d96ae55f7da066ec) Importer(815301076,1909f56bfc062723c751e8b465ee728b)
Start importing Assets/2D Space Kit/Debris/Debris (1).png using Guid(8d6eaaefbef73894d96ae55f7da066ec) Importer(815301076,1909f56bfc062723c751e8b465ee728b)  -> (artifact id: 'cb05bb4439a26aaec7ba8995f4dd10c2') in 0.024250 seconds 
========================================================================
Received Import Request.
  Time since last request: 0.000018 seconds.
  path: Assets/2D Space Kit/Debris/Debris (6).png
  artifactKey: Guid(e1352270d3e737942b035266f61965d4) Importer(815301076,1909f56bfc062723c751e8b465ee728b)
Start importing Assets/2D Space Kit/Debris/Debris (6).png using Guid(e1352270d3e737942b035266f61965d4) Importer(815301076,1909f56bfc062723c751e8b465ee728b)  -> (artifact id: 'b4b4246f3471fbe01d8f08813ae6b48c') in 0.028490 seconds 
========================================================================
Received Import Request.
  Time since last request: 10.992573 seconds.
  path: Assets/2D Space Kit/Example Scene
  artifactKey: Guid(2b71a5b044a476a43b347d933494e4d9) Importer(815301076,1909f56bfc062723c751e8b465ee728b)
Start importing Assets/2D Space Kit/Example Scene using Guid(2b71a5b044a476a43b347d933494e4d9) Importer(815301076,1909f56bfc062723c751e8b465ee728b)  -> (artifact id: '4e96ab2545d02c32dec09340761fc71e') in 0.007408 seconds 
========================================================================
Received Import Request.
  Time since last request: 2.259377 seconds.
  path: Assets/2D Space Kit/Missiles
  artifactKey: Guid(28b7913dcf71fe0469bc8ca5708b977c) Importer(815301076,1909f56bfc062723c751e8b465ee728b)
Start importing Assets/2D Space Kit/Missiles using Guid(28b7913dcf71fe0469bc8ca5708b977c) Importer(815301076,1909f56bfc062723c751e8b465ee728b)  -> (artifact id: 'd5ddee2cc1362879bc1bfdba6762cb64') in 0.006022 seconds 
========================================================================
Received Import Request.
  Time since last request: 0.044034 seconds.
  path: Assets/2D Space Kit/Missiles/Missile (1).png
  artifactKey: Guid(98be93167ed6cd54d82a8e882da6f3e1) Importer(815301076,1909f56bfc062723c751e8b465ee728b)
Start importing Assets/2D Space Kit/Missiles/Missile (1).png using Guid(98be93167ed6cd54d82a8e882da6f3e1) Importer(815301076,1909f56bfc062723c751e8b465ee728b)  -> (artifact id: '73f09a890bf4aa3057e3e4e5b4caf85a') in 0.017048 seconds 
========================================================================
Received Import Request.
  Time since last request: 0.000014 seconds.
  path: Assets/2D Space Kit/Missiles/Missile (7).png
  artifactKey: Guid(d80cdbc06d812fc4199cdd7c4c11f128) Importer(815301076,1909f56bfc062723c751e8b465ee728b)
Start importing Assets/2D Space Kit/Missiles/Missile (7).png using Guid(d80cdbc06d812fc4199cdd7c4c11f128) Importer(815301076,1909f56bfc062723c751e8b465ee728b)  -> (artifact id: '0d5efa9726e72fd4281aee71663ef244') in 0.012396 seconds 
========================================================================
Received Import Request.
  Time since last request: 23.324298 seconds.
  path: Assets/2D Space Kit/Particles (Sprites)
  artifactKey: Guid(abaf5eaa11a56fc48a1dc113abd955b9) Importer(815301076,1909f56bfc062723c751e8b465ee728b)
Start importing Assets/2D Space Kit/Particles (Sprites) using Guid(abaf5eaa11a56fc48a1dc113abd955b9) Importer(815301076,1909f56bfc062723c751e8b465ee728b)  -> (artifact id: '28aba3244c07dcfedeb94645696ec62b') in 0.005767 seconds 
========================================================================
Received Import Request.
  Time since last request: 0.060929 seconds.
  path: Assets/2D Space Kit/Particles (Sprites)/Beam.png
  artifactKey: Guid(84bc948f5c3f1a94a92d5aedb88f2084) Importer(815301076,1909f56bfc062723c751e8b465ee728b)
Start importing Assets/2D Space Kit/Particles (Sprites)/Beam.png using Guid(84bc948f5c3f1a94a92d5aedb88f2084) Importer(815301076,1909f56bfc062723c751e8b465ee728b)  -> (artifact id: '5f5bbb28f6b4d2e358ed8860dfb5c5c0') in 0.012193 seconds 
========================================================================
Received Import Request.
  Time since last request: 0.000017 seconds.
  path: Assets/2D Space Kit/Particles (Sprites)/DustSpray (2).png
  artifactKey: Guid(86fb24d85ff46c2478675ef1b33e5869) Importer(815301076,1909f56bfc062723c751e8b465ee728b)
Start importing Assets/2D Space Kit/Particles (Sprites)/DustSpray (2).png using Guid(86fb24d85ff46c2478675ef1b33e5869) Importer(815301076,1909f56bfc062723c751e8b465ee728b)  -> (artifact id: '71fb9c9da6fd5b60f377a30f2e76a09d') in 0.011292 seconds 
========================================================================
Received Import Request.
  Time since last request: 0.000027 seconds.
  path: Assets/2D Space Kit/Particles (Sprites)/SmokeTrail1.png
  artifactKey: Guid(5a498135b1c95f34b804b3d69acf2032) Importer(815301076,1909f56bfc062723c751e8b465ee728b)
Start importing Assets/2D Space Kit/Particles (Sprites)/SmokeTrail1.png using Guid(5a498135b1c95f34b804b3d69acf2032) Importer(815301076,1909f56bfc062723c751e8b465ee728b)  -> (artifact id: '2a691092d34c4b3ea86ac8e21daff640') in 0.009295 seconds 
========================================================================
Received Import Request.
  Time since last request: 0.000018 seconds.
  path: Assets/2D Space Kit/Particles (Sprites)/Explosion.png
  artifactKey: Guid(d30a353fc5e62e445b58e341d953d45e) Importer(815301076,1909f56bfc062723c751e8b465ee728b)
Start importing Assets/2D Space Kit/Particles (Sprites)/Explosion.png using Guid(d30a353fc5e62e445b58e341d953d45e) Importer(815301076,1909f56bfc062723c751e8b465ee728b)  -> (artifact id: 'fcff9c620565e4f71570e17e8158fabc') in 0.013519 seconds 
========================================================================
Received Import Request.
  Time since last request: 0.000018 seconds.
  path: Assets/2D Space Kit/Particles (Sprites)/DustSpray (1).png
  artifactKey: Guid(0c46a108de586de4da749c8c5ba30ec3) Importer(815301076,1909f56bfc062723c751e8b465ee728b)
Start importing Assets/2D Space Kit/Particles (Sprites)/DustSpray (1).png using Guid(0c46a108de586de4da749c8c5ba30ec3) Importer(815301076,1909f56bfc062723c751e8b465ee728b)  -> (artifact id: 'b66600e6e101f4c9c3eac33fc88fbe2f') in 0.011537 seconds 
========================================================================
Received Import Request.
  Time since last request: 0.000028 seconds.
  path: Assets/2D Space Kit/Particles (Sprites)/Shield Bubble.png
  artifactKey: Guid(1932640e6cf290044a4ee6967192234d) Importer(815301076,1909f56bfc062723c751e8b465ee728b)
Start importing Assets/2D Space Kit/Particles (Sprites)/Shield Bubble.png using Guid(1932640e6cf290044a4ee6967192234d) Importer(815301076,1909f56bfc062723c751e8b465ee728b)  -> (artifact id: '0f57a63569a29f6f97f32e3494e4472c') in 0.025061 seconds 
========================================================================
Received Import Request.
  Time since last request: 0.000020 seconds.
  path: Assets/2D Space Kit/Particles (Sprites)/Smoke 1.png
  artifactKey: Guid(6de6a4ab3d5aa76418929b1e99c29f81) Importer(815301076,1909f56bfc062723c751e8b465ee728b)
Start importing Assets/2D Space Kit/Particles (Sprites)/Smoke 1.png using Guid(6de6a4ab3d5aa76418929b1e99c29f81) Importer(815301076,1909f56bfc062723c751e8b465ee728b)  -> (artifact id: '250b1a546bfd37920df531ded2b58154') in 0.017069 seconds 
========================================================================
Received Import Request.
  Time since last request: 13.886693 seconds.
  path: Assets/2D Space Kit/Particles (Sprites)/Materials
  artifactKey: Guid(c2d60e347a49c4149b212aa5ed5e91ce) Importer(815301076,1909f56bfc062723c751e8b465ee728b)
Start importing Assets/2D Space Kit/Particles (Sprites)/Materials using Guid(c2d60e347a49c4149b212aa5ed5e91ce) Importer(815301076,1909f56bfc062723c751e8b465ee728b)  -> (artifact id: '31f839f81254c0cd6f341abaf237a075') in 0.005413 seconds 
========================================================================
Received Import Request.
  Time since last request: 0.044937 seconds.
  path: Assets/2D Space Kit/Particles (Sprites)/Materials/Beam.mat
  artifactKey: Guid(8779c962636b1694280e3c19e3d9b000) Importer(815301076,1909f56bfc062723c751e8b465ee728b)
Start importing Assets/2D Space Kit/Particles (Sprites)/Materials/Beam.mat using Guid(8779c962636b1694280e3c19e3d9b000) Importer(815301076,1909f56bfc062723c751e8b465ee728b)  -> (artifact id: 'ee3c1fc924a78b60d9a6f641240006cc') in 0.074385 seconds 
========================================================================
Received Import Request.
  Time since last request: 7.850461 seconds.
  path: Assets/2D Space Kit/Prefabs
  artifactKey: Guid(e231ac68974700f468b3d828da698c55) Importer(815301076,1909f56bfc062723c751e8b465ee728b)
Start importing Assets/2D Space Kit/Prefabs using Guid(e231ac68974700f468b3d828da698c55) Importer(815301076,1909f56bfc062723c751e8b465ee728b)  -> (artifact id: 'fe7cfdba7693bdfd9d4de094dcf7f397') in 0.002446 seconds 
========================================================================
Received Import Request.
  Time since last request: 0.064896 seconds.
  path: Assets/2D Space Kit/Prefabs/Explosion.prefab
  artifactKey: Guid(cafecd3fc3b761c45bb1553f35cf5c96) Importer(815301076,1909f56bfc062723c751e8b465ee728b)
Start importing Assets/2D Space Kit/Prefabs/Explosion.prefab using Guid(cafecd3fc3b761c45bb1553f35cf5c96) Importer(815301076,1909f56bfc062723c751e8b465ee728b)  -> (artifact id: '816297ce475cf60ec1fa9bfacec9845f') in 0.021411 seconds 
========================================================================
Received Import Request.
  Time since last request: 1.971864 seconds.
  path: Assets/2D Space Kit/Scripts
  artifactKey: Guid(69c5a7ba7069e424cb85b974ffb4bda7) Importer(815301076,1909f56bfc062723c751e8b465ee728b)
Start importing Assets/2D Space Kit/Scripts using Guid(69c5a7ba7069e424cb85b974ffb4bda7) Importer(815301076,1909f56bfc062723c751e8b465ee728b)  -> (artifact id: '756dea38d2ecd7627d2e0fef0d1171a9') in 0.005756 seconds 
========================================================================
Received Import Request.
  Time since last request: 2.030005 seconds.
  path: Assets/2D Space Kit/Ships and Stations
  artifactKey: Guid(dfeaf2934fe2ede49a88bb614eb6666e) Importer(815301076,1909f56bfc062723c751e8b465ee728b)
Start importing Assets/2D Space Kit/Ships and Stations using Guid(dfeaf2934fe2ede49a88bb614eb6666e) Importer(815301076,1909f56bfc062723c751e8b465ee728b)  -> (artifact id: '8d1876a2345ef4ccc4ad0b1afd101c0d') in 0.005813 seconds 
========================================================================
Received Import Request.
  Time since last request: 0.048995 seconds.
  path: Assets/2D Space Kit/Ships and Stations/Alien 1.png
  artifactKey: Guid(f7eb00cb3ec9bab45b85d561558c4250) Importer(815301076,1909f56bfc062723c751e8b465ee728b)
Start importing Assets/2D Space Kit/Ships and Stations/Alien 1.png using Guid(f7eb00cb3ec9bab45b85d561558c4250) Importer(815301076,1909f56bfc062723c751e8b465ee728b)  -> (artifact id: 'a7767dc89ef55dc4a66ec181399ad108') in 0.016982 seconds 
========================================================================
Received Import Request.
  Time since last request: 0.000023 seconds.
  path: Assets/2D Space Kit/Ships and Stations/Cruiser 2.png
  artifactKey: Guid(f0630834cdbcfa44e9df53403e44cd58) Importer(815301076,1909f56bfc062723c751e8b465ee728b)
Start importing Assets/2D Space Kit/Ships and Stations/Cruiser 2.png using Guid(f0630834cdbcfa44e9df53403e44cd58) Importer(815301076,1909f56bfc062723c751e8b465ee728b)  -> (artifact id: 'bc18f58dc0248a591c2069f7385d96e3') in 0.017085 seconds 
========================================================================
Received Import Request.
  Time since last request: 0.000026 seconds.
  path: Assets/2D Space Kit/Ships and Stations/Huge 1.png
  artifactKey: Guid(19ea3c87eb07d7f429b7164c647f167f) Importer(815301076,1909f56bfc062723c751e8b465ee728b)
Start importing Assets/2D Space Kit/Ships and Stations/Huge 1.png using Guid(19ea3c87eb07d7f429b7164c647f167f) Importer(815301076,1909f56bfc062723c751e8b465ee728b)  -> (artifact id: '12106ddce4b484d89998a08c35c7a960') in 0.018529 seconds 
========================================================================
Received Import Request.
  Time since last request: 0.000017 seconds.
  path: Assets/2D Space Kit/Ships and Stations/Destroyer 2.png
  artifactKey: Guid(859a688a03b6274409bde78f8c964d9f) Importer(815301076,1909f56bfc062723c751e8b465ee728b)
Start importing Assets/2D Space Kit/Ships and Stations/Destroyer 2.png using Guid(859a688a03b6274409bde78f8c964d9f) Importer(815301076,1909f56bfc062723c751e8b465ee728b)  -> (artifact id: '9cde5ed6524e990f36d7950750e06133') in 0.013139 seconds 
========================================================================
Received Import Request.
  Time since last request: 0.000024 seconds.
  path: Assets/2D Space Kit/Ships and Stations/Fighter 2.png
  artifactKey: Guid(394b5b0edcab9644e883ef25893924dd) Importer(815301076,1909f56bfc062723c751e8b465ee728b)
Start importing Assets/2D Space Kit/Ships and Stations/Fighter 2.png using Guid(394b5b0edcab9644e883ef25893924dd) Importer(815301076,1909f56bfc062723c751e8b465ee728b)  -> (artifact id: 'a152c98d1da6cbd39a2c5c9a300e85a9') in 0.011548 seconds 
========================================================================
Received Import Request.
  Time since last request: 0.000021 seconds.
  path: Assets/2D Space Kit/Ships and Stations/Carrier 1.png
  artifactKey: Guid(9c85acf95f904fd479f36a25bc647fd9) Importer(815301076,1909f56bfc062723c751e8b465ee728b)
Start importing Assets/2D Space Kit/Ships and Stations/Carrier 1.png using Guid(9c85acf95f904fd479f36a25bc647fd9) Importer(815301076,1909f56bfc062723c751e8b465ee728b)  -> (artifact id: 'e58b036acd16f62c12dc1c6d658b8bcf') in 0.017949 seconds 
========================================================================
Received Import Request.
  Time since last request: 20.012380 seconds.
  path: Assets/2D Space Kit/Turrets
  artifactKey: Guid(9fb3b154bc84818448f5a1d53c27dba1) Importer(815301076,1909f56bfc062723c751e8b465ee728b)
Start importing Assets/2D Space Kit/Turrets using Guid(9fb3b154bc84818448f5a1d53c27dba1) Importer(815301076,1909f56bfc062723c751e8b465ee728b)  -> (artifact id: 'ca0064258d877334cd3308c77ca26a69') in 0.007266 seconds 
========================================================================
Received Import Request.
  Time since last request: 0.067141 seconds.
  path: Assets/2D Space Kit/Turrets/Crosshair.png
  artifactKey: Guid(5960056f1a158354c9d34267efa08f77) Importer(815301076,1909f56bfc062723c751e8b465ee728b)
Start importing Assets/2D Space Kit/Turrets/Crosshair.png using Guid(5960056f1a158354c9d34267efa08f77) Importer(815301076,1909f56bfc062723c751e8b465ee728b)  -> (artifact id: 'a549bd14fae73af712ed00911b585f8f') in 0.010858 seconds 
========================================================================
Received Import Request.
  Time since last request: 0.000019 seconds.
  path: Assets/2D Space Kit/Turrets/Turret Medium 1.png
  artifactKey: Guid(b618a4750ef81c94c8bcde0fae940691) Importer(815301076,1909f56bfc062723c751e8b465ee728b)
Start importing Assets/2D Space Kit/Turrets/Turret Medium 1.png using Guid(b618a4750ef81c94c8bcde0fae940691) Importer(815301076,1909f56bfc062723c751e8b465ee728b)  -> (artifact id: 'dba8f60e5740f39cf7b127a5482e3b34') in 0.070570 seconds 
========================================================================
Received Import Request.
  Time since last request: 0.000021 seconds.
  path: Assets/2D Space Kit/Turrets/Turret Medium 3.png
  artifactKey: Guid(c2fcd762a8bd6cf4dbd18ba12ddc1525) Importer(815301076,1909f56bfc062723c751e8b465ee728b)
Start importing Assets/2D Space Kit/Turrets/Turret Medium 3.png using Guid(c2fcd762a8bd6cf4dbd18ba12ddc1525) Importer(815301076,1909f56bfc062723c751e8b465ee728b)  -> (artifact id: '26d315ec30d6c072a77c6e8cd8d47e76') in 0.059154 seconds 
========================================================================
Received Import Request.
  Time since last request: 0.000031 seconds.
  path: Assets/2D Space Kit/Turrets/Turret Small 4.png
  artifactKey: Guid(b520897860de45a489bea7656ba71eef) Importer(815301076,1909f56bfc062723c751e8b465ee728b)
Start importing Assets/2D Space Kit/Turrets/Turret Small 4.png using Guid(b520897860de45a489bea7656ba71eef) Importer(815301076,1909f56bfc062723c751e8b465ee728b)  -> (artifact id: '7adc80a339be4b9001134fa8eb281523') in 0.021353 seconds 
========================================================================
Received Prepare
Registering precompiled user dll's ...
Registered in 0.004948 seconds.
Begin MonoManager ReloadAssembly
Symbol file LoadedFromMemory doesn't match image C:\Users\SGA\Desktop\halu99\halu99\Library\PackageCache\com.unity.visualscripting@1.8.0\Editor\VisualScripting.Core\Dependencies\YamlDotNet\Unity.VisualScripting.YamlDotNet.dll
Symbol file LoadedFromMemory doesn't match image C:\Users\SGA\Desktop\halu99\halu99\Library\PackageCache\com.unity.visualscripting@1.8.0\Editor\VisualScripting.Core\Dependencies\DotNetZip\Unity.VisualScripting.IonicZip.dll
Native extension for WindowsStandalone target not found
Native extension for Android target not found
Native extension for WebGL target not found
Refreshing native plugins compatible for Editor in 0.59 ms, found 3 plugins.
Preloading 0 native plugins for Editor in 0.00 ms.
Mono: successfully reloaded assembly
- Completed reload, in  0.693 seconds
Domain Reload Profiling:
	ReloadAssembly (694ms)
		BeginReloadAssembly (101ms)
			ExecutionOrderSort (0ms)
			DisableScriptedObjects (3ms)
			BackupInstance (0ms)
			ReleaseScriptingObjects (0ms)
			CreateAndSetChildDomain (30ms)
		EndReloadAssembly (521ms)
			LoadAssemblies (57ms)
			RebuildTransferFunctionScriptingTraits (0ms)
			SetupTypeCache (185ms)
			ReleaseScriptCaches (1ms)
			RebuildScriptCaches (25ms)
			SetupLoadedEditorAssemblies (220ms)
				LogAssemblyErrors (0ms)
				InitializePlatformSupportModulesInManaged (24ms)
				SetLoadedEditorAssemblies (0ms)
				RefreshPlugins (1ms)
				BeforeProcessingInitializeOnLoad (49ms)
				ProcessInitializeOnLoadAttributes (129ms)
				ProcessInitializeOnLoadMethodAttributes (13ms)
				AfterProcessingInitializeOnLoad (4ms)
				EditorAssembliesLoaded (0ms)
			ExecutionOrderSort2 (0ms)
			AwakeInstancesAfterBackupRestoration (4ms)
Platform modules already initialized, skipping
Refreshing native plugins compatible for Editor in 1.02 ms, found 3 plugins.
Preloading 0 native plugins for Editor in 0.00 ms.
Unloading 3112 Unused Serialized files (Serialized files now loaded: 0)
Unloading 28 unused Assets / (80.8 KB). Loaded Objects now: 3685.
Memory consumption went from 120.6 MB to 120.5 MB.
Total: 1.913400 ms (FindLiveObjects: 0.160000 ms CreateObjectMapping: 0.070700 ms MarkObjects: 1.611200 ms  DeleteObjects: 0.070900 ms)

AssetImportParameters requested are different than current active one (requested -> active):
  custom:video-decoder-ogg-theora: a1e56fd34408186e4bbccfd4996cb3dc -> 
  custom:container-muxer-webm: aa71ff27fc2769a1b78a27578f13a17b -> 
  custom:container-demuxer-webm: 4f35f7cbe854078d1ac9338744f61a02 -> 
  custom:video-encoder-webm-vp8: eb34c28f22e8b96e1ab97ce403110664 -> 
  custom:audio-encoder-webm-vorbis: bf7c407c2cedff20999df2af8eb42d56 -> 
  custom:framework-win-MediaFoundation: 216162199b28c13a410421893ffa2e32 -> 
  custom:container-demuxer-ogg: 62fdf1f143b41e24485cea50d1cbac27 -> 
  custom:video-decoder-webm-vp8: 9c59270c3fd7afecdb556c50c9e8de78 -> 
  custom:audio-decoder-ogg-vorbis: bf7c407c2cedff20999df2af8eb42d56 -> 
========================================================================
Received Import Request.
  Time since last request: 139.892742 seconds.
  path: Assets/New Folder
  artifactKey: Guid(4038e457f86e78c458bd856bbd9b9af5) Importer(815301076,1909f56bfc062723c751e8b465ee728b)
Start importing Assets/New Folder using Guid(4038e457f86e78c458bd856bbd9b9af5) Importer(815301076,1909f56bfc062723c751e8b465ee728b)  -> (artifact id: '55b7c4f7cb3ed1e3094a99292b018a40') in 0.008248 seconds 
