Using pre-set license
Built from '2021.3/staging' branch; Version is '2021.3.19f1 (c9714fde33b6) revision 13201743'; Using compiler version '192829333'; Build Type 'Release'
OS: 'Windows 10  (10.0.19044) 64bit Professional' Language: 'ko' Physical Memory: 16280 MB
BatchMode: 1, IsHumanControllingUs: 0, StartBugReporterOnCrash: 0, Is64bit: 1, IsPro: 1

COMMAND LINE ARGUMENTS:
D:\Unity\2021.3.19f1\Editor\Unity.exe
-adb2
-batchMode
-noUpm
-name
AssetImportWorker2
-projectPath
D:/GitHub/Unity/halu99/halu99
-logFile
Logs/AssetImportWorker2.log
-srvPort
55374
Successfully changed project path to: D:/GitHub/Unity/halu99/halu99
D:/GitHub/Unity/halu99/halu99
[UnityMemory] Configuration Parameters - Can be set up in boot.config
    "memorysetup-bucket-allocator-granularity=16"
    "memorysetup-bucket-allocator-bucket-count=8"
    "memorysetup-bucket-allocator-block-size=33554432"
    "memorysetup-bucket-allocator-block-count=8"
    "memorysetup-main-allocator-block-size=16777216"
    "memorysetup-thread-allocator-block-size=16777216"
    "memorysetup-gfx-main-allocator-block-size=16777216"
    "memorysetup-gfx-thread-allocator-block-size=16777216"
    "memorysetup-cache-allocator-block-size=4194304"
    "memorysetup-typetree-allocator-block-size=2097152"
    "memorysetup-profiler-bucket-allocator-granularity=16"
    "memorysetup-profiler-bucket-allocator-bucket-count=8"
    "memorysetup-profiler-bucket-allocator-block-size=33554432"
    "memorysetup-profiler-bucket-allocator-block-count=8"
    "memorysetup-profiler-allocator-block-size=16777216"
    "memorysetup-profiler-editor-allocator-block-size=1048576"
    "memorysetup-temp-allocator-size-main=16777216"
    "memorysetup-job-temp-allocator-block-size=2097152"
    "memorysetup-job-temp-allocator-block-size-background=1048576"
    "memorysetup-job-temp-allocator-reduction-small-platforms=262144"
    "memorysetup-temp-allocator-size-background-worker=32768"
    "memorysetup-temp-allocator-size-job-worker=262144"
    "memorysetup-temp-allocator-size-preload-manager=33554432"
    "memorysetup-temp-allocator-size-nav-mesh-worker=65536"
    "memorysetup-temp-allocator-size-audio-worker=65536"
    "memorysetup-temp-allocator-size-cloud-worker=32768"
    "memorysetup-temp-allocator-size-gi-baking-worker=262144"
    "memorysetup-temp-allocator-size-gfx=262144"
Player connection [20904] Host "[IP] 192.168.123.100 [Port] 0 [Flags] 2 [Guid] 4271338245 [EditorId] 4271338245 [Version] 1048832 [Id] WindowsEditor(7,DESKTOP-12G4CIA) [Debug] 1 [PackageName] WindowsEditor [ProjectName] Editor" joined multi-casting on [225.0.0.222:54997]...

Player connection [20904] Host "[IP] 192.168.123.100 [Port] 0 [Flags] 2 [Guid] 4271338245 [EditorId] 4271338245 [Version] 1048832 [Id] WindowsEditor(7,DESKTOP-12G4CIA) [Debug] 1 [PackageName] WindowsEditor [ProjectName] Editor" joined alternative multi-casting on [225.0.0.222:34997]...

Refreshing native plugins compatible for Editor in 126.54 ms, found 3 plugins.
Preloading 0 native plugins for Editor in 0.00 ms.
Initialize engine version: 2021.3.19f1 (c9714fde33b6)
[Subsystems] Discovering subsystems at path D:/Unity/2021.3.19f1/Editor/Data/Resources/UnitySubsystems
[Subsystems] Discovering subsystems at path D:/GitHub/Unity/halu99/halu99/Assets
GfxDevice: creating device client; threaded=0; jobified=0
Direct3D:
    Version:  Direct3D 11.0 [level 11.1]
    Renderer: NVIDIA GeForce GTX 1050 Ti (ID=0x1c82)
    Vendor:   NVIDIA
    VRAM:     4019 MB
    Driver:   31.0.15.1694
Initialize mono
Mono path[0] = 'D:/Unity/2021.3.19f1/Editor/Data/Managed'
Mono path[1] = 'D:/Unity/2021.3.19f1/Editor/Data/MonoBleedingEdge/lib/mono/unityjit-win32'
Mono config path = 'D:/Unity/2021.3.19f1/Editor/Data/MonoBleedingEdge/etc'
Using monoOptions --debugger-agent=transport=dt_socket,embedding=1,server=y,suspend=n,address=127.0.0.1:56356
Begin MonoManager ReloadAssembly
Registering precompiled unity dll's ...
Register platform support module: D:/Unity/2021.3.19f1/Editor/Data/PlaybackEngines/AndroidPlayer/UnityEditor.Android.Extensions.dll
Register platform support module: D:/Unity/2021.3.19f1/Editor/Data/PlaybackEngines/WindowsStandaloneSupport/UnityEditor.WindowsStandalone.Extensions.dll
Registered in 0.004545 seconds.
Native extension for WindowsStandalone target not found
Native extension for Android target not found
Android Extension - Scanning For ADB Devices 396 ms
Refreshing native plugins compatible for Editor in 126.14 ms, found 3 plugins.
Preloading 0 native plugins for Editor in 0.00 ms.
Mono: successfully reloaded assembly
- Completed reload, in  1.283 seconds
Domain Reload Profiling:
	ReloadAssembly (1284ms)
		BeginReloadAssembly (101ms)
			ExecutionOrderSort (0ms)
			DisableScriptedObjects (0ms)
			BackupInstance (0ms)
			ReleaseScriptingObjects (0ms)
			CreateAndSetChildDomain (1ms)
		EndReloadAssembly (1034ms)
			LoadAssemblies (100ms)
			RebuildTransferFunctionScriptingTraits (0ms)
			SetupTypeCache (145ms)
			ReleaseScriptCaches (0ms)
			RebuildScriptCaches (42ms)
			SetupLoadedEditorAssemblies (781ms)
				LogAssemblyErrors (0ms)
				InitializePlatformSupportModulesInManaged (474ms)
				SetLoadedEditorAssemblies (0ms)
				RefreshPlugins (126ms)
				BeforeProcessingInitializeOnLoad (2ms)
				ProcessInitializeOnLoadAttributes (123ms)
				ProcessInitializeOnLoadMethodAttributes (55ms)
				AfterProcessingInitializeOnLoad (0ms)
				EditorAssembliesLoaded (0ms)
			ExecutionOrderSort2 (0ms)
			AwakeInstancesAfterBackupRestoration (0ms)
Platform modules already initialized, skipping
Registering precompiled user dll's ...
Registered in 0.005429 seconds.
Begin MonoManager ReloadAssembly
Symbol file LoadedFromMemory doesn't match image D:\GitHub\Unity\halu99\halu99\Library\PackageCache\com.unity.visualscripting@1.8.0\Editor\VisualScripting.Core\Dependencies\YamlDotNet\Unity.VisualScripting.YamlDotNet.dll
Symbol file LoadedFromMemory doesn't match image D:\GitHub\Unity\halu99\halu99\Library\PackageCache\com.unity.visualscripting@1.8.0\Editor\VisualScripting.Core\Dependencies\DotNetZip\Unity.VisualScripting.IonicZip.dll
Native extension for WindowsStandalone target not found
Native extension for Android target not found
Refreshing native plugins compatible for Editor in 0.74 ms, found 3 plugins.
Preloading 0 native plugins for Editor in 0.00 ms.
Mono: successfully reloaded assembly
- Completed reload, in  1.380 seconds
Domain Reload Profiling:
	ReloadAssembly (1381ms)
		BeginReloadAssembly (152ms)
			ExecutionOrderSort (0ms)
			DisableScriptedObjects (7ms)
			BackupInstance (0ms)
			ReleaseScriptingObjects (0ms)
			CreateAndSetChildDomain (25ms)
		EndReloadAssembly (1045ms)
			LoadAssemblies (121ms)
			RebuildTransferFunctionScriptingTraits (0ms)
			SetupTypeCache (367ms)
			ReleaseScriptCaches (1ms)
			RebuildScriptCaches (87ms)
			SetupLoadedEditorAssemblies (432ms)
				LogAssemblyErrors (0ms)
				InitializePlatformSupportModulesInManaged (20ms)
				SetLoadedEditorAssemblies (1ms)
				RefreshPlugins (1ms)
				BeforeProcessingInitializeOnLoad (107ms)
				ProcessInitializeOnLoadAttributes (276ms)
				ProcessInitializeOnLoadMethodAttributes (24ms)
				AfterProcessingInitializeOnLoad (4ms)
				EditorAssembliesLoaded (0ms)
			ExecutionOrderSort2 (0ms)
			AwakeInstancesAfterBackupRestoration (8ms)
Platform modules already initialized, skipping
========================================================================
Worker process is ready to serve import requests
Launched and connected shader compiler UnityShaderCompiler.exe after 0.10 seconds
Refreshing native plugins compatible for Editor in 0.64 ms, found 3 plugins.
Preloading 0 native plugins for Editor in 0.00 ms.
Unloading 3126 Unused Serialized files (Serialized files now loaded: 0)
Unloading 24 unused Assets / (113.4 KB). Loaded Objects now: 3597.
Memory consumption went from 116.9 MB to 116.8 MB.
Total: 3.111200 ms (FindLiveObjects: 0.268200 ms CreateObjectMapping: 0.262700 ms MarkObjects: 2.458900 ms  DeleteObjects: 0.120300 ms)

AssetImportParameters requested are different than current active one (requested -> active):
  custom:video-decoder-ogg-theora: a1e56fd34408186e4bbccfd4996cb3dc -> 
  custom:container-muxer-webm: aa71ff27fc2769a1b78a27578f13a17b -> 
  custom:container-demuxer-webm: 4f35f7cbe854078d1ac9338744f61a02 -> 
  custom:video-encoder-webm-vp8: eb34c28f22e8b96e1ab97ce403110664 -> 
  custom:audio-encoder-webm-vorbis: bf7c407c2cedff20999df2af8eb42d56 -> 
  custom:framework-win-MediaFoundation: 216162199b28c13a410421893ffa2e32 -> 
  custom:container-demuxer-ogg: 62fdf1f143b41e24485cea50d1cbac27 -> 
  custom:video-decoder-webm-vp8: 9c59270c3fd7afecdb556c50c9e8de78 -> 
  custom:audio-decoder-ogg-vorbis: bf7c407c2cedff20999df2af8eb42d56 -> 
========================================================================
Received Import Request.
  Time since last request: 1214952.485025 seconds.
  path: Assets/Resources/Prefabs/Player/Ship_1_A.prefab
  artifactKey: Guid(b43d2cb516c567344ae0fd7c3cd2db1d) Importer(815301076,1909f56bfc062723c751e8b465ee728b)
Start importing Assets/Resources/Prefabs/Player/Ship_1_A.prefab using Guid(b43d2cb516c567344ae0fd7c3cd2db1d) Importer(815301076,1909f56bfc062723c751e8b465ee728b)  -> (artifact id: 'b44af39d346e1b0cd6f9ab8a1f6ae1a3') in 0.298623 seconds 
========================================================================
Received Import Request.
  Time since last request: 1.528109 seconds.
  path: Assets/Resources/Prefabs/Player/Missile/Missile_A.prefab
  artifactKey: Guid(419609bad00be1c4d8866922ff8d3092) Importer(815301076,1909f56bfc062723c751e8b465ee728b)
Start importing Assets/Resources/Prefabs/Player/Missile/Missile_A.prefab using Guid(419609bad00be1c4d8866922ff8d3092) Importer(815301076,1909f56bfc062723c751e8b465ee728b)  -> (artifact id: '26280b29760580421f3d0294c7c52ad2') in 0.042531 seconds 
========================================================================
Received Import Request.
  Time since last request: 4.864193 seconds.
  path: Assets/Resources/Prefabs/Player/Missile/Missile_A.prefab
  artifactKey: Guid(419609bad00be1c4d8866922ff8d3092) Importer(815301076,1909f56bfc062723c751e8b465ee728b)
Start importing Assets/Resources/Prefabs/Player/Missile/Missile_A.prefab using Guid(419609bad00be1c4d8866922ff8d3092) Importer(815301076,1909f56bfc062723c751e8b465ee728b)  -> (artifact id: '3680514f5d58458dd4cc5c18071959b2') in 0.036169 seconds 
========================================================================
Received Import Request.
  Time since last request: 0.000095 seconds.
  path: Assets/Resources/Prefabs/Player/Missile/Missile_D.prefab
  artifactKey: Guid(f1203140a5816844d95c9b18ee6eee38) Importer(815301076,1909f56bfc062723c751e8b465ee728b)
Start importing Assets/Resources/Prefabs/Player/Missile/Missile_D.prefab using Guid(f1203140a5816844d95c9b18ee6eee38) Importer(815301076,1909f56bfc062723c751e8b465ee728b)  -> (artifact id: 'e2028b8e79be8babf878f81f4eee5a8a') in 0.018313 seconds 
========================================================================
Received Import Request.
  Time since last request: 5.767453 seconds.
  path: Assets/Resources/Prefabs/Player/Missile/Missile_A.prefab
  artifactKey: Guid(419609bad00be1c4d8866922ff8d3092) Importer(815301076,1909f56bfc062723c751e8b465ee728b)
Start importing Assets/Resources/Prefabs/Player/Missile/Missile_A.prefab using Guid(419609bad00be1c4d8866922ff8d3092) Importer(815301076,1909f56bfc062723c751e8b465ee728b)  -> (artifact id: '1e25124f2f487859dc40ad0ec4c392ae') in 0.023958 seconds 
========================================================================
Received Import Request.
  Time since last request: 0.000464 seconds.
  path: Assets/Resources/Prefabs/Player/Missile/Missile_D.prefab
  artifactKey: Guid(f1203140a5816844d95c9b18ee6eee38) Importer(815301076,1909f56bfc062723c751e8b465ee728b)
Start importing Assets/Resources/Prefabs/Player/Missile/Missile_D.prefab using Guid(f1203140a5816844d95c9b18ee6eee38) Importer(815301076,1909f56bfc062723c751e8b465ee728b)  -> (artifact id: 'f526761925b33cffd6ea44992a581844') in 0.025646 seconds 
========================================================================
Received Import Request.
  Time since last request: 2.759905 seconds.
  path: Assets/Resources/Prefabs/Player/Ship_1_A.prefab
  artifactKey: Guid(b43d2cb516c567344ae0fd7c3cd2db1d) Importer(815301076,1909f56bfc062723c751e8b465ee728b)
Start importing Assets/Resources/Prefabs/Player/Ship_1_A.prefab using Guid(b43d2cb516c567344ae0fd7c3cd2db1d) Importer(815301076,1909f56bfc062723c751e8b465ee728b)  -> (artifact id: '3caa324b5199487d1ec2165c7494f015') in 0.009976 seconds 
========================================================================
Received Import Request.
  Time since last request: 1.351688 seconds.
  path: Assets/Resources/Prefabs/Player/Item
  artifactKey: Guid(082c8b8b2dbbfd041b899a585b324846) Importer(815301076,1909f56bfc062723c751e8b465ee728b)
Start importing Assets/Resources/Prefabs/Player/Item using Guid(082c8b8b2dbbfd041b899a585b324846) Importer(815301076,1909f56bfc062723c751e8b465ee728b)  -> (artifact id: '5dad511abaf29a02aa3401071562837d') in 0.011256 seconds 
========================================================================
Received Import Request.
  Time since last request: 0.027663 seconds.
  path: Assets/Resources/Prefabs/Player/Item/Pickup_1_A.prefab
  artifactKey: Guid(2029f41baa94b434fbe2b5896f6a61ee) Importer(815301076,1909f56bfc062723c751e8b465ee728b)
Start importing Assets/Resources/Prefabs/Player/Item/Pickup_1_A.prefab using Guid(2029f41baa94b434fbe2b5896f6a61ee) Importer(815301076,1909f56bfc062723c751e8b465ee728b)  -> (artifact id: 'c817b2674ee52ffcbdbaba11cdc3d82c') in 0.039759 seconds 
========================================================================
Received Import Request.
  Time since last request: 0.002741 seconds.
  path: Assets/Resources/Prefabs/Player/Item/Pickup_1_D.prefab
  artifactKey: Guid(7cc14c6a072160041b6d40bbf840bf6c) Importer(815301076,1909f56bfc062723c751e8b465ee728b)
Start importing Assets/Resources/Prefabs/Player/Item/Pickup_1_D.prefab using Guid(7cc14c6a072160041b6d40bbf840bf6c) Importer(815301076,1909f56bfc062723c751e8b465ee728b)  -> (artifact id: '9eb36733b6c029aff16512ed0584d222') in 0.055660 seconds 
========================================================================
Received Import Request.
  Time since last request: 0.000018 seconds.
  path: Assets/Resources/Prefabs/Player/Item/Pickup_2_C.prefab
  artifactKey: Guid(1acec8673decb714a9e1589e646a20d8) Importer(815301076,1909f56bfc062723c751e8b465ee728b)
Start importing Assets/Resources/Prefabs/Player/Item/Pickup_2_C.prefab using Guid(1acec8673decb714a9e1589e646a20d8) Importer(815301076,1909f56bfc062723c751e8b465ee728b)  -> (artifact id: '99a406e8a9527ff8e7fbfcb2199f7f4e') in 0.042511 seconds 
========================================================================
Received Import Request.
  Time since last request: 0.000023 seconds.
  path: Assets/Resources/Prefabs/Player/Item/Pickup_3_B.prefab
  artifactKey: Guid(f6af5be8ca7221546b8f0d9861eb0d47) Importer(815301076,1909f56bfc062723c751e8b465ee728b)
Start importing Assets/Resources/Prefabs/Player/Item/Pickup_3_B.prefab using Guid(f6af5be8ca7221546b8f0d9861eb0d47) Importer(815301076,1909f56bfc062723c751e8b465ee728b)  -> (artifact id: 'be5e785db5185b410c4acef66ef6e2e5') in 0.055630 seconds 
========================================================================
Received Import Request.
  Time since last request: 0.000029 seconds.
  path: Assets/Resources/Prefabs/Player/Item/Pickup_3_D.prefab
  artifactKey: Guid(deb47a69e5c60ae458125059c9ada032) Importer(815301076,1909f56bfc062723c751e8b465ee728b)
Start importing Assets/Resources/Prefabs/Player/Item/Pickup_3_D.prefab using Guid(deb47a69e5c60ae458125059c9ada032) Importer(815301076,1909f56bfc062723c751e8b465ee728b)  -> (artifact id: '9e787084de41ec8e452d7a36f9c11926') in 0.055274 seconds 
========================================================================
Received Import Request.
  Time since last request: 6.448695 seconds.
  path: Assets/Resources/Prefabs/Player/Item/Pickup_1_A.prefab
  artifactKey: Guid(2029f41baa94b434fbe2b5896f6a61ee) Importer(815301076,1909f56bfc062723c751e8b465ee728b)
Start importing Assets/Resources/Prefabs/Player/Item/Pickup_1_A.prefab using Guid(2029f41baa94b434fbe2b5896f6a61ee) Importer(815301076,1909f56bfc062723c751e8b465ee728b)  -> (artifact id: '49f437b7ee47688b722a79aa6ae47355') in 0.022259 seconds 
========================================================================
Received Import Request.
  Time since last request: 0.000065 seconds.
  path: Assets/Resources/Prefabs/Player/Item/Pickup_3_A.prefab
  artifactKey: Guid(56e6dbe6c4a9610408b2f00400fc5e37) Importer(815301076,1909f56bfc062723c751e8b465ee728b)
Start importing Assets/Resources/Prefabs/Player/Item/Pickup_3_A.prefab using Guid(56e6dbe6c4a9610408b2f00400fc5e37) Importer(815301076,1909f56bfc062723c751e8b465ee728b)  -> (artifact id: 'e1a680a3c9237ccd33630bf3f8981ea6') in 0.014668 seconds 
========================================================================
Received Import Request.
  Time since last request: 0.000032 seconds.
  path: Assets/Resources/Prefabs/Player/Item/Pickup_2_A.prefab
  artifactKey: Guid(8805592802c640142bb61fe49ba79030) Importer(815301076,1909f56bfc062723c751e8b465ee728b)
Start importing Assets/Resources/Prefabs/Player/Item/Pickup_2_A.prefab using Guid(8805592802c640142bb61fe49ba79030) Importer(815301076,1909f56bfc062723c751e8b465ee728b)  -> (artifact id: 'a326e290fad27121efe3f5c201c73a78') in 0.023782 seconds 
========================================================================
Received Import Request.
  Time since last request: 0.000016 seconds.
  path: Assets/Resources/Prefabs/Player/Item/Pickup_1_D.prefab
  artifactKey: Guid(7cc14c6a072160041b6d40bbf840bf6c) Importer(815301076,1909f56bfc062723c751e8b465ee728b)
Start importing Assets/Resources/Prefabs/Player/Item/Pickup_1_D.prefab using Guid(7cc14c6a072160041b6d40bbf840bf6c) Importer(815301076,1909f56bfc062723c751e8b465ee728b)  -> (artifact id: '6df3a4507b4c052ef9b3108d3d473d6b') in 0.038652 seconds 
========================================================================
Received Import Request.
  Time since last request: 3.754326 seconds.
  path: Assets/Resources/Prefabs/Player/Item/Pickup_1_A.prefab
  artifactKey: Guid(2029f41baa94b434fbe2b5896f6a61ee) Importer(815301076,1909f56bfc062723c751e8b465ee728b)
Start importing Assets/Resources/Prefabs/Player/Item/Pickup_1_A.prefab using Guid(2029f41baa94b434fbe2b5896f6a61ee) Importer(815301076,1909f56bfc062723c751e8b465ee728b)  -> (artifact id: '15ffe406792136ca1553110c1355e07f') in 0.021571 seconds 
========================================================================
Received Import Request.
  Time since last request: 0.000057 seconds.
  path: Assets/Resources/Prefabs/Player/Item/Pickup_3_C.prefab
  artifactKey: Guid(29bc823d885883c4c8c2576587e70a6a) Importer(815301076,1909f56bfc062723c751e8b465ee728b)
Start importing Assets/Resources/Prefabs/Player/Item/Pickup_3_C.prefab using Guid(29bc823d885883c4c8c2576587e70a6a) Importer(815301076,1909f56bfc062723c751e8b465ee728b)  -> (artifact id: 'e90f6813aa8fef1f42d149d95faee631') in 0.019419 seconds 
========================================================================
Received Import Request.
  Time since last request: 0.000027 seconds.
  path: Assets/Resources/Prefabs/Player/Item/Pickup_2_A.prefab
  artifactKey: Guid(8805592802c640142bb61fe49ba79030) Importer(815301076,1909f56bfc062723c751e8b465ee728b)
Start importing Assets/Resources/Prefabs/Player/Item/Pickup_2_A.prefab using Guid(8805592802c640142bb61fe49ba79030) Importer(815301076,1909f56bfc062723c751e8b465ee728b)  -> (artifact id: '1b460fefcf4539004eb70f8f46ca8dc1') in 0.017198 seconds 
========================================================================
Received Import Request.
  Time since last request: 0.000031 seconds.
  path: Assets/Resources/Prefabs/Player/Item/Pickup_1_D.prefab
  artifactKey: Guid(7cc14c6a072160041b6d40bbf840bf6c) Importer(815301076,1909f56bfc062723c751e8b465ee728b)
Start importing Assets/Resources/Prefabs/Player/Item/Pickup_1_D.prefab using Guid(7cc14c6a072160041b6d40bbf840bf6c) Importer(815301076,1909f56bfc062723c751e8b465ee728b)  -> (artifact id: '9f81aacc23105c72cb77224587bbb81a') in 0.012577 seconds 
========================================================================
Received Import Request.
  Time since last request: 0.000122 seconds.
  path: Assets/Resources/Prefabs/Player/Item/Pickup_3_B.prefab
  artifactKey: Guid(f6af5be8ca7221546b8f0d9861eb0d47) Importer(815301076,1909f56bfc062723c751e8b465ee728b)
Start importing Assets/Resources/Prefabs/Player/Item/Pickup_3_B.prefab using Guid(f6af5be8ca7221546b8f0d9861eb0d47) Importer(815301076,1909f56bfc062723c751e8b465ee728b)  -> (artifact id: '67e689e3bc9da91595740930b5f75c8c') in 0.017835 seconds 
========================================================================
Received Import Request.
  Time since last request: 39.659231 seconds.
  path: Assets/Resources/Prefabs/Enemy/Enemy_1_A.prefab
  artifactKey: Guid(68cc8298c7c83f5408bbd120ab93099b) Importer(815301076,1909f56bfc062723c751e8b465ee728b)
Start importing Assets/Resources/Prefabs/Enemy/Enemy_1_A.prefab using Guid(68cc8298c7c83f5408bbd120ab93099b) Importer(815301076,1909f56bfc062723c751e8b465ee728b)  -> (artifact id: 'd3f33a4bfd0c9db2b59ca8d2218353a7') in 0.042015 seconds 
========================================================================
Received Import Request.
  Time since last request: 0.000029 seconds.
  path: Assets/Resources/Prefabs/Enemy/Enemy_2_B.prefab
  artifactKey: Guid(54b82ee1762a91b42a1e9e3a19d2b7c7) Importer(815301076,1909f56bfc062723c751e8b465ee728b)
Start importing Assets/Resources/Prefabs/Enemy/Enemy_2_B.prefab using Guid(54b82ee1762a91b42a1e9e3a19d2b7c7) Importer(815301076,1909f56bfc062723c751e8b465ee728b)  -> (artifact id: '4b92758b3985be3adda6bf8f3c7cff6f') in 0.039891 seconds 
========================================================================
Received Import Request.
  Time since last request: 2.730159 seconds.
  path: Assets/Resources/Prefabs/Enemy/Enemy_1_A.prefab
  artifactKey: Guid(68cc8298c7c83f5408bbd120ab93099b) Importer(815301076,1909f56bfc062723c751e8b465ee728b)
Start importing Assets/Resources/Prefabs/Enemy/Enemy_1_A.prefab using Guid(68cc8298c7c83f5408bbd120ab93099b) Importer(815301076,1909f56bfc062723c751e8b465ee728b)  -> (artifact id: '512047169602892c5f8127bbbf189bd4') in 0.026808 seconds 
========================================================================
Received Import Request.
  Time since last request: 0.000172 seconds.
  path: Assets/Resources/Prefabs/Enemy/Enemy_2_A.prefab
  artifactKey: Guid(ea844249b6478be49b3a474125cc6497) Importer(815301076,1909f56bfc062723c751e8b465ee728b)
Start importing Assets/Resources/Prefabs/Enemy/Enemy_2_A.prefab using Guid(ea844249b6478be49b3a474125cc6497) Importer(815301076,1909f56bfc062723c751e8b465ee728b)  -> (artifact id: '2b631b2c83f3fd75a5b6373ba0d0dd2e') in 0.021805 seconds 
========================================================================
Received Prepare
Registering precompiled user dll's ...
Registered in 0.007296 seconds.
Begin MonoManager ReloadAssembly
Symbol file LoadedFromMemory doesn't match image D:\GitHub\Unity\halu99\halu99\Library\PackageCache\com.unity.visualscripting@1.8.0\Editor\VisualScripting.Core\Dependencies\YamlDotNet\Unity.VisualScripting.YamlDotNet.dll
Symbol file LoadedFromMemory doesn't match image D:\GitHub\Unity\halu99\halu99\Library\PackageCache\com.unity.visualscripting@1.8.0\Editor\VisualScripting.Core\Dependencies\DotNetZip\Unity.VisualScripting.IonicZip.dll
Native extension for WindowsStandalone target not found
Native extension for Android target not found
Refreshing native plugins compatible for Editor in 0.98 ms, found 3 plugins.
Preloading 0 native plugins for Editor in 0.00 ms.
Mono: successfully reloaded assembly
- Completed reload, in  3.086 seconds
Domain Reload Profiling:
	ReloadAssembly (3101ms)
		BeginReloadAssembly (416ms)
			ExecutionOrderSort (0ms)
			DisableScriptedObjects (10ms)
			BackupInstance (0ms)
			ReleaseScriptingObjects (1ms)
			CreateAndSetChildDomain (155ms)
		EndReloadAssembly (2343ms)
			LoadAssemblies (278ms)
			RebuildTransferFunctionScriptingTraits (0ms)
			SetupTypeCache (819ms)
			ReleaseScriptCaches (2ms)
			RebuildScriptCaches (108ms)
			SetupLoadedEditorAssemblies (970ms)
				LogAssemblyErrors (0ms)
				InitializePlatformSupportModulesInManaged (66ms)
				SetLoadedEditorAssemblies (1ms)
				RefreshPlugins (1ms)
				BeforeProcessingInitializeOnLoad (234ms)
				ProcessInitializeOnLoadAttributes (599ms)
				ProcessInitializeOnLoadMethodAttributes (58ms)
				AfterProcessingInitializeOnLoad (12ms)
				EditorAssembliesLoaded (0ms)
			ExecutionOrderSort2 (0ms)
			AwakeInstancesAfterBackupRestoration (17ms)
Platform modules already initialized, skipping
Refreshing native plugins compatible for Editor in 10.68 ms, found 3 plugins.
Preloading 0 native plugins for Editor in 0.00 ms.
Unloading 3113 Unused Serialized files (Serialized files now loaded: 0)
Unloading 17 unused Assets / (79.9 KB). Loaded Objects now: 3608.
Memory consumption went from 120.4 MB to 120.3 MB.
Total: 8.841600 ms (FindLiveObjects: 0.570700 ms CreateObjectMapping: 0.665300 ms MarkObjects: 7.504300 ms  DeleteObjects: 0.097700 ms)

AssetImportParameters requested are different than current active one (requested -> active):
  custom:video-decoder-ogg-theora: a1e56fd34408186e4bbccfd4996cb3dc -> 
  custom:container-muxer-webm: aa71ff27fc2769a1b78a27578f13a17b -> 
  custom:container-demuxer-webm: 4f35f7cbe854078d1ac9338744f61a02 -> 
  custom:video-encoder-webm-vp8: eb34c28f22e8b96e1ab97ce403110664 -> 
  custom:audio-encoder-webm-vorbis: bf7c407c2cedff20999df2af8eb42d56 -> 
  custom:framework-win-MediaFoundation: 216162199b28c13a410421893ffa2e32 -> 
  custom:container-demuxer-ogg: 62fdf1f143b41e24485cea50d1cbac27 -> 
  custom:video-decoder-webm-vp8: 9c59270c3fd7afecdb556c50c9e8de78 -> 
  custom:audio-decoder-ogg-vorbis: bf7c407c2cedff20999df2af8eb42d56 -> 
========================================================================
Received Prepare
Registering precompiled user dll's ...
Registered in 0.006408 seconds.
Begin MonoManager ReloadAssembly
Symbol file LoadedFromMemory doesn't match image D:\GitHub\Unity\halu99\halu99\Library\PackageCache\com.unity.visualscripting@1.8.0\Editor\VisualScripting.Core\Dependencies\YamlDotNet\Unity.VisualScripting.YamlDotNet.dll
Symbol file LoadedFromMemory doesn't match image D:\GitHub\Unity\halu99\halu99\Library\PackageCache\com.unity.visualscripting@1.8.0\Editor\VisualScripting.Core\Dependencies\DotNetZip\Unity.VisualScripting.IonicZip.dll
Native extension for WindowsStandalone target not found
Native extension for Android target not found
Refreshing native plugins compatible for Editor in 3.63 ms, found 3 plugins.
Preloading 0 native plugins for Editor in 0.00 ms.
Mono: successfully reloaded assembly
- Completed reload, in  3.411 seconds
Domain Reload Profiling:
	ReloadAssembly (3412ms)
		BeginReloadAssembly (335ms)
			ExecutionOrderSort (0ms)
			DisableScriptedObjects (8ms)
			BackupInstance (0ms)
			ReleaseScriptingObjects (0ms)
			CreateAndSetChildDomain (94ms)
		EndReloadAssembly (2609ms)
			LoadAssemblies (266ms)
			RebuildTransferFunctionScriptingTraits (0ms)
			SetupTypeCache (1035ms)
			ReleaseScriptCaches (1ms)
			RebuildScriptCaches (212ms)
			SetupLoadedEditorAssemblies (984ms)
				LogAssemblyErrors (0ms)
				InitializePlatformSupportModulesInManaged (72ms)
				SetLoadedEditorAssemblies (2ms)
				RefreshPlugins (4ms)
				BeforeProcessingInitializeOnLoad (193ms)
				ProcessInitializeOnLoadAttributes (634ms)
				ProcessInitializeOnLoadMethodAttributes (56ms)
				AfterProcessingInitializeOnLoad (22ms)
				EditorAssembliesLoaded (0ms)
			ExecutionOrderSort2 (0ms)
			AwakeInstancesAfterBackupRestoration (17ms)
Platform modules already initialized, skipping
Refreshing native plugins compatible for Editor in 5.03 ms, found 3 plugins.
Preloading 0 native plugins for Editor in 0.00 ms.
Unloading 3113 Unused Serialized files (Serialized files now loaded: 0)
Unloading 17 unused Assets / (79.8 KB). Loaded Objects now: 3611.
Memory consumption went from 120.4 MB to 120.3 MB.
Total: 5.133700 ms (FindLiveObjects: 1.319300 ms CreateObjectMapping: 1.207100 ms MarkObjects: 2.471800 ms  DeleteObjects: 0.134500 ms)

AssetImportParameters requested are different than current active one (requested -> active):
  custom:video-decoder-ogg-theora: a1e56fd34408186e4bbccfd4996cb3dc -> 
  custom:container-muxer-webm: aa71ff27fc2769a1b78a27578f13a17b -> 
  custom:container-demuxer-webm: 4f35f7cbe854078d1ac9338744f61a02 -> 
  custom:video-encoder-webm-vp8: eb34c28f22e8b96e1ab97ce403110664 -> 
  custom:audio-encoder-webm-vorbis: bf7c407c2cedff20999df2af8eb42d56 -> 
  custom:framework-win-MediaFoundation: 216162199b28c13a410421893ffa2e32 -> 
  custom:container-demuxer-ogg: 62fdf1f143b41e24485cea50d1cbac27 -> 
  custom:video-decoder-webm-vp8: 9c59270c3fd7afecdb556c50c9e8de78 -> 
  custom:audio-decoder-ogg-vorbis: bf7c407c2cedff20999df2af8eb42d56 -> 
Editor requested this worker to shutdown with reason: Scaling down because of idle timeout
AssetImportWorkerClient::OnTransportError - code=2 error=End of file
AssetImportWorker is now disconnected from the server
Process exiting
Exiting without the bug reporter. Application will terminate with return code 0