Using pre-set license
Built from '2021.3/staging' branch; Version is '2021.3.22f1 (b6c551784ba3) revision 11978065'; Using compiler version '192829333'; Build Type 'Release'
OS: 'Windows 10  (10.0.19044) 64bit Professional' Language: 'ko' Physical Memory: 16280 MB
BatchMode: 1, IsHumanControllingUs: 0, StartBugReporterOnCrash: 0, Is64bit: 1, IsPro: 1

COMMAND LINE ARGUMENTS:
D:\Unity\2021.3.22f1\Editor\Unity.exe
-adb2
-batchMode
-noUpm
-name
AssetImportWorker2
-projectPath
D:/GitHub/Unity/halu99/halu99
-logFile
Logs/AssetImportWorker2.log
-srvPort
62205
Successfully changed project path to: D:/GitHub/Unity/halu99/halu99
D:/GitHub/Unity/halu99/halu99
[UnityMemory] Configuration Parameters - Can be set up in boot.config
    "memorysetup-bucket-allocator-granularity=16"
    "memorysetup-bucket-allocator-bucket-count=8"
    "memorysetup-bucket-allocator-block-size=33554432"
    "memorysetup-bucket-allocator-block-count=8"
    "memorysetup-main-allocator-block-size=16777216"
    "memorysetup-thread-allocator-block-size=16777216"
    "memorysetup-gfx-main-allocator-block-size=16777216"
    "memorysetup-gfx-thread-allocator-block-size=16777216"
    "memorysetup-cache-allocator-block-size=4194304"
    "memorysetup-typetree-allocator-block-size=2097152"
    "memorysetup-profiler-bucket-allocator-granularity=16"
    "memorysetup-profiler-bucket-allocator-bucket-count=8"
    "memorysetup-profiler-bucket-allocator-block-size=33554432"
    "memorysetup-profiler-bucket-allocator-block-count=8"
    "memorysetup-profiler-allocator-block-size=16777216"
    "memorysetup-profiler-editor-allocator-block-size=1048576"
    "memorysetup-temp-allocator-size-main=16777216"
    "memorysetup-job-temp-allocator-block-size=2097152"
    "memorysetup-job-temp-allocator-block-size-background=1048576"
    "memorysetup-job-temp-allocator-reduction-small-platforms=262144"
    "memorysetup-temp-allocator-size-background-worker=32768"
    "memorysetup-temp-allocator-size-job-worker=262144"
    "memorysetup-temp-allocator-size-preload-manager=33554432"
    "memorysetup-temp-allocator-size-nav-mesh-worker=65536"
    "memorysetup-temp-allocator-size-audio-worker=65536"
    "memorysetup-temp-allocator-size-cloud-worker=32768"
    "memorysetup-temp-allocator-size-gi-baking-worker=262144"
    "memorysetup-temp-allocator-size-gfx=262144"
Player connection [8272] Host "[IP] 192.168.123.100 [Port] 0 [Flags] 2 [Guid] 1059198415 [EditorId] 1059198415 [Version] 1048832 [Id] WindowsEditor(7,DESKTOP-12G4CIA) [Debug] 1 [PackageName] WindowsEditor [ProjectName] Editor" joined multi-casting on [225.0.0.222:54997]...

Player connection [8272] Host "[IP] 192.168.123.100 [Port] 0 [Flags] 2 [Guid] 1059198415 [EditorId] 1059198415 [Version] 1048832 [Id] WindowsEditor(7,DESKTOP-12G4CIA) [Debug] 1 [PackageName] WindowsEditor [ProjectName] Editor" joined alternative multi-casting on [225.0.0.222:34997]...

Refreshing native plugins compatible for Editor in 398.14 ms, found 3 plugins.
Preloading 0 native plugins for Editor in 0.00 ms.
Initialize engine version: 2021.3.22f1 (b6c551784ba3)
[Subsystems] Discovering subsystems at path D:/Unity/2021.3.22f1/Editor/Data/Resources/UnitySubsystems
[Subsystems] Discovering subsystems at path D:/GitHub/Unity/halu99/halu99/Assets
GfxDevice: creating device client; threaded=0; jobified=0
Direct3D:
    Version:  Direct3D 11.0 [level 11.1]
    Renderer: NVIDIA GeForce GTX 1050 Ti (ID=0x1c82)
    Vendor:   NVIDIA
    VRAM:     4019 MB
    Driver:   31.0.15.1694
Initialize mono
Mono path[0] = 'D:/Unity/2021.3.22f1/Editor/Data/Managed'
Mono path[1] = 'D:/Unity/2021.3.22f1/Editor/Data/MonoBleedingEdge/lib/mono/unityjit-win32'
Mono config path = 'D:/Unity/2021.3.22f1/Editor/Data/MonoBleedingEdge/etc'
Using monoOptions --debugger-agent=transport=dt_socket,embedding=1,server=y,suspend=n,address=127.0.0.1:56428
Begin MonoManager ReloadAssembly
Registering precompiled unity dll's ...
Register platform support module: D:/Unity/2021.3.22f1/Editor/Data/PlaybackEngines/AndroidPlayer/UnityEditor.Android.Extensions.dll
Register platform support module: D:/Unity/2021.3.22f1/Editor/Data/PlaybackEngines/WindowsStandaloneSupport/UnityEditor.WindowsStandalone.Extensions.dll
Registered in 0.009340 seconds.
Native extension for WindowsStandalone target not found
Native extension for Android target not found
Android Extension - Scanning For ADB Devices 445 ms
Refreshing native plugins compatible for Editor in 148.21 ms, found 3 plugins.
Preloading 0 native plugins for Editor in 0.00 ms.
Mono: successfully reloaded assembly
- Completed reload, in  1.527 seconds
Domain Reload Profiling:
	ReloadAssembly (1527ms)
		BeginReloadAssembly (167ms)
			ExecutionOrderSort (0ms)
			DisableScriptedObjects (0ms)
			BackupInstance (0ms)
			ReleaseScriptingObjects (0ms)
			CreateAndSetChildDomain (2ms)
		EndReloadAssembly (1184ms)
			LoadAssemblies (167ms)
			RebuildTransferFunctionScriptingTraits (0ms)
			SetupTypeCache (165ms)
			ReleaseScriptCaches (0ms)
			RebuildScriptCaches (39ms)
			SetupLoadedEditorAssemblies (917ms)
				LogAssemblyErrors (0ms)
				InitializePlatformSupportModulesInManaged (525ms)
				SetLoadedEditorAssemblies (0ms)
				RefreshPlugins (149ms)
				BeforeProcessingInitializeOnLoad (2ms)
				ProcessInitializeOnLoadAttributes (185ms)
				ProcessInitializeOnLoadMethodAttributes (56ms)
				AfterProcessingInitializeOnLoad (0ms)
				EditorAssembliesLoaded (0ms)
			ExecutionOrderSort2 (0ms)
			AwakeInstancesAfterBackupRestoration (0ms)
Platform modules already initialized, skipping
Registering precompiled user dll's ...
Registered in 0.005328 seconds.
Begin MonoManager ReloadAssembly
Symbol file LoadedFromMemory doesn't match image D:\GitHub\Unity\halu99\halu99\Library\PackageCache\com.unity.visualscripting@1.8.0\Editor\VisualScripting.Core\Dependencies\YamlDotNet\Unity.VisualScripting.YamlDotNet.dll
Symbol file LoadedFromMemory doesn't match image D:\GitHub\Unity\halu99\halu99\Library\PackageCache\com.unity.visualscripting@1.8.0\Editor\VisualScripting.Core\Dependencies\DotNetZip\Unity.VisualScripting.IonicZip.dll
Native extension for WindowsStandalone target not found
Native extension for Android target not found
Refreshing native plugins compatible for Editor in 0.69 ms, found 3 plugins.
Preloading 0 native plugins for Editor in 0.00 ms.
Mono: successfully reloaded assembly
- Completed reload, in  2.225 seconds
Domain Reload Profiling:
	ReloadAssembly (2226ms)
		BeginReloadAssembly (515ms)
			ExecutionOrderSort (0ms)
			DisableScriptedObjects (44ms)
			BackupInstance (0ms)
			ReleaseScriptingObjects (0ms)
			CreateAndSetChildDomain (37ms)
		EndReloadAssembly (1451ms)
			LoadAssemblies (397ms)
			RebuildTransferFunctionScriptingTraits (0ms)
			SetupTypeCache (449ms)
			ReleaseScriptCaches (1ms)
			RebuildScriptCaches (98ms)
			SetupLoadedEditorAssemblies (672ms)
				LogAssemblyErrors (0ms)
				InitializePlatformSupportModulesInManaged (29ms)
				SetLoadedEditorAssemblies (1ms)
				RefreshPlugins (1ms)
				BeforeProcessingInitializeOnLoad (171ms)
				ProcessInitializeOnLoadAttributes (428ms)
				ProcessInitializeOnLoadMethodAttributes (37ms)
				AfterProcessingInitializeOnLoad (6ms)
				EditorAssembliesLoaded (0ms)
			ExecutionOrderSort2 (0ms)
			AwakeInstancesAfterBackupRestoration (10ms)
Platform modules already initialized, skipping
========================================================================
Worker process is ready to serve import requests
Launched and connected shader compiler UnityShaderCompiler.exe after 0.07 seconds
Refreshing native plugins compatible for Editor in 0.68 ms, found 3 plugins.
Preloading 0 native plugins for Editor in 0.00 ms.
Unloading 3144 Unused Serialized files (Serialized files now loaded: 0)
Unloading 24 unused Assets / (113.9 KB). Loaded Objects now: 3616.
Memory consumption went from 119.7 MB to 119.6 MB.
Total: 4.124300 ms (FindLiveObjects: 0.288000 ms CreateObjectMapping: 0.290100 ms MarkObjects: 3.424600 ms  DeleteObjects: 0.120500 ms)

AssetImportParameters requested are different than current active one (requested -> active):
  custom:video-decoder-ogg-theora: a1e56fd34408186e4bbccfd4996cb3dc -> 
  custom:container-muxer-webm: aa71ff27fc2769a1b78a27578f13a17b -> 
  custom:container-demuxer-webm: 4f35f7cbe854078d1ac9338744f61a02 -> 
  custom:video-encoder-webm-vp8: eb34c28f22e8b96e1ab97ce403110664 -> 
  custom:audio-encoder-webm-vorbis: bf7c407c2cedff20999df2af8eb42d56 -> 
  custom:framework-win-MediaFoundation: 216162199b28c13a410421893ffa2e32 -> 
  custom:container-demuxer-ogg: 62fdf1f143b41e24485cea50d1cbac27 -> 
  custom:video-decoder-webm-vp8: 9c59270c3fd7afecdb556c50c9e8de78 -> 
  custom:audio-decoder-ogg-vorbis: bf7c407c2cedff20999df2af8eb42d56 -> 
========================================================================
Received Import Request.
  Time since last request: 1716627.855295 seconds.
  path: Assets/box/JMO Assets/Cartoon FX Remaster/CFXR Assets/Scripts/CFXR Runtime.asmdef
  artifactKey: Guid(785156d0baf9e564e92265c9169511bb) Importer(815301076,1909f56bfc062723c751e8b465ee728b)
Start importing Assets/box/JMO Assets/Cartoon FX Remaster/CFXR Assets/Scripts/CFXR Runtime.asmdef using Guid(785156d0baf9e564e92265c9169511bb) Importer(815301076,1909f56bfc062723c751e8b465ee728b)  -> (artifact id: 'abcde2dd440ff2e49958cbfeb98e54a4') in 0.072937 seconds 
========================================================================
Received Import Request.
  Time since last request: 10.646708 seconds.
  path: Assets/box/JMO Assets/Cartoon FX Remaster/CFXR Assets/Graphics/cfxr smoke cloud x4 ab lit soft.mat
  artifactKey: Guid(e2bdf77339f206246b012880ccbdf189) Importer(815301076,1909f56bfc062723c751e8b465ee728b)
Start importing Assets/box/JMO Assets/Cartoon FX Remaster/CFXR Assets/Graphics/cfxr smoke cloud x4 ab lit soft.mat using Guid(e2bdf77339f206246b012880ccbdf189) Importer(815301076,1909f56bfc062723c751e8b465ee728b)  -> (artifact id: 'b484b85c6d29d688e771cd2426a5cc9d') in 1.401756 seconds 
========================================================================
Received Import Request.
  Time since last request: 0.000026 seconds.
  path: Assets/box/JMO Assets/Cartoon FX Remaster/CFXR Assets/Graphics/cfxr star.png
  artifactKey: Guid(2e87876b19af3de43947a0cb28d5a578) Importer(815301076,1909f56bfc062723c751e8b465ee728b)
Start importing Assets/box/JMO Assets/Cartoon FX Remaster/CFXR Assets/Graphics/cfxr star.png using Guid(2e87876b19af3de43947a0cb28d5a578) Importer(815301076,1909f56bfc062723c751e8b465ee728b)  -> (artifact id: '68688ec6a6520c34f83827031ca83846') in 0.066297 seconds 
========================================================================
Received Import Request.
  Time since last request: 0.000082 seconds.
  path: Assets/box/JMO Assets/Cartoon FX Remaster/CFXR Assets/Graphics/cfxr stretch rectangle ray blur.png
  artifactKey: Guid(4077fe32903779747aeb714946d83235) Importer(815301076,1909f56bfc062723c751e8b465ee728b)
Start importing Assets/box/JMO Assets/Cartoon FX Remaster/CFXR Assets/Graphics/cfxr stretch rectangle ray blur.png using Guid(4077fe32903779747aeb714946d83235) Importer(815301076,1909f56bfc062723c751e8b465ee728b)  -> (artifact id: 'b9f68eb9a8290d50674bdc5dd5f8804e') in 0.041938 seconds 
========================================================================
Received Import Request.
  Time since last request: 0.000018 seconds.
  path: Assets/box/JMO Assets/Cartoon FX Remaster/CFXR Assets/Graphics/cfxr stretch sipkes x2.png
  artifactKey: Guid(5a1e6e59577f67c4a9ce04f247ba9cd8) Importer(815301076,1909f56bfc062723c751e8b465ee728b)
Start importing Assets/box/JMO Assets/Cartoon FX Remaster/CFXR Assets/Graphics/cfxr stretch sipkes x2.png using Guid(5a1e6e59577f67c4a9ce04f247ba9cd8) Importer(815301076,1909f56bfc062723c751e8b465ee728b)  -> (artifact id: '6ed75a5c2927edd1d224d30e767215df') in 0.045801 seconds 
========================================================================
Received Import Request.
  Time since last request: 3.439382 seconds.
  path: Assets/box/JMO Assets/Cartoon FX Remaster/CFXR Assets/Graphics/cfxr stretch skull dissolve ab.mat
  artifactKey: Guid(160fda4affae1f44fbec73dc79ef43eb) Importer(815301076,1909f56bfc062723c751e8b465ee728b)
Start importing Assets/box/JMO Assets/Cartoon FX Remaster/CFXR Assets/Graphics/cfxr stretch skull dissolve ab.mat using Guid(160fda4affae1f44fbec73dc79ef43eb) Importer(815301076,1909f56bfc062723c751e8b465ee728b)  -> (artifact id: 'ee30d05f0a5729a6ccee92121383faf4') in 0.223302 seconds 
========================================================================
Received Import Request.
  Time since last request: 6.801271 seconds.
  path: Assets/cfxr spikes impact ab.mat
  artifactKey: Guid(79d0c47029980c04caed1c1327f99c17) Importer(815301076,1909f56bfc062723c751e8b465ee728b)
Start importing Assets/cfxr spikes impact ab.mat using Guid(79d0c47029980c04caed1c1327f99c17) Importer(815301076,1909f56bfc062723c751e8b465ee728b)  -> (artifact id: '82d1a1774c85302c065578b047056801') in 0.078600 seconds 
========================================================================
Received Import Request.
  Time since last request: 2.966828 seconds.
  path: Assets/box/JMO Assets/Cartoon FX Remaster/CFXR Assets/Graphics/cfxr stretch skull dissolve.png
  artifactKey: Guid(04be3ad5586249443a01af1cbc46120e) Importer(815301076,1909f56bfc062723c751e8b465ee728b)
Start importing Assets/box/JMO Assets/Cartoon FX Remaster/CFXR Assets/Graphics/cfxr stretch skull dissolve.png using Guid(04be3ad5586249443a01af1cbc46120e) Importer(815301076,1909f56bfc062723c751e8b465ee728b)  -> (artifact id: '13ea4085a8d99b03fd11b309d3420d3f') in 0.024875 seconds 
========================================================================
Received Import Request.
  Time since last request: 0.000032 seconds.
  path: Assets/box/JMO Assets/Cartoon FX Remaster/CFXR Assets/Graphics/cfxr stretch triangle fade.png
  artifactKey: Guid(0b1da517105dcb24f8ff9bcb98aefea2) Importer(815301076,1909f56bfc062723c751e8b465ee728b)
Start importing Assets/box/JMO Assets/Cartoon FX Remaster/CFXR Assets/Graphics/cfxr stretch triangle fade.png using Guid(0b1da517105dcb24f8ff9bcb98aefea2) Importer(815301076,1909f56bfc062723c751e8b465ee728b)  -> (artifact id: '4b2da650c85fc347a2909cb8e761172d') in 0.037220 seconds 
========================================================================
Received Import Request.
  Time since last request: 0.000038 seconds.
  path: Assets/box/JMO Assets/Cartoon FX Remaster/CFXR Assets/Graphics/cfxr stretch trait blur.png
  artifactKey: Guid(acdb793533f4e154c9ba0b0f665f5445) Importer(815301076,1909f56bfc062723c751e8b465ee728b)
Start importing Assets/box/JMO Assets/Cartoon FX Remaster/CFXR Assets/Graphics/cfxr stretch trait blur.png using Guid(acdb793533f4e154c9ba0b0f665f5445) Importer(815301076,1909f56bfc062723c751e8b465ee728b)  -> (artifact id: '0ca3fdf76629dd327c95a87ec96b0e23') in 0.033050 seconds 
========================================================================
Received Import Request.
  Time since last request: 0.000022 seconds.
  path: Assets/box/JMO Assets/Cartoon FX Remaster/CFXR Assets/Graphics/cfxr sword trail noise ice.png
  artifactKey: Guid(895a907c47b33e445a620c6c353da305) Importer(815301076,1909f56bfc062723c751e8b465ee728b)
Start importing Assets/box/JMO Assets/Cartoon FX Remaster/CFXR Assets/Graphics/cfxr sword trail noise ice.png using Guid(895a907c47b33e445a620c6c353da305) Importer(815301076,1909f56bfc062723c751e8b465ee728b)  -> (artifact id: '5fca7672060bf0508893eea06e94ebda') in 0.037164 seconds 
========================================================================
Received Import Request.
  Time since last request: 0.000049 seconds.
  path: Assets/box/JMO Assets/Cartoon FX Remaster/CFXR Assets/Graphics/cfxr sword trail tech thin.mat
  artifactKey: Guid(53d68b6f738580245aa24697e491caae) Importer(815301076,1909f56bfc062723c751e8b465ee728b)
Start importing Assets/box/JMO Assets/Cartoon FX Remaster/CFXR Assets/Graphics/cfxr sword trail tech thin.mat using Guid(53d68b6f738580245aa24697e491caae) Importer(815301076,1909f56bfc062723c751e8b465ee728b)  -> (artifact id: '760ea71a29bad09d82fb6067dc187712') in 0.337342 seconds 
========================================================================
Received Import Request.
  Time since last request: 0.000050 seconds.
  path: Assets/box/JMO Assets/Cartoon FX Remaster/CFXR Assets/Graphics/cfxr stretch triangle add.mat
  artifactKey: Guid(ef871ae36c32a564cbe3c39713e711f5) Importer(815301076,1909f56bfc062723c751e8b465ee728b)
Start importing Assets/box/JMO Assets/Cartoon FX Remaster/CFXR Assets/Graphics/cfxr stretch triangle add.mat using Guid(ef871ae36c32a564cbe3c39713e711f5) Importer(815301076,1909f56bfc062723c751e8b465ee728b)  -> (artifact id: '3ea0a8279e526cc1ce1438b248b6c074') in 0.121489 seconds 
========================================================================
Received Import Request.
  Time since last request: 0.000045 seconds.
  path: Assets/box/JMO Assets/Cartoon FX Remaster/CFXR Assets/Graphics/cfxr sword trail mask lines.png
  artifactKey: Guid(d184232afb846a84f94834db83916933) Importer(815301076,1909f56bfc062723c751e8b465ee728b)
Start importing Assets/box/JMO Assets/Cartoon FX Remaster/CFXR Assets/Graphics/cfxr sword trail mask lines.png using Guid(d184232afb846a84f94834db83916933) Importer(815301076,1909f56bfc062723c751e8b465ee728b)  -> (artifact id: '9fb75aecead13303e6cb9a46c7b2a45a') in 0.017066 seconds 
========================================================================
Received Import Request.
  Time since last request: 0.000017 seconds.
  path: Assets/box/JMO Assets/Cartoon FX Remaster/CFXR Assets/Graphics/cfxr stretch smoke arc.png
  artifactKey: Guid(aee727f4833685e4b989448e47b815ef) Importer(815301076,1909f56bfc062723c751e8b465ee728b)
Start importing Assets/box/JMO Assets/Cartoon FX Remaster/CFXR Assets/Graphics/cfxr stretch smoke arc.png using Guid(aee727f4833685e4b989448e47b815ef) Importer(815301076,1909f56bfc062723c751e8b465ee728b)  -> (artifact id: 'da67f088d96e07379908518c16b08afc') in 0.018169 seconds 
========================================================================
Received Import Request.
  Time since last request: 0.000020 seconds.
  path: Assets/box/JMO Assets/Cartoon FX Remaster/CFXR Assets/Graphics/cfxr stretch steam blur distort.png
  artifactKey: Guid(abbe7d8f7afddbb43985056fe6012b8e) Importer(815301076,1909f56bfc062723c751e8b465ee728b)
Start importing Assets/box/JMO Assets/Cartoon FX Remaster/CFXR Assets/Graphics/cfxr stretch steam blur distort.png using Guid(abbe7d8f7afddbb43985056fe6012b8e) Importer(815301076,1909f56bfc062723c751e8b465ee728b)  -> (artifact id: 'd78e9af3d6551588b6f64b4e7ea029b6') in 0.018052 seconds 
========================================================================
Received Import Request.
  Time since last request: 0.000018 seconds.
  path: Assets/box/JMO Assets/Cartoon FX Remaster/CFXR Assets/Graphics/cfxr uv distortion fire smudge.png
  artifactKey: Guid(74db0952acdd7ba488d3d0b114954504) Importer(815301076,1909f56bfc062723c751e8b465ee728b)
Start importing Assets/box/JMO Assets/Cartoon FX Remaster/CFXR Assets/Graphics/cfxr uv distortion fire smudge.png using Guid(74db0952acdd7ba488d3d0b114954504) Importer(815301076,1909f56bfc062723c751e8b465ee728b)  -> (artifact id: 'c1151889f833799871c40a1fa22fefdb') in 0.016848 seconds 
========================================================================
Received Import Request.
  Time since last request: 0.000021 seconds.
  path: Assets/box/JMO Assets/Cartoon FX Remaster/CFXR Assets/Graphics/cfxr stretch spike fade.png
  artifactKey: Guid(fd75c6870f75c9f41a4192fcff652997) Importer(815301076,1909f56bfc062723c751e8b465ee728b)
Start importing Assets/box/JMO Assets/Cartoon FX Remaster/CFXR Assets/Graphics/cfxr stretch spike fade.png using Guid(fd75c6870f75c9f41a4192fcff652997) Importer(815301076,1909f56bfc062723c751e8b465ee728b)  -> (artifact id: '4562bcfa046cd017161b2a7461510c02') in 0.022033 seconds 
========================================================================
Received Import Request.
  Time since last request: 0.000020 seconds.
  path: Assets/box/JMO Assets/Cartoon FX Remaster/CFXR Assets/Graphics/cfxr sword trail bubbles hit.mat
  artifactKey: Guid(f4edd533d90ebd34db5a5946aa12255b) Importer(815301076,1909f56bfc062723c751e8b465ee728b)
Start importing Assets/box/JMO Assets/Cartoon FX Remaster/CFXR Assets/Graphics/cfxr sword trail bubbles hit.mat using Guid(f4edd533d90ebd34db5a5946aa12255b) Importer(815301076,1909f56bfc062723c751e8b465ee728b)  -> (artifact id: 'f3ec3cf59d3b9b775f7d4e5e75c11012') in 0.043606 seconds 
========================================================================
Received Import Request.
  Time since last request: 0.000017 seconds.
  path: Assets/box/JMO Assets/Cartoon FX Remaster/CFXR Assets/Graphics/cfxr stretch triangle smooth add.mat
  artifactKey: Guid(9c0d180acd07ffd4183763050b4d1d22) Importer(815301076,1909f56bfc062723c751e8b465ee728b)
Start importing Assets/box/JMO Assets/Cartoon FX Remaster/CFXR Assets/Graphics/cfxr stretch triangle smooth add.mat using Guid(9c0d180acd07ffd4183763050b4d1d22) Importer(815301076,1909f56bfc062723c751e8b465ee728b)  -> (artifact id: '5d4cbdfc67ef1d9ab6d04b0efa4e7654') in 0.049404 seconds 
========================================================================
Received Import Request.
  Time since last request: 0.000027 seconds.
  path: Assets/box/JMO Assets/Cartoon FX Remaster/CFXR Assets/Graphics/cfxr water drop blur anim.png
  artifactKey: Guid(a6a0e0bc1c42998409e62e44a50cd816) Importer(815301076,1909f56bfc062723c751e8b465ee728b)
Start importing Assets/box/JMO Assets/Cartoon FX Remaster/CFXR Assets/Graphics/cfxr water drop blur anim.png using Guid(a6a0e0bc1c42998409e62e44a50cd816) Importer(815301076,1909f56bfc062723c751e8b465ee728b)  -> (artifact id: '35d34fe61ea3d3caae3e088cd2d229db') in 0.044310 seconds 
========================================================================
Received Import Request.
  Time since last request: 0.000032 seconds.
  path: Assets/box/JMO Assets/Cartoon FX Remaster/CFXR Assets/Graphics/cfxr sword trail ice hit.mat
  artifactKey: Guid(424e98b62df55be42a3ee2c2406d06b4) Importer(815301076,1909f56bfc062723c751e8b465ee728b)
Start importing Assets/box/JMO Assets/Cartoon FX Remaster/CFXR Assets/Graphics/cfxr sword trail ice hit.mat using Guid(424e98b62df55be42a3ee2c2406d06b4) Importer(815301076,1909f56bfc062723c751e8b465ee728b)  -> (artifact id: '32d97ae5203df940b4270cb4e1712f6b') in 0.058236 seconds 
========================================================================
Received Import Request.
  Time since last request: 0.000049 seconds.
  path: Assets/box/JMO Assets/Cartoon FX Remaster/CFXR Assets/Graphics/cfxr stretch trait blur add.mat
  artifactKey: Guid(2175ac793e235894da12a78ea274cb1f) Importer(815301076,1909f56bfc062723c751e8b465ee728b)
Start importing Assets/box/JMO Assets/Cartoon FX Remaster/CFXR Assets/Graphics/cfxr stretch trait blur add.mat using Guid(2175ac793e235894da12a78ea274cb1f) Importer(815301076,1909f56bfc062723c751e8b465ee728b)  -> (artifact id: '929dda728606964dfceb2897121cf46c') in 0.138432 seconds 
========================================================================
Received Import Request.
  Time since last request: 0.000024 seconds.
  path: Assets/box/JMO Assets/Cartoon FX Remaster/CFXR Assets/Graphics/cfxr stretch spikes x2 hdr ab.mat
  artifactKey: Guid(7f1fea85f791b4f4b8fabff9da93491a) Importer(815301076,1909f56bfc062723c751e8b465ee728b)
Start importing Assets/box/JMO Assets/Cartoon FX Remaster/CFXR Assets/Graphics/cfxr stretch spikes x2 hdr ab.mat using Guid(7f1fea85f791b4f4b8fabff9da93491a) Importer(815301076,1909f56bfc062723c751e8b465ee728b)  -> (artifact id: '1e352b11ba5afce71e504837822c07fb') in 0.546284 seconds 
========================================================================
Received Import Request.
  Time since last request: 1.044125 seconds.
  path: Assets/box/JMO Assets/Cartoon FX Remaster/CFXR Assets/Graphics/cfxr water foam.png
  artifactKey: Guid(2f6e48026c6d24d4d8e7fc74722c663c) Importer(815301076,1909f56bfc062723c751e8b465ee728b)
Start importing Assets/box/JMO Assets/Cartoon FX Remaster/CFXR Assets/Graphics/cfxr water foam.png using Guid(2f6e48026c6d24d4d8e7fc74722c663c) Importer(815301076,1909f56bfc062723c751e8b465ee728b)  -> (artifact id: '58104c37f63ab0143c6b08100df968b1') in 0.015970 seconds 
========================================================================
Received Import Request.
  Time since last request: 8.348264 seconds.
  path: Assets/CFXR Explosion 1.prefab
  artifactKey: Guid(3ef3ae421f71c5c4e97fe12dc2fc6312) Importer(815301076,1909f56bfc062723c751e8b465ee728b)
Start importing Assets/CFXR Explosion 1.prefab using Guid(3ef3ae421f71c5c4e97fe12dc2fc6312) Importer(815301076,1909f56bfc062723c751e8b465ee728b)  -> (artifact id: 'a883655be8b598e45ce3f8d5a7d8a4d1') in 0.194321 seconds 
========================================================================
Received Import Request.
  Time since last request: 2.345941 seconds.
  path: Assets/box/JMO Assets/Cartoon FX Remaster/CFXR Assets/Graphics/cfxr smiley happy ab.mat
  artifactKey: Guid(369528a8e86340647aa15194b2aee375) Importer(815301076,1909f56bfc062723c751e8b465ee728b)
Start importing Assets/box/JMO Assets/Cartoon FX Remaster/CFXR Assets/Graphics/cfxr smiley happy ab.mat using Guid(369528a8e86340647aa15194b2aee375) Importer(815301076,1909f56bfc062723c751e8b465ee728b)  -> (artifact id: '35316e9b44a9aa4e4a2094ea3f89e8e0') in 0.087680 seconds 
========================================================================
Received Import Request.
  Time since last request: 0.000029 seconds.
  path: Assets/box/JMO Assets/Cartoon FX Remaster/CFXR Assets/Graphics/cfxr smoke cloud x4 ab lit soft individual.mat
  artifactKey: Guid(75bda02c67d09b04399d1912243a32b2) Importer(815301076,1909f56bfc062723c751e8b465ee728b)
Start importing Assets/box/JMO Assets/Cartoon FX Remaster/CFXR Assets/Graphics/cfxr smoke cloud x4 ab lit soft individual.mat using Guid(75bda02c67d09b04399d1912243a32b2) Importer(815301076,1909f56bfc062723c751e8b465ee728b)  -> (artifact id: '93d068e34171a6092b0f21bfda5d08e0') in 0.282290 seconds 
========================================================================
Received Import Request.
  Time since last request: 0.001839 seconds.
  path: Assets/box/JMO Assets/Cartoon FX Remaster/CFXR Assets/Graphics/cfxr smoke cloud x4 ab lit crisp.mat
  artifactKey: Guid(7a76fd099da21c04eb9cf9233c27d709) Importer(815301076,1909f56bfc062723c751e8b465ee728b)
Start importing Assets/box/JMO Assets/Cartoon FX Remaster/CFXR Assets/Graphics/cfxr smoke cloud x4 ab lit crisp.mat using Guid(7a76fd099da21c04eb9cf9233c27d709) Importer(815301076,1909f56bfc062723c751e8b465ee728b)  -> (artifact id: '8269a1b897d2870a7047ef0660041d39') in 0.025037 seconds 
========================================================================
Received Import Request.
  Time since last request: 0.000023 seconds.
  path: Assets/box/JMO Assets/Cartoon FX Remaster/CFXR Assets/Graphics/cfxr smoke cloud corner.png
  artifactKey: Guid(3a251e9a9a7bb9e4f9806508ee938106) Importer(815301076,1909f56bfc062723c751e8b465ee728b)
Start importing Assets/box/JMO Assets/Cartoon FX Remaster/CFXR Assets/Graphics/cfxr smoke cloud corner.png using Guid(3a251e9a9a7bb9e4f9806508ee938106) Importer(815301076,1909f56bfc062723c751e8b465ee728b)  -> (artifact id: '7bab875a7c675d47f6a7ccd9b0f40008') in 0.022354 seconds 
========================================================================
Received Import Request.
  Time since last request: 2.914006 seconds.
  path: Assets/box/JMO Assets/Cartoon FX Remaster/CFXR Assets/Meshes/cfxr ring mesh.asset
  artifactKey: Guid(a78b06c58d03f5d4fbb74ba21020241e) Importer(815301076,1909f56bfc062723c751e8b465ee728b)
Start importing Assets/box/JMO Assets/Cartoon FX Remaster/CFXR Assets/Meshes/cfxr ring mesh.asset using Guid(a78b06c58d03f5d4fbb74ba21020241e) Importer(815301076,1909f56bfc062723c751e8b465ee728b)  -> (artifact id: 'a7a398553e04fb251d905c45b511f646') in 0.131406 seconds 
========================================================================
Received Import Request.
  Time since last request: 1.685139 seconds.
  path: Assets/box/JMO Assets/Cartoon FX Remaster/CFXR Assets/Graphics/cfxr perlin mid.png
  artifactKey: Guid(0d30b359af34f9049bdf5863b06dd25f) Importer(815301076,1909f56bfc062723c751e8b465ee728b)
Start importing Assets/box/JMO Assets/Cartoon FX Remaster/CFXR Assets/Graphics/cfxr perlin mid.png using Guid(0d30b359af34f9049bdf5863b06dd25f) Importer(815301076,1909f56bfc062723c751e8b465ee728b)  -> (artifact id: '7ea7da2efefea854b5bce1b85211c937') in 0.084982 seconds 
========================================================================
Received Import Request.
  Time since last request: 0.000033 seconds.
  path: Assets/box/JMO Assets/Cartoon FX Remaster/CFXR Assets/Graphics/cfxr screen distortion ring.mat
  artifactKey: Guid(79f345c78339add488a435e22037fc87) Importer(815301076,1909f56bfc062723c751e8b465ee728b)
Start importing Assets/box/JMO Assets/Cartoon FX Remaster/CFXR Assets/Graphics/cfxr screen distortion ring.mat using Guid(79f345c78339add488a435e22037fc87) Importer(815301076,1909f56bfc062723c751e8b465ee728b)  -> (artifact id: '9a38172807c97c8f11dc8338f863cc47') in 0.175086 seconds 
========================================================================
Received Import Request.
  Time since last request: 0.085418 seconds.
  path: Assets/box/JMO Assets/Cartoon FX Remaster/CFXR Assets/Graphics/cfxr proc ring local space partial ab.mat
  artifactKey: Guid(d33b4e9cb7fcd474c99d6762456a3d92) Importer(815301076,1909f56bfc062723c751e8b465ee728b)
Start importing Assets/box/JMO Assets/Cartoon FX Remaster/CFXR Assets/Graphics/cfxr proc ring local space partial ab.mat using Guid(d33b4e9cb7fcd474c99d6762456a3d92) Importer(815301076,1909f56bfc062723c751e8b465ee728b)  -> (artifact id: 'e072dd01b01e146c6a15d09bd6ab68ad') in 0.283097 seconds 
========================================================================
Received Import Request.
  Time since last request: 0.055140 seconds.
  path: Assets/box/JMO Assets/Cartoon FX Remaster/CFXR Assets/Graphics/cfxr puddle.png
  artifactKey: Guid(baaf2418f9f5617428e011679bbc62ea) Importer(815301076,1909f56bfc062723c751e8b465ee728b)
Start importing Assets/box/JMO Assets/Cartoon FX Remaster/CFXR Assets/Graphics/cfxr puddle.png using Guid(baaf2418f9f5617428e011679bbc62ea) Importer(815301076,1909f56bfc062723c751e8b465ee728b)  -> (artifact id: '6ddf3e24af32fbcd3e03e8b2c580a577') in 0.122188 seconds 
========================================================================
Received Import Request.
  Time since last request: 0.000605 seconds.
  path: Assets/box/JMO Assets/Cartoon FX Remaster/CFXR Assets/Graphics/cfxr screen distortion debug.mat
  artifactKey: Guid(6d716ca3122c94e408d5c2393be4780d) Importer(815301076,1909f56bfc062723c751e8b465ee728b)
Start importing Assets/box/JMO Assets/Cartoon FX Remaster/CFXR Assets/Graphics/cfxr screen distortion debug.mat using Guid(6d716ca3122c94e408d5c2393be4780d) Importer(815301076,1909f56bfc062723c751e8b465ee728b)  -> (artifact id: 'e27472ab2a4e6f9617e756c4b58f67bd') in 0.039480 seconds 
========================================================================
Received Import Request.
  Time since last request: 0.000017 seconds.
  path: Assets/box/JMO Assets/Cartoon FX Remaster/CFXR Assets/Graphics/cfxr proc ring electric hdr ab.mat
  artifactKey: Guid(63106879cfd3c96478c2feec3fcb4c4a) Importer(815301076,1909f56bfc062723c751e8b465ee728b)
Start importing Assets/box/JMO Assets/Cartoon FX Remaster/CFXR Assets/Graphics/cfxr proc ring electric hdr ab.mat using Guid(63106879cfd3c96478c2feec3fcb4c4a) Importer(815301076,1909f56bfc062723c751e8b465ee728b)  -> (artifact id: 'de755f87bbeb8003dcfb5cb688636960') in 0.325589 seconds 
========================================================================
Received Import Request.
  Time since last request: 0.000414 seconds.
  path: Assets/box/JMO Assets/Cartoon FX Remaster/CFXR Assets/Graphics/cfxr proc glow crisp ab.mat
  artifactKey: Guid(906ae4d407ec09644b01a6902dbb9ea6) Importer(815301076,1909f56bfc062723c751e8b465ee728b)
Start importing Assets/box/JMO Assets/Cartoon FX Remaster/CFXR Assets/Graphics/cfxr proc glow crisp ab.mat using Guid(906ae4d407ec09644b01a6902dbb9ea6) Importer(815301076,1909f56bfc062723c751e8b465ee728b)  -> (artifact id: '5553885d6e1cea49e0e49c1f2a034f3f') in 0.302137 seconds 
========================================================================
Received Import Request.
  Time since last request: 0.001098 seconds.
  path: Assets/box/JMO Assets/Cartoon FX Remaster/CFXR Assets/Graphics/cfxr proc glow soft invert ab.mat
  artifactKey: Guid(b8ec7a237c4ca3645bc1bac3fa060a69) Importer(815301076,1909f56bfc062723c751e8b465ee728b)
Start importing Assets/box/JMO Assets/Cartoon FX Remaster/CFXR Assets/Graphics/cfxr proc glow soft invert ab.mat using Guid(b8ec7a237c4ca3645bc1bac3fa060a69) Importer(815301076,1909f56bfc062723c751e8b465ee728b)  -> (artifact id: 'e373844ae63c37d166b072a868bdcd2a') in 0.098543 seconds 
========================================================================
Received Import Request.
  Time since last request: 0.000028 seconds.
  path: Assets/box/JMO Assets/Cartoon FX Remaster/CFXR Assets/Graphics/cfxr screen distortion perlin.png
  artifactKey: Guid(938e85c994e3c604d806f2597900cc97) Importer(815301076,1909f56bfc062723c751e8b465ee728b)
Start importing Assets/box/JMO Assets/Cartoon FX Remaster/CFXR Assets/Graphics/cfxr screen distortion perlin.png using Guid(938e85c994e3c604d806f2597900cc97) Importer(815301076,1909f56bfc062723c751e8b465ee728b)  -> (artifact id: '75cd4c43585c77d22ad225552b746dc9') in 0.040407 seconds 
========================================================================
Received Import Request.
  Time since last request: 0.001056 seconds.
  path: Assets/box/JMO Assets/Cartoon FX Remaster/CFXR Assets/Graphics/cfxr screen distortion perlin.mat
  artifactKey: Guid(5291c8379d0117f47bf0a76d17512364) Importer(815301076,1909f56bfc062723c751e8b465ee728b)
Start importing Assets/box/JMO Assets/Cartoon FX Remaster/CFXR Assets/Graphics/cfxr screen distortion perlin.mat using Guid(5291c8379d0117f47bf0a76d17512364) Importer(815301076,1909f56bfc062723c751e8b465ee728b)  -> (artifact id: '0d1b416a235f0ceada09b4757ddc6b8b') in 0.063081 seconds 
========================================================================
Received Import Request.
  Time since last request: 0.000437 seconds.
  path: Assets/box/JMO Assets/Cartoon FX Remaster/CFXR Assets/Graphics/cfxr ring spikes revert hdr ab.mat
  artifactKey: Guid(b5e165bd20254774d84be998858676af) Importer(815301076,1909f56bfc062723c751e8b465ee728b)
Start importing Assets/box/JMO Assets/Cartoon FX Remaster/CFXR Assets/Graphics/cfxr ring spikes revert hdr ab.mat using Guid(b5e165bd20254774d84be998858676af) Importer(815301076,1909f56bfc062723c751e8b465ee728b)  -> (artifact id: '0ca678b386889d4caf47ad0366f65849') in 0.105763 seconds 
========================================================================
Received Import Request.
  Time since last request: 0.073511 seconds.
  path: Assets/box/JMO Assets/Cartoon FX Remaster/CFXR Assets/Graphics/cfxr ring electric.png
  artifactKey: Guid(b33cdc46c2218a1478cc45e3144cd2a7) Importer(815301076,1909f56bfc062723c751e8b465ee728b)
Start importing Assets/box/JMO Assets/Cartoon FX Remaster/CFXR Assets/Graphics/cfxr ring electric.png using Guid(b33cdc46c2218a1478cc45e3144cd2a7) Importer(815301076,1909f56bfc062723c751e8b465ee728b)  -> (artifact id: 'ff4c9814e1c679f00605f9ea0140262a') in 0.032621 seconds 
========================================================================
Received Import Request.
  Time since last request: 0.000052 seconds.
  path: Assets/box/JMO Assets/Cartoon FX Remaster/CFXR Assets/Graphics/cfxr proc glow soft p4 add nosp.mat
  artifactKey: Guid(b5d24f24a809168479fdfa62ee80f803) Importer(815301076,1909f56bfc062723c751e8b465ee728b)
Start importing Assets/box/JMO Assets/Cartoon FX Remaster/CFXR Assets/Graphics/cfxr proc glow soft p4 add nosp.mat using Guid(b5d24f24a809168479fdfa62ee80f803) Importer(815301076,1909f56bfc062723c751e8b465ee728b)  -> (artifact id: '32ca15b7dba1e94b1420ba29ee2e80a6') in 0.078610 seconds 
========================================================================
Received Import Request.
  Time since last request: 0.011974 seconds.
  path: Assets/box/JMO Assets/Cartoon FX Remaster/CFXR Assets/Graphics/cfxr proc glow soft invert add.mat
  artifactKey: Guid(efaa1dd14471b6143b5ee7827566c1e0) Importer(815301076,1909f56bfc062723c751e8b465ee728b)
Start importing Assets/box/JMO Assets/Cartoon FX Remaster/CFXR Assets/Graphics/cfxr proc glow soft invert add.mat using Guid(efaa1dd14471b6143b5ee7827566c1e0) Importer(815301076,1909f56bfc062723c751e8b465ee728b)  -> (artifact id: 'f5e75595b5fa6c6fc70c7fbe2598d15f') in 0.012863 seconds 
========================================================================
Received Import Request.
  Time since last request: 0.000185 seconds.
  path: Assets/box/JMO Assets/Cartoon FX Remaster/CFXR Assets/Graphics/cfxr skull 2 dissolve ab.mat
  artifactKey: Guid(bfd324e65db2ae141bc4247a0d100a8a) Importer(815301076,1909f56bfc062723c751e8b465ee728b)
Start importing Assets/box/JMO Assets/Cartoon FX Remaster/CFXR Assets/Graphics/cfxr skull 2 dissolve ab.mat using Guid(bfd324e65db2ae141bc4247a0d100a8a) Importer(815301076,1909f56bfc062723c751e8b465ee728b)  -> (artifact id: '326d8ed094711272affe8dfd349fab77') in 0.027977 seconds 
========================================================================
Received Import Request.
  Time since last request: 0.000021 seconds.
  path: Assets/box/JMO Assets/Cartoon FX Remaster/CFXR Assets/Graphics/cfxr proc ring local space ab.mat
  artifactKey: Guid(da4be36c7194b6245a88a2732d0fcfcb) Importer(815301076,1909f56bfc062723c751e8b465ee728b)
Start importing Assets/box/JMO Assets/Cartoon FX Remaster/CFXR Assets/Graphics/cfxr proc ring local space ab.mat using Guid(da4be36c7194b6245a88a2732d0fcfcb) Importer(815301076,1909f56bfc062723c751e8b465ee728b)  -> (artifact id: 'e5bab04b57fffef3597e851fb9d57f47') in 0.083381 seconds 
========================================================================
Received Import Request.
  Time since last request: 0.967748 seconds.
  path: Assets/box/JMO Assets/Cartoon FX Remaster/CFXR Assets/Graphics/cfxr skull 2.png
  artifactKey: Guid(03a188aeeaecbb9478d9ae70eae185f6) Importer(815301076,1909f56bfc062723c751e8b465ee728b)
Start importing Assets/box/JMO Assets/Cartoon FX Remaster/CFXR Assets/Graphics/cfxr skull 2.png using Guid(03a188aeeaecbb9478d9ae70eae185f6) Importer(815301076,1909f56bfc062723c751e8b465ee728b)  -> (artifact id: 'f0806a9a032dffa5c0fbbce8602cdd57') in 0.023610 seconds 
========================================================================
Received Import Request.
  Time since last request: 41.740813 seconds.
  path: Assets/Resources/Prefabs/FX/Magic Hit.prefab
  artifactKey: Guid(b395d5d6eb4b4b846acc021ee036b744) Importer(815301076,1909f56bfc062723c751e8b465ee728b)
Start importing Assets/Resources/Prefabs/FX/Magic Hit.prefab using Guid(b395d5d6eb4b4b846acc021ee036b744) Importer(815301076,1909f56bfc062723c751e8b465ee728b)  -> (artifact id: '71c850fae8e5cc554d09b2ebac16551b') in 0.061007 seconds 
========================================================================
Received Import Request.
  Time since last request: 8.280869 seconds.
  path: Assets/Resources/Prefabs/FX/Magic Hit.prefab
  artifactKey: Guid(3ef3ae421f71c5c4e97fe12dc2fc6312) Importer(815301076,1909f56bfc062723c751e8b465ee728b)
Start importing Assets/Resources/Prefabs/FX/Magic Hit.prefab using Guid(3ef3ae421f71c5c4e97fe12dc2fc6312) Importer(815301076,1909f56bfc062723c751e8b465ee728b)  -> (artifact id: 'c4d90fc3268b85c496724f4babae4b85') in 0.026809 seconds 
========================================================================
Received Prepare
Registering precompiled user dll's ...
Registered in 0.007531 seconds.
Begin MonoManager ReloadAssembly
Symbol file LoadedFromMemory doesn't match image D:\GitHub\Unity\halu99\halu99\Library\PackageCache\com.unity.visualscripting@1.8.0\Editor\VisualScripting.Core\Dependencies\YamlDotNet\Unity.VisualScripting.YamlDotNet.dll
Symbol file LoadedFromMemory doesn't match image D:\GitHub\Unity\halu99\halu99\Library\PackageCache\com.unity.visualscripting@1.8.0\Editor\VisualScripting.Core\Dependencies\DotNetZip\Unity.VisualScripting.IonicZip.dll
Native extension for WindowsStandalone target not found
Native extension for Android target not found
Refreshing native plugins compatible for Editor in 0.74 ms, found 3 plugins.
Preloading 0 native plugins for Editor in 0.00 ms.
Mono: successfully reloaded assembly
- Completed reload, in  2.506 seconds
Domain Reload Profiling:
	ReloadAssembly (2507ms)
		BeginReloadAssembly (365ms)
			ExecutionOrderSort (0ms)
			DisableScriptedObjects (11ms)
			BackupInstance (0ms)
			ReleaseScriptingObjects (0ms)
			CreateAndSetChildDomain (73ms)
		EndReloadAssembly (1897ms)
			LoadAssemblies (381ms)
			RebuildTransferFunctionScriptingTraits (0ms)
			SetupTypeCache (680ms)
			ReleaseScriptCaches (1ms)
			RebuildScriptCaches (166ms)
			SetupLoadedEditorAssemblies (655ms)
				LogAssemblyErrors (0ms)
				InitializePlatformSupportModulesInManaged (37ms)
				SetLoadedEditorAssemblies (1ms)
				RefreshPlugins (1ms)
				BeforeProcessingInitializeOnLoad (145ms)
				ProcessInitializeOnLoadAttributes (419ms)
				ProcessInitializeOnLoadMethodAttributes (43ms)
				AfterProcessingInitializeOnLoad (10ms)
				EditorAssembliesLoaded (0ms)
			ExecutionOrderSort2 (0ms)
			AwakeInstancesAfterBackupRestoration (16ms)
Platform modules already initialized, skipping
Refreshing native plugins compatible for Editor in 3.89 ms, found 3 plugins.
Preloading 0 native plugins for Editor in 0.00 ms.
Unloading 3131 Unused Serialized files (Serialized files now loaded: 0)
Unloading 17 unused Assets / (80.3 KB). Loaded Objects now: 3672.
Memory consumption went from 121.4 MB to 121.4 MB.
Total: 13.561500 ms (FindLiveObjects: 0.629000 ms CreateObjectMapping: 4.228900 ms MarkObjects: 8.344300 ms  DeleteObjects: 0.340600 ms)

AssetImportParameters requested are different than current active one (requested -> active):
  custom:video-decoder-ogg-theora: a1e56fd34408186e4bbccfd4996cb3dc -> 
  custom:container-muxer-webm: aa71ff27fc2769a1b78a27578f13a17b -> 
  custom:container-demuxer-webm: 4f35f7cbe854078d1ac9338744f61a02 -> 
  custom:video-encoder-webm-vp8: eb34c28f22e8b96e1ab97ce403110664 -> 
  custom:audio-encoder-webm-vorbis: bf7c407c2cedff20999df2af8eb42d56 -> 
  custom:framework-win-MediaFoundation: 216162199b28c13a410421893ffa2e32 -> 
  custom:container-demuxer-ogg: 62fdf1f143b41e24485cea50d1cbac27 -> 
  custom:video-decoder-webm-vp8: 9c59270c3fd7afecdb556c50c9e8de78 -> 
  custom:audio-decoder-ogg-vorbis: bf7c407c2cedff20999df2af8eb42d56 -> 
========================================================================
Received Prepare
Registering precompiled user dll's ...
Registered in 0.012014 seconds.
Begin MonoManager ReloadAssembly
Symbol file LoadedFromMemory doesn't match image D:\GitHub\Unity\halu99\halu99\Library\PackageCache\com.unity.visualscripting@1.8.0\Editor\VisualScripting.Core\Dependencies\YamlDotNet\Unity.VisualScripting.YamlDotNet.dll
Symbol file LoadedFromMemory doesn't match image D:\GitHub\Unity\halu99\halu99\Library\PackageCache\com.unity.visualscripting@1.8.0\Editor\VisualScripting.Core\Dependencies\DotNetZip\Unity.VisualScripting.IonicZip.dll
Native extension for WindowsStandalone target not found
Native extension for Android target not found
Refreshing native plugins compatible for Editor in 0.81 ms, found 3 plugins.
Preloading 0 native plugins for Editor in 0.00 ms.
Mono: successfully reloaded assembly
- Completed reload, in  3.416 seconds
Domain Reload Profiling:
	ReloadAssembly (3417ms)
		BeginReloadAssembly (644ms)
			ExecutionOrderSort (0ms)
			DisableScriptedObjects (15ms)
			BackupInstance (0ms)
			ReleaseScriptingObjects (0ms)
			CreateAndSetChildDomain (97ms)
		EndReloadAssembly (2523ms)
			LoadAssemblies (531ms)
			RebuildTransferFunctionScriptingTraits (0ms)
			SetupTypeCache (747ms)
			ReleaseScriptCaches (2ms)
			RebuildScriptCaches (118ms)
			SetupLoadedEditorAssemblies (1207ms)
				LogAssemblyErrors (0ms)
				InitializePlatformSupportModulesInManaged (46ms)
				SetLoadedEditorAssemblies (2ms)
				RefreshPlugins (1ms)
				BeforeProcessingInitializeOnLoad (179ms)
				ProcessInitializeOnLoadAttributes (853ms)
				ProcessInitializeOnLoadMethodAttributes (114ms)
				AfterProcessingInitializeOnLoad (12ms)
				EditorAssembliesLoaded (1ms)
			ExecutionOrderSort2 (0ms)
			AwakeInstancesAfterBackupRestoration (17ms)
Platform modules already initialized, skipping
Refreshing native plugins compatible for Editor in 3.29 ms, found 3 plugins.
Preloading 0 native plugins for Editor in 0.00 ms.
Unloading 3131 Unused Serialized files (Serialized files now loaded: 0)
Unloading 17 unused Assets / (80.2 KB). Loaded Objects now: 3675.
Memory consumption went from 121.5 MB to 121.4 MB.
Total: 4.560600 ms (FindLiveObjects: 0.555800 ms CreateObjectMapping: 0.330700 ms MarkObjects: 3.486900 ms  DeleteObjects: 0.185800 ms)

AssetImportParameters requested are different than current active one (requested -> active):
  custom:video-decoder-ogg-theora: a1e56fd34408186e4bbccfd4996cb3dc -> 
  custom:container-muxer-webm: aa71ff27fc2769a1b78a27578f13a17b -> 
  custom:container-demuxer-webm: 4f35f7cbe854078d1ac9338744f61a02 -> 
  custom:video-encoder-webm-vp8: eb34c28f22e8b96e1ab97ce403110664 -> 
  custom:audio-encoder-webm-vorbis: bf7c407c2cedff20999df2af8eb42d56 -> 
  custom:framework-win-MediaFoundation: 216162199b28c13a410421893ffa2e32 -> 
  custom:container-demuxer-ogg: 62fdf1f143b41e24485cea50d1cbac27 -> 
  custom:video-decoder-webm-vp8: 9c59270c3fd7afecdb556c50c9e8de78 -> 
  custom:audio-decoder-ogg-vorbis: bf7c407c2cedff20999df2af8eb42d56 -> 
========================================================================
Received Import Request.
  Time since last request: 105.643949 seconds.
  path: Assets/Scripts/PlayerController.cs
  artifactKey: Guid(0bd43816c5ccd0b4a84d7ec387ed0e1e) Importer(815301076,1909f56bfc062723c751e8b465ee728b)
Start importing Assets/Scripts/PlayerController.cs using Guid(0bd43816c5ccd0b4a84d7ec387ed0e1e) Importer(815301076,1909f56bfc062723c751e8b465ee728b)  -> (artifact id: '4e862961f94bb01ea3a4c934c091f1a8') in 0.426938 seconds 
========================================================================
Received Prepare
Registering precompiled user dll's ...
Registered in 0.006765 seconds.
Begin MonoManager ReloadAssembly
Symbol file LoadedFromMemory doesn't match image D:\GitHub\Unity\halu99\halu99\Library\PackageCache\com.unity.visualscripting@1.8.0\Editor\VisualScripting.Core\Dependencies\YamlDotNet\Unity.VisualScripting.YamlDotNet.dll
Symbol file LoadedFromMemory doesn't match image D:\GitHub\Unity\halu99\halu99\Library\PackageCache\com.unity.visualscripting@1.8.0\Editor\VisualScripting.Core\Dependencies\DotNetZip\Unity.VisualScripting.IonicZip.dll
Native extension for WindowsStandalone target not found
Native extension for Android target not found
Refreshing native plugins compatible for Editor in 0.61 ms, found 3 plugins.
Preloading 0 native plugins for Editor in 0.00 ms.
Mono: successfully reloaded assembly
- Completed reload, in  1.395 seconds
Domain Reload Profiling:
	ReloadAssembly (1395ms)
		BeginReloadAssembly (204ms)
			ExecutionOrderSort (0ms)
			DisableScriptedObjects (9ms)
			BackupInstance (0ms)
			ReleaseScriptingObjects (0ms)
			CreateAndSetChildDomain (50ms)
		EndReloadAssembly (1078ms)
			LoadAssemblies (141ms)
			RebuildTransferFunctionScriptingTraits (0ms)
			SetupTypeCache (396ms)
			ReleaseScriptCaches (1ms)
			RebuildScriptCaches (62ms)
			SetupLoadedEditorAssemblies (440ms)
				LogAssemblyErrors (0ms)
				InitializePlatformSupportModulesInManaged (22ms)
				SetLoadedEditorAssemblies (0ms)
				RefreshPlugins (1ms)
				BeforeProcessingInitializeOnLoad (95ms)
				ProcessInitializeOnLoadAttributes (287ms)
				ProcessInitializeOnLoadMethodAttributes (29ms)
				AfterProcessingInitializeOnLoad (5ms)
				EditorAssembliesLoaded (0ms)
			ExecutionOrderSort2 (0ms)
			AwakeInstancesAfterBackupRestoration (11ms)
Platform modules already initialized, skipping
Refreshing native plugins compatible for Editor in 1.98 ms, found 3 plugins.
Preloading 0 native plugins for Editor in 0.00 ms.
Unloading 3131 Unused Serialized files (Serialized files now loaded: 0)
Unloading 17 unused Assets / (80.3 KB). Loaded Objects now: 3678.
Memory consumption went from 121.5 MB to 121.4 MB.
Total: 5.871700 ms (FindLiveObjects: 0.277400 ms CreateObjectMapping: 0.211500 ms MarkObjects: 5.214600 ms  DeleteObjects: 0.166900 ms)

AssetImportParameters requested are different than current active one (requested -> active):
  custom:video-decoder-ogg-theora: a1e56fd34408186e4bbccfd4996cb3dc -> 
  custom:container-muxer-webm: aa71ff27fc2769a1b78a27578f13a17b -> 
  custom:container-demuxer-webm: 4f35f7cbe854078d1ac9338744f61a02 -> 
  custom:video-encoder-webm-vp8: eb34c28f22e8b96e1ab97ce403110664 -> 
  custom:audio-encoder-webm-vorbis: bf7c407c2cedff20999df2af8eb42d56 -> 
  custom:framework-win-MediaFoundation: 216162199b28c13a410421893ffa2e32 -> 
  custom:container-demuxer-ogg: 62fdf1f143b41e24485cea50d1cbac27 -> 
  custom:video-decoder-webm-vp8: 9c59270c3fd7afecdb556c50c9e8de78 -> 
  custom:audio-decoder-ogg-vorbis: bf7c407c2cedff20999df2af8eb42d56 -> 
========================================================================
Received Import Request.
  Time since last request: 12.347496 seconds.
  path: Assets/Resources/Prefabs/FX/DieFx.prefab
  artifactKey: Guid(3ef3ae421f71c5c4e97fe12dc2fc6312) Importer(815301076,1909f56bfc062723c751e8b465ee728b)
Start importing Assets/Resources/Prefabs/FX/DieFx.prefab using Guid(3ef3ae421f71c5c4e97fe12dc2fc6312) Importer(815301076,1909f56bfc062723c751e8b465ee728b)  -> (artifact id: '08caff7f96c0e688625399940cc62ad6') in 0.150355 seconds 
========================================================================
Received Prepare
Registering precompiled user dll's ...
Registered in 0.007958 seconds.
Begin MonoManager ReloadAssembly
Symbol file LoadedFromMemory doesn't match image D:\GitHub\Unity\halu99\halu99\Library\PackageCache\com.unity.visualscripting@1.8.0\Editor\VisualScripting.Core\Dependencies\YamlDotNet\Unity.VisualScripting.YamlDotNet.dll
Symbol file LoadedFromMemory doesn't match image D:\GitHub\Unity\halu99\halu99\Library\PackageCache\com.unity.visualscripting@1.8.0\Editor\VisualScripting.Core\Dependencies\DotNetZip\Unity.VisualScripting.IonicZip.dll
Native extension for WindowsStandalone target not found
Native extension for Android target not found
Refreshing native plugins compatible for Editor in 2.75 ms, found 3 plugins.
Preloading 0 native plugins for Editor in 0.00 ms.
Mono: successfully reloaded assembly
- Completed reload, in  2.171 seconds
Domain Reload Profiling:
	ReloadAssembly (2173ms)
		BeginReloadAssembly (196ms)
			ExecutionOrderSort (0ms)
			DisableScriptedObjects (7ms)
			BackupInstance (0ms)
			ReleaseScriptingObjects (0ms)
			CreateAndSetChildDomain (51ms)
		EndReloadAssembly (1772ms)
			LoadAssemblies (183ms)
			RebuildTransferFunctionScriptingTraits (0ms)
			SetupTypeCache (642ms)
			ReleaseScriptCaches (3ms)
			RebuildScriptCaches (105ms)
			SetupLoadedEditorAssemblies (689ms)
				LogAssemblyErrors (0ms)
				InitializePlatformSupportModulesInManaged (28ms)
				SetLoadedEditorAssemblies (1ms)
				RefreshPlugins (3ms)
				BeforeProcessingInitializeOnLoad (157ms)
				ProcessInitializeOnLoadAttributes (449ms)
				ProcessInitializeOnLoadMethodAttributes (45ms)
				AfterProcessingInitializeOnLoad (6ms)
				EditorAssembliesLoaded (0ms)
			ExecutionOrderSort2 (0ms)
			AwakeInstancesAfterBackupRestoration (11ms)
Platform modules already initialized, skipping
Refreshing native plugins compatible for Editor in 4.84 ms, found 3 plugins.
Preloading 0 native plugins for Editor in 0.00 ms.
Unloading 3131 Unused Serialized files (Serialized files now loaded: 0)
Unloading 17 unused Assets / (80.2 KB). Loaded Objects now: 3681.
Memory consumption went from 121.5 MB to 121.4 MB.
Total: 5.909700 ms (FindLiveObjects: 1.713000 ms CreateObjectMapping: 0.325900 ms MarkObjects: 3.767400 ms  DeleteObjects: 0.102200 ms)

AssetImportParameters requested are different than current active one (requested -> active):
  custom:video-decoder-ogg-theora: a1e56fd34408186e4bbccfd4996cb3dc -> 
  custom:container-muxer-webm: aa71ff27fc2769a1b78a27578f13a17b -> 
  custom:container-demuxer-webm: 4f35f7cbe854078d1ac9338744f61a02 -> 
  custom:video-encoder-webm-vp8: eb34c28f22e8b96e1ab97ce403110664 -> 
  custom:audio-encoder-webm-vorbis: bf7c407c2cedff20999df2af8eb42d56 -> 
  custom:framework-win-MediaFoundation: 216162199b28c13a410421893ffa2e32 -> 
  custom:container-demuxer-ogg: 62fdf1f143b41e24485cea50d1cbac27 -> 
  custom:video-decoder-webm-vp8: 9c59270c3fd7afecdb556c50c9e8de78 -> 
  custom:audio-decoder-ogg-vorbis: bf7c407c2cedff20999df2af8eb42d56 -> 
========================================================================
Received Import Request.
  Time since last request: 54.311375 seconds.
  path: Assets/CFXR_Effect.cs
  artifactKey: Guid(9205bc1bbacc90040a998067b5643d16) Importer(815301076,1909f56bfc062723c751e8b465ee728b)
Start importing Assets/CFXR_Effect.cs using Guid(9205bc1bbacc90040a998067b5643d16) Importer(815301076,1909f56bfc062723c751e8b465ee728b)  -> (artifact id: '16fc91f4b3d1e08b0ed7298296010eb6') in 0.016762 seconds 
========================================================================
Received Import Request.
  Time since last request: 21.542754 seconds.
  path: Assets/box/JMO Assets/Cartoon FX Remaster/CFXR Assets/Scripts
  artifactKey: Guid(90cebaa0afdacee48a8b5ea661f8a1a7) Importer(815301076,1909f56bfc062723c751e8b465ee728b)
Start importing Assets/box/JMO Assets/Cartoon FX Remaster/CFXR Assets/Scripts using Guid(90cebaa0afdacee48a8b5ea661f8a1a7) Importer(815301076,1909f56bfc062723c751e8b465ee728b)  -> (artifact id: '99bd1a0e08ace53f21792abe3b4a0e72') in 0.009331 seconds 
========================================================================
Received Import Request.
  Time since last request: 4.914944 seconds.
  path: Assets/box/JMO Assets/Cartoon FX Remaster/CFXR Assets/Scripts/CFXR_Effect.CameraShake.cs
  artifactKey: Guid(04efd1cc0f5c31c4da57d931c6665976) Importer(815301076,1909f56bfc062723c751e8b465ee728b)
Start importing Assets/box/JMO Assets/Cartoon FX Remaster/CFXR Assets/Scripts/CFXR_Effect.CameraShake.cs using Guid(04efd1cc0f5c31c4da57d931c6665976) Importer(815301076,1909f56bfc062723c751e8b465ee728b)  -> (artifact id: '29a2fac0730e9f671197a3df39e83e30') in 0.016688 seconds 
========================================================================
Received Import Request.
  Time since last request: 31.588753 seconds.
  path: Assets/box/JMO Assets/Cartoon FX Remaster/Demo Assets
  artifactKey: Guid(c9737c8fe9e6c324aa8c8ae9355a85ec) Importer(815301076,1909f56bfc062723c751e8b465ee728b)
Start importing Assets/box/JMO Assets/Cartoon FX Remaster/Demo Assets using Guid(c9737c8fe9e6c324aa8c8ae9355a85ec) Importer(815301076,1909f56bfc062723c751e8b465ee728b)  -> (artifact id: '22c7a664414f6d681ccbb341a9ad6e7c') in 0.016224 seconds 
========================================================================
Received Import Request.
  Time since last request: 0.361056 seconds.
  path: Assets/box/JMO Assets/Cartoon FX Remaster/Demo Assets/CFXR Demo Ground.mat
  artifactKey: Guid(1b0a70d23ec355549b20971e4759e119) Importer(815301076,1909f56bfc062723c751e8b465ee728b)
Start importing Assets/box/JMO Assets/Cartoon FX Remaster/Demo Assets/CFXR Demo Ground.mat using Guid(1b0a70d23ec355549b20971e4759e119) Importer(815301076,1909f56bfc062723c751e8b465ee728b)  -> (artifact id: 'fd5548597f371e774f8385011a689c27') in 0.157192 seconds 
========================================================================
Received Import Request.
  Time since last request: 15.262721 seconds.
  path: Assets/box/JMO Assets/Cartoon FX Remaster/Demo Assets/CFXR_Demo.cs
  artifactKey: Guid(35e9f6a6071b4f44fa2cf94b59d33251) Importer(815301076,1909f56bfc062723c751e8b465ee728b)
Start importing Assets/box/JMO Assets/Cartoon FX Remaster/Demo Assets/CFXR_Demo.cs using Guid(35e9f6a6071b4f44fa2cf94b59d33251) Importer(815301076,1909f56bfc062723c751e8b465ee728b)  -> (artifact id: 'c2ecac5823f518491e7b93adddbe2218') in 0.011445 seconds 
========================================================================
Received Import Request.
  Time since last request: 0.325843 seconds.
  path: Assets/box/JMO Assets/Cartoon FX Remaster/Demo Assets/CFXR_Demo_Rotate.cs
  artifactKey: Guid(1529372f6ddbfb0429260b50bc9d1aa8) Importer(815301076,1909f56bfc062723c751e8b465ee728b)
Start importing Assets/box/JMO Assets/Cartoon FX Remaster/Demo Assets/CFXR_Demo_Rotate.cs using Guid(1529372f6ddbfb0429260b50bc9d1aa8) Importer(815301076,1909f56bfc062723c751e8b465ee728b)  -> (artifact id: 'f83e7143c728e3f9459473af7dcff038') in 0.012987 seconds 
========================================================================
Received Import Request.
  Time since last request: 0.825583 seconds.
  path: Assets/box/JMO Assets/Cartoon FX Remaster/Demo Assets/CFXR_Demo_Translate.cs
  artifactKey: Guid(fd81627723031224baf6eef1b52a3f50) Importer(815301076,1909f56bfc062723c751e8b465ee728b)
Start importing Assets/box/JMO Assets/Cartoon FX Remaster/Demo Assets/CFXR_Demo_Translate.cs using Guid(fd81627723031224baf6eef1b52a3f50) Importer(815301076,1909f56bfc062723c751e8b465ee728b)  -> (artifact id: 'ba0979aabba50b74518e656c8f6ac927') in 0.009732 seconds 
========================================================================
Received Prepare
Registering precompiled user dll's ...
Registered in 0.004770 seconds.
Begin MonoManager ReloadAssembly
Symbol file LoadedFromMemory doesn't match image D:\GitHub\Unity\halu99\halu99\Library\PackageCache\com.unity.visualscripting@1.8.0\Editor\VisualScripting.Core\Dependencies\YamlDotNet\Unity.VisualScripting.YamlDotNet.dll
Symbol file LoadedFromMemory doesn't match image D:\GitHub\Unity\halu99\halu99\Library\PackageCache\com.unity.visualscripting@1.8.0\Editor\VisualScripting.Core\Dependencies\DotNetZip\Unity.VisualScripting.IonicZip.dll
Native extension for WindowsStandalone target not found
Native extension for Android target not found
Refreshing native plugins compatible for Editor in 3.52 ms, found 3 plugins.
Preloading 0 native plugins for Editor in 0.00 ms.
Mono: successfully reloaded assembly
- Completed reload, in  1.635 seconds
Domain Reload Profiling:
	ReloadAssembly (1636ms)
		BeginReloadAssembly (214ms)
			ExecutionOrderSort (0ms)
			DisableScriptedObjects (6ms)
			BackupInstance (0ms)
			ReleaseScriptingObjects (0ms)
			CreateAndSetChildDomain (53ms)
		EndReloadAssembly (1296ms)
			LoadAssemblies (147ms)
			RebuildTransferFunctionScriptingTraits (0ms)
			SetupTypeCache (589ms)
			ReleaseScriptCaches (2ms)
			RebuildScriptCaches (53ms)
			SetupLoadedEditorAssemblies (472ms)
				LogAssemblyErrors (0ms)
				InitializePlatformSupportModulesInManaged (35ms)
				SetLoadedEditorAssemblies (1ms)
				RefreshPlugins (5ms)
				BeforeProcessingInitializeOnLoad (127ms)
				ProcessInitializeOnLoadAttributes (264ms)
				ProcessInitializeOnLoadMethodAttributes (34ms)
				AfterProcessingInitializeOnLoad (6ms)
				EditorAssembliesLoaded (1ms)
			ExecutionOrderSort2 (0ms)
			AwakeInstancesAfterBackupRestoration (11ms)
Platform modules already initialized, skipping
Refreshing native plugins compatible for Editor in 1.86 ms, found 3 plugins.
Preloading 0 native plugins for Editor in 0.00 ms.
Unloading 3131 Unused Serialized files (Serialized files now loaded: 0)
Unloading 17 unused Assets / (80.4 KB). Loaded Objects now: 3684.
Memory consumption went from 121.5 MB to 121.4 MB.
Total: 3.522000 ms (FindLiveObjects: 0.315600 ms CreateObjectMapping: 0.395800 ms MarkObjects: 2.715200 ms  DeleteObjects: 0.094300 ms)

AssetImportParameters requested are different than current active one (requested -> active):
  custom:video-decoder-ogg-theora: a1e56fd34408186e4bbccfd4996cb3dc -> 
  custom:container-muxer-webm: aa71ff27fc2769a1b78a27578f13a17b -> 
  custom:container-demuxer-webm: 4f35f7cbe854078d1ac9338744f61a02 -> 
  custom:video-encoder-webm-vp8: eb34c28f22e8b96e1ab97ce403110664 -> 
  custom:audio-encoder-webm-vorbis: bf7c407c2cedff20999df2af8eb42d56 -> 
  custom:framework-win-MediaFoundation: 216162199b28c13a410421893ffa2e32 -> 
  custom:container-demuxer-ogg: 62fdf1f143b41e24485cea50d1cbac27 -> 
  custom:video-decoder-webm-vp8: 9c59270c3fd7afecdb556c50c9e8de78 -> 
  custom:audio-decoder-ogg-vorbis: bf7c407c2cedff20999df2af8eb42d56 -> 
========================================================================
Received Prepare
Registering precompiled user dll's ...
Registered in 0.004373 seconds.
Begin MonoManager ReloadAssembly
Symbol file LoadedFromMemory doesn't match image D:\GitHub\Unity\halu99\halu99\Library\PackageCache\com.unity.visualscripting@1.8.0\Editor\VisualScripting.Core\Dependencies\YamlDotNet\Unity.VisualScripting.YamlDotNet.dll
Symbol file LoadedFromMemory doesn't match image D:\GitHub\Unity\halu99\halu99\Library\PackageCache\com.unity.visualscripting@1.8.0\Editor\VisualScripting.Core\Dependencies\DotNetZip\Unity.VisualScripting.IonicZip.dll
Native extension for WindowsStandalone target not found
Native extension for Android target not found
Refreshing native plugins compatible for Editor in 0.86 ms, found 3 plugins.
Preloading 0 native plugins for Editor in 0.00 ms.
Mono: successfully reloaded assembly
- Completed reload, in  3.827 seconds
Domain Reload Profiling:
	ReloadAssembly (3828ms)
		BeginReloadAssembly (195ms)
			ExecutionOrderSort (0ms)
			DisableScriptedObjects (6ms)
			BackupInstance (0ms)
			ReleaseScriptingObjects (0ms)
			CreateAndSetChildDomain (39ms)
		EndReloadAssembly (3511ms)
			LoadAssemblies (157ms)
			RebuildTransferFunctionScriptingTraits (0ms)
			SetupTypeCache (2475ms)
			ReleaseScriptCaches (1ms)
			RebuildScriptCaches (81ms)
			SetupLoadedEditorAssemblies (749ms)
				LogAssemblyErrors (0ms)
				InitializePlatformSupportModulesInManaged (25ms)
				SetLoadedEditorAssemblies (1ms)
				RefreshPlugins (1ms)
				BeforeProcessingInitializeOnLoad (282ms)
				ProcessInitializeOnLoadAttributes (393ms)
				ProcessInitializeOnLoadMethodAttributes (43ms)
				AfterProcessingInitializeOnLoad (3ms)
				EditorAssembliesLoaded (0ms)
			ExecutionOrderSort2 (0ms)
			AwakeInstancesAfterBackupRestoration (11ms)
Platform modules already initialized, skipping
Refreshing native plugins compatible for Editor in 1.85 ms, found 3 plugins.
Preloading 0 native plugins for Editor in 0.00 ms.
Unloading 3131 Unused Serialized files (Serialized files now loaded: 0)
Unloading 17 unused Assets / (80.4 KB). Loaded Objects now: 3687.
Memory consumption went from 121.5 MB to 121.4 MB.
Total: 2.980900 ms (FindLiveObjects: 0.242000 ms CreateObjectMapping: 0.147200 ms MarkObjects: 2.492900 ms  DeleteObjects: 0.097800 ms)

AssetImportParameters requested are different than current active one (requested -> active):
  custom:video-decoder-ogg-theora: a1e56fd34408186e4bbccfd4996cb3dc -> 
  custom:container-muxer-webm: aa71ff27fc2769a1b78a27578f13a17b -> 
  custom:container-demuxer-webm: 4f35f7cbe854078d1ac9338744f61a02 -> 
  custom:video-encoder-webm-vp8: eb34c28f22e8b96e1ab97ce403110664 -> 
  custom:audio-encoder-webm-vorbis: bf7c407c2cedff20999df2af8eb42d56 -> 
  custom:framework-win-MediaFoundation: 216162199b28c13a410421893ffa2e32 -> 
  custom:container-demuxer-ogg: 62fdf1f143b41e24485cea50d1cbac27 -> 
  custom:video-decoder-webm-vp8: 9c59270c3fd7afecdb556c50c9e8de78 -> 
  custom:audio-decoder-ogg-vorbis: bf7c407c2cedff20999df2af8eb42d56 -> 
========================================================================
Received Prepare
Registering precompiled user dll's ...
Registered in 0.005153 seconds.
Begin MonoManager ReloadAssembly
Symbol file LoadedFromMemory doesn't match image D:\GitHub\Unity\halu99\halu99\Library\PackageCache\com.unity.visualscripting@1.8.0\Editor\VisualScripting.Core\Dependencies\YamlDotNet\Unity.VisualScripting.YamlDotNet.dll
Symbol file LoadedFromMemory doesn't match image D:\GitHub\Unity\halu99\halu99\Library\PackageCache\com.unity.visualscripting@1.8.0\Editor\VisualScripting.Core\Dependencies\DotNetZip\Unity.VisualScripting.IonicZip.dll
Native extension for WindowsStandalone target not found
Native extension for Android target not found
Refreshing native plugins compatible for Editor in 0.77 ms, found 3 plugins.
Preloading 0 native plugins for Editor in 0.00 ms.
Mono: successfully reloaded assembly
- Completed reload, in  1.564 seconds
Domain Reload Profiling:
	ReloadAssembly (1565ms)
		BeginReloadAssembly (198ms)
			ExecutionOrderSort (0ms)
			DisableScriptedObjects (8ms)
			BackupInstance (0ms)
			ReleaseScriptingObjects (0ms)
			CreateAndSetChildDomain (45ms)
		EndReloadAssembly (1249ms)
			LoadAssemblies (135ms)
			RebuildTransferFunctionScriptingTraits (0ms)
			SetupTypeCache (363ms)
			ReleaseScriptCaches (1ms)
			RebuildScriptCaches (52ms)
			SetupLoadedEditorAssemblies (653ms)
				LogAssemblyErrors (0ms)
				InitializePlatformSupportModulesInManaged (20ms)
				SetLoadedEditorAssemblies (1ms)
				RefreshPlugins (1ms)
				BeforeProcessingInitializeOnLoad (96ms)
				ProcessInitializeOnLoadAttributes (485ms)
				ProcessInitializeOnLoadMethodAttributes (36ms)
				AfterProcessingInitializeOnLoad (10ms)
				EditorAssembliesLoaded (3ms)
			ExecutionOrderSort2 (0ms)
			AwakeInstancesAfterBackupRestoration (15ms)
Platform modules already initialized, skipping
Refreshing native plugins compatible for Editor in 2.16 ms, found 3 plugins.
Preloading 0 native plugins for Editor in 0.00 ms.
Unloading 3131 Unused Serialized files (Serialized files now loaded: 0)
Unloading 17 unused Assets / (80.4 KB). Loaded Objects now: 3690.
Memory consumption went from 121.5 MB to 121.4 MB.
Total: 3.273300 ms (FindLiveObjects: 0.260600 ms CreateObjectMapping: 0.227300 ms MarkObjects: 2.681800 ms  DeleteObjects: 0.102400 ms)

AssetImportParameters requested are different than current active one (requested -> active):
  custom:video-decoder-ogg-theora: a1e56fd34408186e4bbccfd4996cb3dc -> 
  custom:container-muxer-webm: aa71ff27fc2769a1b78a27578f13a17b -> 
  custom:container-demuxer-webm: 4f35f7cbe854078d1ac9338744f61a02 -> 
  custom:video-encoder-webm-vp8: eb34c28f22e8b96e1ab97ce403110664 -> 
  custom:audio-encoder-webm-vorbis: bf7c407c2cedff20999df2af8eb42d56 -> 
  custom:framework-win-MediaFoundation: 216162199b28c13a410421893ffa2e32 -> 
  custom:container-demuxer-ogg: 62fdf1f143b41e24485cea50d1cbac27 -> 
  custom:video-decoder-webm-vp8: 9c59270c3fd7afecdb556c50c9e8de78 -> 
  custom:audio-decoder-ogg-vorbis: bf7c407c2cedff20999df2af8eb42d56 -> 
========================================================================
Received Prepare
Registering precompiled user dll's ...
Registered in 0.005145 seconds.
Begin MonoManager ReloadAssembly
Symbol file LoadedFromMemory doesn't match image D:\GitHub\Unity\halu99\halu99\Library\PackageCache\com.unity.visualscripting@1.8.0\Editor\VisualScripting.Core\Dependencies\YamlDotNet\Unity.VisualScripting.YamlDotNet.dll
Symbol file LoadedFromMemory doesn't match image D:\GitHub\Unity\halu99\halu99\Library\PackageCache\com.unity.visualscripting@1.8.0\Editor\VisualScripting.Core\Dependencies\DotNetZip\Unity.VisualScripting.IonicZip.dll
Native extension for WindowsStandalone target not found
Native extension for Android target not found
Refreshing native plugins compatible for Editor in 0.92 ms, found 3 plugins.
Preloading 0 native plugins for Editor in 0.00 ms.
Mono: successfully reloaded assembly
- Completed reload, in  2.422 seconds
Domain Reload Profiling:
	ReloadAssembly (2423ms)
		BeginReloadAssembly (387ms)
			ExecutionOrderSort (0ms)
			DisableScriptedObjects (9ms)
			BackupInstance (0ms)
			ReleaseScriptingObjects (0ms)
			CreateAndSetChildDomain (107ms)
		EndReloadAssembly (1789ms)
			LoadAssemblies (367ms)
			RebuildTransferFunctionScriptingTraits (0ms)
			SetupTypeCache (628ms)
			ReleaseScriptCaches (3ms)
			RebuildScriptCaches (87ms)
			SetupLoadedEditorAssemblies (695ms)
				LogAssemblyErrors (0ms)
				InitializePlatformSupportModulesInManaged (36ms)
				SetLoadedEditorAssemblies (1ms)
				RefreshPlugins (3ms)
				BeforeProcessingInitializeOnLoad (180ms)
				ProcessInitializeOnLoadAttributes (429ms)
				ProcessInitializeOnLoadMethodAttributes (39ms)
				AfterProcessingInitializeOnLoad (7ms)
				EditorAssembliesLoaded (0ms)
			ExecutionOrderSort2 (0ms)
			AwakeInstancesAfterBackupRestoration (14ms)
Platform modules already initialized, skipping
Refreshing native plugins compatible for Editor in 4.30 ms, found 3 plugins.
Preloading 0 native plugins for Editor in 0.00 ms.
Unloading 3131 Unused Serialized files (Serialized files now loaded: 0)
Unloading 17 unused Assets / (80.3 KB). Loaded Objects now: 3693.
Memory consumption went from 121.5 MB to 121.5 MB.
Total: 3.880400 ms (FindLiveObjects: 0.516900 ms CreateObjectMapping: 0.261500 ms MarkObjects: 3.007500 ms  DeleteObjects: 0.093000 ms)

AssetImportParameters requested are different than current active one (requested -> active):
  custom:video-decoder-ogg-theora: a1e56fd34408186e4bbccfd4996cb3dc -> 
  custom:container-muxer-webm: aa71ff27fc2769a1b78a27578f13a17b -> 
  custom:container-demuxer-webm: 4f35f7cbe854078d1ac9338744f61a02 -> 
  custom:video-encoder-webm-vp8: eb34c28f22e8b96e1ab97ce403110664 -> 
  custom:audio-encoder-webm-vorbis: bf7c407c2cedff20999df2af8eb42d56 -> 
  custom:framework-win-MediaFoundation: 216162199b28c13a410421893ffa2e32 -> 
  custom:container-demuxer-ogg: 62fdf1f143b41e24485cea50d1cbac27 -> 
  custom:video-decoder-webm-vp8: 9c59270c3fd7afecdb556c50c9e8de78 -> 
  custom:audio-decoder-ogg-vorbis: bf7c407c2cedff20999df2af8eb42d56 -> 
